[ 2018-04-14T02:43:17+08:00 ] 127.0.0.1 /index.php/Admin/Goods/lst
INFO: [ app_init ] --START--
INFO: Run Behavior\BuildLiteBehavior [ RunTime:0.000042s ]
INFO: [ app_init ] --END-- [ RunTime:0.000930s ]
INFO: [ app_begin ] --START--
INFO: Run Behavior\ReadHtmlCacheBehavior [ RunTime:0.001131s ]
INFO: [ app_begin ] --END-- [ RunTime:0.001320s ]
SQL: SHOW COLUMNS FROM `p39_goods` [ RunTime:0.2026s ]
SQL: SELECT COUNT(*) AS tp_count FROM p39_goods a LIMIT 1   [ RunTime:0.0062s ]
SQL: SELECT a.*,b.brand_name,c.cat_name,GROUP_CONCAT(e.cat_name SEPARATOR "<br />") ext_cat_name FROM p39_goods a LEFT JOIN p39_brand b ON a.brand_id=b.id         
                LEFT JOIN p39_category c ON a.cat_id=c.id
                LEFT JOIN p39_goods_cat d ON a.id=d.goods_id
                LEFT JOIN p39_category e ON d.cat_id=e.id  GROUP BY a.id ORDER BY a.id desc LIMIT 0,5   [ RunTime:0.1079s ]
SQL: SHOW COLUMNS FROM `p39_category` [ RunTime:0.0064s ]
SQL: SELECT * FROM `p39_category`  [ RunTime:0.0006s ]
INFO: [ view_parse ] --START--
INFO: [ template_filter ] --START--
INFO: Run Behavior\ContentReplaceBehavior [ RunTime:0.000196s ]
INFO: [ template_filter ] --END-- [ RunTime:0.000443s ]
SQL: SHOW COLUMNS FROM `p39_brand` [ RunTime:0.0063s ]
SQL: SELECT `id`,`brand_name` FROM `p39_brand`  [ RunTime:0.0004s ]
INFO: Run Behavior\ParseTemplateBehavior [ RunTime:0.065650s ]
INFO: [ view_parse ] --END-- [ RunTime:0.065882s ]
INFO: [ view_filter ] --START--
INFO: Run Behavior\WriteHtmlCacheBehavior [ RunTime:0.000862s ]
INFO: [ view_filter ] --END-- [ RunTime:0.001042s ]
INFO: [ app_end ] --START--
INFO: Run Behavior\ShowPageTraceBehavior [ RunTime:0.001123s ]
INFO: [ app_end ] --END-- [ RunTime:0.001317s ]

[ 2018-04-14T02:47:29+08:00 ] 127.0.0.1 /index.php/Admin/Goods/edit/id/31.html
INFO: [ app_init ] --START--
INFO: Run Behavior\BuildLiteBehavior [ RunTime:0.000046s ]
INFO: [ app_init ] --END-- [ RunTime:0.001074s ]
INFO: [ app_begin ] --START--
INFO: Run Behavior\ReadHtmlCacheBehavior [ RunTime:0.005289s ]
INFO: [ app_begin ] --END-- [ RunTime:0.005543s ]
SQL: SHOW COLUMNS FROM `p39_goods` [ RunTime:0.0083s ]
SQL: SELECT * FROM `p39_goods` WHERE `id` = 31 LIMIT 1   [ RunTime:0.0312s ]
SQL: SHOW COLUMNS FROM `p39_category` [ RunTime:0.0061s ]
SQL: SELECT * FROM `p39_category`  [ RunTime:0.0041s ]
SQL: SHOW COLUMNS FROM `p39_goods_cat` [ RunTime:0.0065s ]
SQL: SELECT `cat_id` FROM `p39_goods_cat` WHERE `goods_id` = '31'  [ RunTime:0.0227s ]
SQL: SHOW COLUMNS FROM `p39_attribute` [ RunTime:0.0478s ]
SQL: SELECT a.id attr_id,a.attr_name,a.attr_type,a.attr_option_values,b.attr_value,b.id FROM p39_attribute a LEFT JOIN p39_goods_attr b ON (a.id=b.attr_id AND b.goods_id=31)  WHERE a.type_id = '1'  [ RunTime:0.0426s ]
INFO: [ view_parse ] --START--
INFO: [ template_filter ] --START--
INFO: Run Behavior\ContentReplaceBehavior [ RunTime:0.000238s ]
INFO: [ template_filter ] --END-- [ RunTime:0.000476s ]
SQL: SHOW COLUMNS FROM `p39_brand` [ RunTime:0.0069s ]
SQL: SELECT `id`,`brand_name` FROM `p39_brand`  [ RunTime:0.0005s ]
NOTIC: [8] Undefined variable: mlData F:\weblx\www\php39ds\Application\Runtime\Cache\Admin\608b0c961c661bd6d45820311b4b75a7.php 第 119 行.
NOTIC: [2] Invalid argument supplied for foreach() F:\weblx\www\php39ds\Application\Runtime\Cache\Admin\608b0c961c661bd6d45820311b4b75a7.php 第 119 行.
SQL: SHOW COLUMNS FROM `p39_type` [ RunTime:0.0492s ]
SQL: SELECT `id`,`type_name` FROM `p39_type`  [ RunTime:0.0008s ]
INFO: Run Behavior\ParseTemplateBehavior [ RunTime:0.103293s ]
INFO: [ view_parse ] --END-- [ RunTime:0.103487s ]
INFO: [ view_filter ] --START--
INFO: Run Behavior\WriteHtmlCacheBehavior [ RunTime:0.001182s ]
INFO: [ view_filter ] --END-- [ RunTime:0.001362s ]
INFO: [ app_end ] --START--
INFO: Run Behavior\ShowPageTraceBehavior [ RunTime:0.001330s ]
INFO: [ app_end ] --END-- [ RunTime:0.001539s ]

[ 2018-04-14T02:59:30+08:00 ] 127.0.0.1 /index.php/Admin/Goods/edit/id/31.html
INFO: [ app_init ] --START--
INFO: Run Behavior\BuildLiteBehavior [ RunTime:0.000043s ]
INFO: [ app_init ] --END-- [ RunTime:0.001015s ]
INFO: [ app_begin ] --START--
INFO: Run Behavior\ReadHtmlCacheBehavior [ RunTime:0.001505s ]
INFO: [ app_begin ] --END-- [ RunTime:0.001970s ]
SQL: SHOW COLUMNS FROM `p39_goods` [ RunTime:0.0082s ]
SQL: SELECT * FROM `p39_goods` WHERE `id` = 31 LIMIT 1   [ RunTime:0.0005s ]
SQL: SHOW COLUMNS FROM `p39_category` [ RunTime:0.0069s ]
SQL: SELECT * FROM `p39_category`  [ RunTime:0.0004s ]
SQL: SHOW COLUMNS FROM `p39_goods_cat` [ RunTime:0.0080s ]
SQL: SELECT `cat_id` FROM `p39_goods_cat` WHERE `goods_id` = '31'  [ RunTime:0.0003s ]
SQL: SHOW COLUMNS FROM `p39_attribute` [ RunTime:0.0068s ]
SQL: SELECT a.id attr_id,a.attr_name,a.attr_type,a.attr_option_values,b.attr_value,b.id FROM p39_attribute a LEFT JOIN p39_goods_attr b ON (a.id=b.attr_id AND b.goods_id=31)  WHERE a.type_id = '1'  [ RunTime:0.0004s ]
INFO: [ view_parse ] --START--
INFO: [ template_filter ] --START--
INFO: Run Behavior\ContentReplaceBehavior [ RunTime:0.000237s ]
INFO: [ template_filter ] --END-- [ RunTime:0.000457s ]
SQL: SHOW COLUMNS FROM `p39_brand` [ RunTime:0.0069s ]
SQL: SELECT `id`,`brand_name` FROM `p39_brand`  [ RunTime:0.0004s ]
NOTIC: [8] Undefined variable: mlData F:\weblx\www\php39ds\Application\Runtime\Cache\Admin\608b0c961c661bd6d45820311b4b75a7.php 第 119 行.
NOTIC: [2] Invalid argument supplied for foreach() F:\weblx\www\php39ds\Application\Runtime\Cache\Admin\608b0c961c661bd6d45820311b4b75a7.php 第 119 行.
SQL: SHOW COLUMNS FROM `p39_type` [ RunTime:0.0062s ]
SQL: SELECT `id`,`type_name` FROM `p39_type`  [ RunTime:0.0003s ]
INFO: Run Behavior\ParseTemplateBehavior [ RunTime:0.040300s ]
INFO: [ view_parse ] --END-- [ RunTime:0.040502s ]
INFO: [ view_filter ] --START--
INFO: Run Behavior\WriteHtmlCacheBehavior [ RunTime:0.001064s ]
INFO: [ view_filter ] --END-- [ RunTime:0.001251s ]
INFO: [ app_end ] --START--
INFO: Run Behavior\ShowPageTraceBehavior [ RunTime:0.001510s ]
INFO: [ app_end ] --END-- [ RunTime:0.001701s ]

[ 2018-04-14T03:01:53+08:00 ] 127.0.0.1 /index.php/Admin/Goods/edit/id/31.html
INFO: [ app_init ] --START--
INFO: Run Behavior\BuildLiteBehavior [ RunTime:0.000045s ]
INFO: [ app_init ] --END-- [ RunTime:0.001288s ]
INFO: [ app_begin ] --START--
INFO: Run Behavior\ReadHtmlCacheBehavior [ RunTime:0.001667s ]
INFO: [ app_begin ] --END-- [ RunTime:0.001873s ]
SQL: SHOW COLUMNS FROM `p39_goods` [ RunTime:0.0068s ]
SQL: SELECT * FROM `p39_goods` WHERE `id` = 31 LIMIT 1   [ RunTime:0.0008s ]
SQL: SHOW COLUMNS FROM `p39_category` [ RunTime:0.0061s ]
SQL: SELECT * FROM `p39_category`  [ RunTime:0.0010s ]
SQL: SHOW COLUMNS FROM `p39_goods_cat` [ RunTime:0.0066s ]
SQL: SELECT `cat_id` FROM `p39_goods_cat` WHERE `goods_id` = '31'  [ RunTime:0.0004s ]
SQL: SHOW COLUMNS FROM `p39_attribute` [ RunTime:0.0069s ]
SQL: SELECT a.id attr_id,a.attr_name,a.attr_type,a.attr_option_values,b.attr_value,b.id FROM p39_attribute a LEFT JOIN p39_goods_attr b ON (a.id=b.attr_id AND b.goods_id=31)  WHERE a.type_id = '1'  [ RunTime:0.0004s ]
INFO: [ view_parse ] --START--
INFO: [ template_filter ] --START--
INFO: Run Behavior\ContentReplaceBehavior [ RunTime:0.000245s ]
INFO: [ template_filter ] --END-- [ RunTime:0.000470s ]
SQL: SHOW COLUMNS FROM `p39_brand` [ RunTime:0.0071s ]
SQL: SELECT `id`,`brand_name` FROM `p39_brand`  [ RunTime:0.0003s ]
NOTIC: [8] Undefined variable: mlData F:\weblx\www\php39ds\Application\Runtime\Cache\Admin\608b0c961c661bd6d45820311b4b75a7.php 第 119 行.
NOTIC: [2] Invalid argument supplied for foreach() F:\weblx\www\php39ds\Application\Runtime\Cache\Admin\608b0c961c661bd6d45820311b4b75a7.php 第 119 行.
SQL: SHOW COLUMNS FROM `p39_type` [ RunTime:0.0067s ]
SQL: SELECT `id`,`type_name` FROM `p39_type`  [ RunTime:0.0004s ]
INFO: Run Behavior\ParseTemplateBehavior [ RunTime:0.052239s ]
INFO: [ view_parse ] --END-- [ RunTime:0.052431s ]
INFO: [ view_filter ] --START--
INFO: Run Behavior\WriteHtmlCacheBehavior [ RunTime:0.001102s ]
INFO: [ view_filter ] --END-- [ RunTime:0.001549s ]
INFO: [ app_end ] --START--
INFO: Run Behavior\ShowPageTraceBehavior [ RunTime:0.002866s ]
INFO: [ app_end ] --END-- [ RunTime:0.003555s ]

[ 2018-04-14T03:11:29+08:00 ] 127.0.0.1 /index.php/Admin/Goods/edit/id/31.html
INFO: [ app_init ] --START--
INFO: Run Behavior\BuildLiteBehavior [ RunTime:0.000042s ]
INFO: [ app_init ] --END-- [ RunTime:0.001021s ]
INFO: [ app_begin ] --START--
INFO: Run Behavior\ReadHtmlCacheBehavior [ RunTime:0.001526s ]
INFO: [ app_begin ] --END-- [ RunTime:0.001747s ]
SQL: SHOW COLUMNS FROM `p39_goods` [ RunTime:0.0327s ]
SQL: SELECT * FROM `p39_goods` WHERE `id` = 31 LIMIT 1   [ RunTime:0.0005s ]
SQL: SHOW COLUMNS FROM `p39_category` [ RunTime:0.0070s ]
SQL: SELECT * FROM `p39_category`  [ RunTime:0.0004s ]
SQL: SHOW COLUMNS FROM `p39_goods_cat` [ RunTime:0.0066s ]
SQL: SELECT `cat_id` FROM `p39_goods_cat` WHERE `goods_id` = '31'  [ RunTime:0.0009s ]
SQL: SHOW COLUMNS FROM `p39_attribute` [ RunTime:0.0080s ]
SQL: SELECT a.id attr_id,a.attr_name,a.attr_type,a.attr_option_values,b.attr_value,b.id FROM p39_attribute a LEFT JOIN p39_goods_attr b ON (a.id=b.attr_id AND b.goods_id=31)  WHERE a.type_id = '1'  [ RunTime:0.0005s ]

[ 2018-04-14T03:11:35+08:00 ] 127.0.0.1 /index.php/Admin/Goods/edit/id/31.html
INFO: [ app_init ] --START--
INFO: Run Behavior\BuildLiteBehavior [ RunTime:0.000045s ]
INFO: [ app_init ] --END-- [ RunTime:0.000968s ]
INFO: [ app_begin ] --START--
INFO: Run Behavior\ReadHtmlCacheBehavior [ RunTime:0.001109s ]
INFO: [ app_begin ] --END-- [ RunTime:0.001297s ]
SQL: SHOW COLUMNS FROM `p39_goods` [ RunTime:0.0084s ]
SQL: SELECT * FROM `p39_goods` WHERE `id` = 31 LIMIT 1   [ RunTime:0.0004s ]
SQL: SHOW COLUMNS FROM `p39_category` [ RunTime:0.0065s ]
SQL: SELECT * FROM `p39_category`  [ RunTime:0.0004s ]
SQL: SHOW COLUMNS FROM `p39_goods_cat` [ RunTime:0.0065s ]
SQL: SELECT `cat_id` FROM `p39_goods_cat` WHERE `goods_id` = '31'  [ RunTime:0.0003s ]
SQL: SHOW COLUMNS FROM `p39_attribute` [ RunTime:0.0063s ]
SQL: SELECT a.id attr_id,a.attr_name,a.attr_type,a.attr_option_values,b.attr_value,b.id FROM p39_attribute a LEFT JOIN p39_goods_attr b ON (a.id=b.attr_id AND b.goods_id=31)  WHERE a.type_id = '1'  [ RunTime:0.0005s ]

[ 2018-04-14T03:13:44+08:00 ] 127.0.0.1 /index.php/Admin/Goods/lst
INFO: [ app_init ] --START--
INFO: Run Behavior\BuildLiteBehavior [ RunTime:0.000042s ]
INFO: [ app_init ] --END-- [ RunTime:0.000922s ]
INFO: [ app_begin ] --START--
INFO: Run Behavior\ReadHtmlCacheBehavior [ RunTime:0.001101s ]
INFO: [ app_begin ] --END-- [ RunTime:0.001293s ]
SQL: SHOW COLUMNS FROM `p39_goods` [ RunTime:0.0076s ]
SQL: SELECT COUNT(*) AS tp_count FROM p39_goods a LIMIT 1   [ RunTime:0.0020s ]
SQL: SELECT a.*,b.brand_name,c.cat_name,GROUP_CONCAT(e.cat_name SEPARATOR "<br />") ext_cat_name FROM p39_goods a LEFT JOIN p39_brand b ON a.brand_id=b.id         
                LEFT JOIN p39_category c ON a.cat_id=c.id
                LEFT JOIN p39_goods_cat d ON a.id=d.goods_id
                LEFT JOIN p39_category e ON d.cat_id=e.id  GROUP BY a.id ORDER BY a.id desc LIMIT 0,5   [ RunTime:0.0008s ]
SQL: SHOW COLUMNS FROM `p39_category` [ RunTime:0.0067s ]
SQL: SELECT * FROM `p39_category`  [ RunTime:0.0004s ]
INFO: [ view_parse ] --START--
INFO: [ template_filter ] --START--
INFO: Run Behavior\ContentReplaceBehavior [ RunTime:0.000206s ]
INFO: [ template_filter ] --END-- [ RunTime:0.000447s ]
SQL: SHOW COLUMNS FROM `p39_brand` [ RunTime:0.0062s ]
SQL: SELECT `id`,`brand_name` FROM `p39_brand`  [ RunTime:0.0004s ]
INFO: Run Behavior\ParseTemplateBehavior [ RunTime:0.036791s ]
INFO: [ view_parse ] --END-- [ RunTime:0.037011s ]
INFO: [ view_filter ] --START--
INFO: Run Behavior\WriteHtmlCacheBehavior [ RunTime:0.000826s ]
INFO: [ view_filter ] --END-- [ RunTime:0.001010s ]
INFO: [ app_end ] --START--
INFO: Run Behavior\ShowPageTraceBehavior [ RunTime:0.001105s ]
INFO: [ app_end ] --END-- [ RunTime:0.001295s ]

[ 2018-04-14T03:13:48+08:00 ] 127.0.0.1 /index.php/Admin/Goods/edit/id/31.html
INFO: [ app_init ] --START--
INFO: Run Behavior\BuildLiteBehavior [ RunTime:0.000044s ]
INFO: [ app_init ] --END-- [ RunTime:0.000951s ]
INFO: [ app_begin ] --START--
INFO: Run Behavior\ReadHtmlCacheBehavior [ RunTime:0.001237s ]
INFO: [ app_begin ] --END-- [ RunTime:0.001442s ]
SQL: SHOW COLUMNS FROM `p39_goods` [ RunTime:0.0085s ]
SQL: SELECT * FROM `p39_goods` WHERE `id` = 31 LIMIT 1   [ RunTime:0.0005s ]
SQL: SHOW COLUMNS FROM `p39_category` [ RunTime:0.0077s ]
SQL: SELECT * FROM `p39_category`  [ RunTime:0.0006s ]
SQL: SHOW COLUMNS FROM `p39_goods_cat` [ RunTime:0.0063s ]
SQL: SELECT `cat_id` FROM `p39_goods_cat` WHERE `goods_id` = '31'  [ RunTime:0.0004s ]
SQL: SHOW COLUMNS FROM `p39_attribute` [ RunTime:0.0063s ]
SQL: SELECT a.id attr_id,a.attr_name,a.attr_type,a.attr_option_values,b.attr_value,b.id FROM p39_attribute a LEFT JOIN p39_goods_attr b ON (a.id=b.attr_id AND b.goods_id=31)  WHERE a.type_id = '1'  [ RunTime:0.0004s ]

[ 2018-04-14T03:13:53+08:00 ] 127.0.0.1 /index.php/Admin/Goods/edit/id/31.html
INFO: [ app_init ] --START--
INFO: Run Behavior\BuildLiteBehavior [ RunTime:0.000043s ]
INFO: [ app_init ] --END-- [ RunTime:0.001188s ]
INFO: [ app_begin ] --START--
INFO: Run Behavior\ReadHtmlCacheBehavior [ RunTime:0.001103s ]
INFO: [ app_begin ] --END-- [ RunTime:0.001293s ]
SQL: SHOW COLUMNS FROM `p39_goods` [ RunTime:0.0082s ]
SQL: SELECT * FROM `p39_goods` WHERE `id` = 31 LIMIT 1   [ RunTime:0.0005s ]
SQL: SHOW COLUMNS FROM `p39_category` [ RunTime:0.0104s ]
SQL: SELECT * FROM `p39_category`  [ RunTime:0.0005s ]
SQL: SHOW COLUMNS FROM `p39_goods_cat` [ RunTime:0.1007s ]
SQL: SELECT `cat_id` FROM `p39_goods_cat` WHERE `goods_id` = '31'  [ RunTime:0.0003s ]
SQL: SHOW COLUMNS FROM `p39_attribute` [ RunTime:0.0081s ]
SQL: SELECT a.id attr_id,a.attr_name,a.attr_type,a.attr_option_values,b.attr_value,b.id FROM p39_attribute a LEFT JOIN p39_goods_attr b ON (a.id=b.attr_id AND b.goods_id=31)  WHERE a.type_id = '1'  [ RunTime:0.0004s ]

[ 2018-04-14T03:17:43+08:00 ] 127.0.0.1 /index.php/Admin/Goods/lst
INFO: [ app_init ] --START--
INFO: Run Behavior\BuildLiteBehavior [ RunTime:0.000045s ]
INFO: [ app_init ] --END-- [ RunTime:0.001084s ]
INFO: [ app_begin ] --START--
INFO: Run Behavior\ReadHtmlCacheBehavior [ RunTime:0.003010s ]
INFO: [ app_begin ] --END-- [ RunTime:0.003856s ]
SQL: SHOW COLUMNS FROM `p39_goods` [ RunTime:0.0070s ]
SQL: SELECT COUNT(*) AS tp_count FROM p39_goods a LIMIT 1   [ RunTime:0.0005s ]
SQL: SELECT a.*,b.brand_name,c.cat_name,GROUP_CONCAT(e.cat_name SEPARATOR "<br />") ext_cat_name FROM p39_goods a LEFT JOIN p39_brand b ON a.brand_id=b.id         
                LEFT JOIN p39_category c ON a.cat_id=c.id
                LEFT JOIN p39_goods_cat d ON a.id=d.goods_id
                LEFT JOIN p39_category e ON d.cat_id=e.id  GROUP BY a.id ORDER BY a.id desc LIMIT 0,5   [ RunTime:0.0006s ]
SQL: SHOW COLUMNS FROM `p39_category` [ RunTime:0.0072s ]
SQL: SELECT * FROM `p39_category`  [ RunTime:0.0006s ]
INFO: [ view_parse ] --START--
INFO: [ template_filter ] --START--
INFO: Run Behavior\ContentReplaceBehavior [ RunTime:0.000202s ]
INFO: [ template_filter ] --END-- [ RunTime:0.000422s ]
SQL: SHOW COLUMNS FROM `p39_brand` [ RunTime:0.0078s ]
SQL: SELECT `id`,`brand_name` FROM `p39_brand`  [ RunTime:0.0006s ]
INFO: Run Behavior\ParseTemplateBehavior [ RunTime:0.034775s ]
INFO: [ view_parse ] --END-- [ RunTime:0.035003s ]
INFO: [ view_filter ] --START--
INFO: Run Behavior\WriteHtmlCacheBehavior [ RunTime:0.001546s ]
INFO: [ view_filter ] --END-- [ RunTime:0.001731s ]
INFO: [ app_end ] --START--
INFO: Run Behavior\ShowPageTraceBehavior [ RunTime:0.002142s ]
INFO: [ app_end ] --END-- [ RunTime:0.002434s ]

[ 2018-04-14T03:17:48+08:00 ] 127.0.0.1 /index.php/Admin/Goods/edit/id/31.html
INFO: [ app_init ] --START--
INFO: Run Behavior\BuildLiteBehavior [ RunTime:0.000043s ]
INFO: [ app_init ] --END-- [ RunTime:0.000944s ]
INFO: [ app_begin ] --START--
INFO: Run Behavior\ReadHtmlCacheBehavior [ RunTime:0.001103s ]
INFO: [ app_begin ] --END-- [ RunTime:0.001293s ]
SQL: SHOW COLUMNS FROM `p39_goods` [ RunTime:0.0080s ]
SQL: SELECT * FROM `p39_goods` WHERE `id` = 31 LIMIT 1   [ RunTime:0.0005s ]
SQL: SHOW COLUMNS FROM `p39_category` [ RunTime:0.0078s ]
SQL: SELECT * FROM `p39_category`  [ RunTime:0.0005s ]
SQL: SHOW COLUMNS FROM `p39_goods_cat` [ RunTime:0.0072s ]
SQL: SELECT `cat_id` FROM `p39_goods_cat` WHERE `goods_id` = '31'  [ RunTime:0.0004s ]
SQL: SHOW COLUMNS FROM `p39_attribute` [ RunTime:0.0065s ]
SQL: SELECT a.id attr_id,a.attr_name,a.attr_type,a.attr_option_values,b.attr_value,b.id FROM p39_attribute a LEFT JOIN p39_goods_attr b ON (a.id=b.attr_id AND b.goods_id=31)  WHERE a.type_id = '1'  [ RunTime:0.0007s ]
INFO: [ view_parse ] --START--
INFO: [ template_filter ] --START--
INFO: Run Behavior\ContentReplaceBehavior [ RunTime:0.000251s ]
INFO: [ template_filter ] --END-- [ RunTime:0.000473s ]
SQL: SHOW COLUMNS FROM `p39_brand` [ RunTime:0.0076s ]
SQL: SELECT `id`,`brand_name` FROM `p39_brand`  [ RunTime:0.0003s ]
NOTIC: [8] Undefined variable: mlData F:\weblx\www\php39ds\Application\Runtime\Cache\Admin\608b0c961c661bd6d45820311b4b75a7.php 第 119 行.
NOTIC: [2] Invalid argument supplied for foreach() F:\weblx\www\php39ds\Application\Runtime\Cache\Admin\608b0c961c661bd6d45820311b4b75a7.php 第 119 行.
SQL: SHOW COLUMNS FROM `p39_type` [ RunTime:0.0072s ]
SQL: SELECT `id`,`type_name` FROM `p39_type`  [ RunTime:0.0003s ]
INFO: Run Behavior\ParseTemplateBehavior [ RunTime:0.045048s ]
INFO: [ view_parse ] --END-- [ RunTime:0.045261s ]
INFO: [ view_filter ] --START--
INFO: Run Behavior\WriteHtmlCacheBehavior [ RunTime:0.001515s ]
INFO: [ view_filter ] --END-- [ RunTime:0.001760s ]
INFO: [ app_end ] --START--
INFO: Run Behavior\ShowPageTraceBehavior [ RunTime:0.001386s ]
INFO: [ app_end ] --END-- [ RunTime:0.001859s ]

[ 2018-04-14T03:18:36+08:00 ] 127.0.0.1 /index.php/Admin/Goods/edit/id/31.html
INFO: [ app_init ] --START--
INFO: Run Behavior\BuildLiteBehavior [ RunTime:0.000042s ]
INFO: [ app_init ] --END-- [ RunTime:0.000933s ]
INFO: [ app_begin ] --START--
INFO: Run Behavior\ReadHtmlCacheBehavior [ RunTime:0.001325s ]
INFO: [ app_begin ] --END-- [ RunTime:0.001526s ]
SQL: SHOW COLUMNS FROM `p39_goods` [ RunTime:0.0073s ]

[ 2018-04-14T03:18:42+08:00 ] 127.0.0.1 /index.php/Admin/Goods/edit/id/31.html
INFO: [ app_init ] --START--
INFO: Run Behavior\BuildLiteBehavior [ RunTime:0.000042s ]
INFO: [ app_init ] --END-- [ RunTime:0.000932s ]
INFO: [ app_begin ] --START--
INFO: Run Behavior\ReadHtmlCacheBehavior [ RunTime:0.001108s ]
INFO: [ app_begin ] --END-- [ RunTime:0.001305s ]
SQL: SHOW COLUMNS FROM `p39_goods` [ RunTime:0.0068s ]

[ 2018-04-14T03:19:40+08:00 ] 127.0.0.1 /index.php/Admin/Goods/edit/id/31.html
INFO: [ app_init ] --START--
INFO: Run Behavior\BuildLiteBehavior [ RunTime:0.000040s ]
INFO: [ app_init ] --END-- [ RunTime:0.000904s ]
INFO: [ app_begin ] --START--
INFO: Run Behavior\ReadHtmlCacheBehavior [ RunTime:0.001042s ]
INFO: [ app_begin ] --END-- [ RunTime:0.001232s ]
SQL: SHOW COLUMNS FROM `p39_goods` [ RunTime:0.0066s ]

[ 2018-04-14T03:19:52+08:00 ] 127.0.0.1 /index.php/Admin/Goods/edit/id/31.html
INFO: [ app_init ] --START--
INFO: Run Behavior\BuildLiteBehavior [ RunTime:0.000043s ]
INFO: [ app_init ] --END-- [ RunTime:0.001035s ]
INFO: [ app_begin ] --START--
INFO: Run Behavior\ReadHtmlCacheBehavior [ RunTime:0.005629s ]
INFO: [ app_begin ] --END-- [ RunTime:0.005857s ]
SQL: SHOW COLUMNS FROM `p39_goods` [ RunTime:0.0077s ]
SQL: SELECT * FROM `p39_goods` WHERE `id` = 31 LIMIT 1   [ RunTime:0.0006s ]
SQL: SHOW COLUMNS FROM `p39_category` [ RunTime:0.0084s ]
SQL: SELECT * FROM `p39_category`  [ RunTime:0.0005s ]
SQL: SHOW COLUMNS FROM `p39_goods_cat` [ RunTime:0.0070s ]
SQL: SELECT `cat_id` FROM `p39_goods_cat` WHERE `goods_id` = '31'  [ RunTime:0.0004s ]
SQL: SHOW COLUMNS FROM `p39_attribute` [ RunTime:0.0074s ]
SQL: SELECT a.id attr_id,a.attr_name,a.attr_type,a.attr_option_values,b.attr_value,b.id FROM p39_attribute a LEFT JOIN p39_goods_attr b ON (a.id=b.attr_id AND b.goods_id=31)  WHERE a.type_id = '1'  [ RunTime:0.0004s ]
INFO: [ view_parse ] --START--
INFO: [ template_filter ] --START--
INFO: Run Behavior\ContentReplaceBehavior [ RunTime:0.000254s ]
INFO: [ template_filter ] --END-- [ RunTime:0.000486s ]
SQL: SHOW COLUMNS FROM `p39_brand` [ RunTime:0.0072s ]
SQL: SELECT `id`,`brand_name` FROM `p39_brand`  [ RunTime:0.0003s ]
NOTIC: [8] Undefined variable: mlData F:\weblx\www\php39ds\Application\Runtime\Cache\Admin\608b0c961c661bd6d45820311b4b75a7.php 第 119 行.
NOTIC: [2] Invalid argument supplied for foreach() F:\weblx\www\php39ds\Application\Runtime\Cache\Admin\608b0c961c661bd6d45820311b4b75a7.php 第 119 行.
SQL: SHOW COLUMNS FROM `p39_type` [ RunTime:0.0070s ]
SQL: SELECT `id`,`type_name` FROM `p39_type`  [ RunTime:0.0003s ]
INFO: Run Behavior\ParseTemplateBehavior [ RunTime:0.044277s ]
INFO: [ view_parse ] --END-- [ RunTime:0.044473s ]
INFO: [ view_filter ] --START--
INFO: Run Behavior\WriteHtmlCacheBehavior [ RunTime:0.001185s ]
INFO: [ view_filter ] --END-- [ RunTime:0.001390s ]
INFO: [ app_end ] --START--
INFO: Run Behavior\ShowPageTraceBehavior [ RunTime:0.001694s ]
INFO: [ app_end ] --END-- [ RunTime:0.001914s ]

[ 2018-04-14T03:19:59+08:00 ] 127.0.0.1 /index.php/Admin/Goods/edit/id/31.html
INFO: [ app_init ] --START--
INFO: Run Behavior\BuildLiteBehavior [ RunTime:0.000059s ]
INFO: [ app_init ] --END-- [ RunTime:0.000943s ]
INFO: [ app_begin ] --START--
INFO: Run Behavior\ReadHtmlCacheBehavior [ RunTime:0.001159s ]
INFO: [ app_begin ] --END-- [ RunTime:0.001373s ]
SQL: SHOW COLUMNS FROM `p39_goods` [ RunTime:0.0065s ]

[ 2018-04-14T03:20:08+08:00 ] 127.0.0.1 /index.php/Admin/Goods/edit/id/31.html
INFO: [ app_init ] --START--
INFO: Run Behavior\BuildLiteBehavior [ RunTime:0.000042s ]
INFO: [ app_init ] --END-- [ RunTime:0.001110s ]
INFO: [ app_begin ] --START--
INFO: Run Behavior\ReadHtmlCacheBehavior [ RunTime:0.001046s ]
INFO: [ app_begin ] --END-- [ RunTime:0.001239s ]
SQL: SHOW COLUMNS FROM `p39_goods` [ RunTime:0.0076s ]

[ 2018-04-14T05:17:30+08:00 ] 127.0.0.1 /index.php/Admin/Goods/lst
INFO: [ app_init ] --START--
INFO: Run Behavior\BuildLiteBehavior [ RunTime:0.000050s ]
INFO: [ app_init ] --END-- [ RunTime:0.001215s ]
INFO: [ app_begin ] --START--
INFO: Run Behavior\ReadHtmlCacheBehavior [ RunTime:0.001366s ]
INFO: [ app_begin ] --END-- [ RunTime:0.001571s ]
SQL: SHOW COLUMNS FROM `p39_goods` [ RunTime:0.4837s ]
SQL: SELECT COUNT(*) AS tp_count FROM p39_goods a LIMIT 1   [ RunTime:0.0011s ]
SQL: SELECT a.*,b.brand_name,c.cat_name,GROUP_CONCAT(e.cat_name SEPARATOR "<br />") ext_cat_name FROM p39_goods a LEFT JOIN p39_brand b ON a.brand_id=b.id         
                LEFT JOIN p39_category c ON a.cat_id=c.id
                LEFT JOIN p39_goods_cat d ON a.id=d.goods_id
                LEFT JOIN p39_category e ON d.cat_id=e.id  GROUP BY a.id ORDER BY a.id desc LIMIT 0,5   [ RunTime:0.0006s ]
SQL: SHOW COLUMNS FROM `p39_category` [ RunTime:0.0247s ]
SQL: SELECT * FROM `p39_category`  [ RunTime:0.0009s ]
INFO: [ view_parse ] --START--
INFO: [ template_filter ] --START--
INFO: Run Behavior\ContentReplaceBehavior [ RunTime:0.000199s ]
INFO: [ template_filter ] --END-- [ RunTime:0.000437s ]
SQL: SHOW COLUMNS FROM `p39_brand` [ RunTime:0.0162s ]
SQL: SELECT `id`,`brand_name` FROM `p39_brand`  [ RunTime:0.0003s ]
INFO: Run Behavior\ParseTemplateBehavior [ RunTime:0.184722s ]
INFO: [ view_parse ] --END-- [ RunTime:0.184928s ]
INFO: [ view_filter ] --START--
INFO: Run Behavior\WriteHtmlCacheBehavior [ RunTime:0.001159s ]
INFO: [ view_filter ] --END-- [ RunTime:0.001350s ]
INFO: [ app_end ] --START--
INFO: Run Behavior\ShowPageTraceBehavior [ RunTime:0.001482s ]
INFO: [ app_end ] --END-- [ RunTime:0.001698s ]

[ 2018-04-14T05:17:39+08:00 ] 127.0.0.1 /index.php/Admin/Goods/edit/id/31.html
INFO: [ app_init ] --START--
INFO: Run Behavior\BuildLiteBehavior [ RunTime:0.000442s ]
INFO: [ app_init ] --END-- [ RunTime:0.001979s ]
INFO: [ app_begin ] --START--
INFO: Run Behavior\ReadHtmlCacheBehavior [ RunTime:0.001172s ]
INFO: [ app_begin ] --END-- [ RunTime:0.001366s ]
SQL: SHOW COLUMNS FROM `p39_goods` [ RunTime:0.0073s ]
SQL: SELECT * FROM `p39_goods` WHERE `id` = 31 LIMIT 1   [ RunTime:0.0005s ]
SQL: SHOW COLUMNS FROM `p39_category` [ RunTime:0.0143s ]
SQL: SELECT * FROM `p39_category`  [ RunTime:0.0007s ]
SQL: SHOW COLUMNS FROM `p39_goods_cat` [ RunTime:0.0333s ]
SQL: SELECT `cat_id` FROM `p39_goods_cat` WHERE `goods_id` = '31'  [ RunTime:0.0003s ]
SQL: SHOW COLUMNS FROM `p39_attribute` [ RunTime:0.0857s ]
SQL: SELECT a.id attr_id,a.attr_name,a.attr_type,a.attr_option_values,b.attr_value,b.id FROM p39_attribute a LEFT JOIN p39_goods_attr b ON (a.id=b.attr_id AND b.goods_id=31)  WHERE a.type_id = '1'  [ RunTime:0.0005s ]
INFO: [ view_parse ] --START--
INFO: [ template_filter ] --START--
INFO: Run Behavior\ContentReplaceBehavior [ RunTime:0.000314s ]
INFO: [ template_filter ] --END-- [ RunTime:0.000549s ]
SQL: SHOW COLUMNS FROM `p39_brand` [ RunTime:0.0061s ]
SQL: SELECT `id`,`brand_name` FROM `p39_brand`  [ RunTime:0.0004s ]
NOTIC: [8] Undefined variable: mlData F:\weblx\www\php39ds\Application\Runtime\Cache\Admin\608b0c961c661bd6d45820311b4b75a7.php 第 119 行.
NOTIC: [2] Invalid argument supplied for foreach() F:\weblx\www\php39ds\Application\Runtime\Cache\Admin\608b0c961c661bd6d45820311b4b75a7.php 第 119 行.
SQL: SHOW COLUMNS FROM `p39_type` [ RunTime:0.0461s ]
SQL: SELECT `id`,`type_name` FROM `p39_type`  [ RunTime:0.0005s ]
INFO: Run Behavior\ParseTemplateBehavior [ RunTime:0.098253s ]
INFO: [ view_parse ] --END-- [ RunTime:0.098443s ]
INFO: [ view_filter ] --START--
INFO: Run Behavior\WriteHtmlCacheBehavior [ RunTime:0.000819s ]
INFO: [ view_filter ] --END-- [ RunTime:0.001002s ]
INFO: [ app_end ] --START--
INFO: Run Behavior\ShowPageTraceBehavior [ RunTime:0.001284s ]
INFO: [ app_end ] --END-- [ RunTime:0.001519s ]

[ 2018-04-14T05:22:35+08:00 ] 127.0.0.1 /index.php/Admin/Goods/edit/id/31.html
INFO: [ app_init ] --START--
INFO: Run Behavior\BuildLiteBehavior [ RunTime:0.000045s ]
INFO: [ app_init ] --END-- [ RunTime:0.001142s ]
INFO: [ app_begin ] --START--
INFO: Run Behavior\ReadHtmlCacheBehavior [ RunTime:0.001358s ]
INFO: [ app_begin ] --END-- [ RunTime:0.001557s ]
SQL: SHOW COLUMNS FROM `p39_goods` [ RunTime:0.0108s ]
SQL: SELECT * FROM `p39_goods` WHERE `id` = 31 LIMIT 1   [ RunTime:0.0006s ]
SQL: SHOW COLUMNS FROM `p39_category` [ RunTime:0.0159s ]
SQL: SELECT * FROM `p39_category`  [ RunTime:0.0004s ]
SQL: SHOW COLUMNS FROM `p39_goods_cat` [ RunTime:0.0070s ]
SQL: SELECT `cat_id` FROM `p39_goods_cat` WHERE `goods_id` = '31'  [ RunTime:0.0003s ]
SQL: SHOW COLUMNS FROM `p39_attribute` [ RunTime:0.0066s ]
SQL: SELECT a.id attr_id,a.attr_name,a.attr_type,a.attr_option_values,b.attr_value,b.id FROM p39_attribute a LEFT JOIN p39_goods_attr b ON (a.id=b.attr_id AND b.goods_id=31)  WHERE a.type_id = '1'  [ RunTime:0.0004s ]
INFO: [ view_parse ] --START--
INFO: [ template_filter ] --START--
INFO: Run Behavior\ContentReplaceBehavior [ RunTime:0.000245s ]
INFO: [ template_filter ] --END-- [ RunTime:0.000494s ]
SQL: SHOW COLUMNS FROM `p39_brand` [ RunTime:0.0069s ]
SQL: SELECT `id`,`brand_name` FROM `p39_brand`  [ RunTime:0.0003s ]
NOTIC: [8] Undefined variable: mlData F:\weblx\www\php39ds\Application\Runtime\Cache\Admin\608b0c961c661bd6d45820311b4b75a7.php 第 119 行.
NOTIC: [2] Invalid argument supplied for foreach() F:\weblx\www\php39ds\Application\Runtime\Cache\Admin\608b0c961c661bd6d45820311b4b75a7.php 第 119 行.
SQL: SHOW COLUMNS FROM `p39_type` [ RunTime:0.0073s ]
SQL: SELECT `id`,`type_name` FROM `p39_type`  [ RunTime:0.0003s ]
INFO: Run Behavior\ParseTemplateBehavior [ RunTime:0.042868s ]
INFO: [ view_parse ] --END-- [ RunTime:0.043064s ]
INFO: [ view_filter ] --START--
INFO: Run Behavior\WriteHtmlCacheBehavior [ RunTime:0.001202s ]
INFO: [ view_filter ] --END-- [ RunTime:0.001394s ]
INFO: [ app_end ] --START--
INFO: Run Behavior\ShowPageTraceBehavior [ RunTime:0.001309s ]
INFO: [ app_end ] --END-- [ RunTime:0.001505s ]

[ 2018-04-14T05:23:19+08:00 ] 127.0.0.1 /index.php/Admin/Goods/edit/id/31.html
INFO: [ app_init ] --START--
INFO: Run Behavior\BuildLiteBehavior [ RunTime:0.000044s ]
INFO: [ app_init ] --END-- [ RunTime:0.000941s ]
INFO: [ app_begin ] --START--
INFO: Run Behavior\ReadHtmlCacheBehavior [ RunTime:0.001099s ]
INFO: [ app_begin ] --END-- [ RunTime:0.001301s ]
SQL: SHOW COLUMNS FROM `p39_goods` [ RunTime:0.0144s ]
SQL: SELECT * FROM `p39_goods` WHERE `id` = 31 LIMIT 1   [ RunTime:0.0004s ]
SQL: SHOW COLUMNS FROM `p39_category` [ RunTime:0.0070s ]
SQL: SELECT * FROM `p39_category`  [ RunTime:0.0005s ]
SQL: SHOW COLUMNS FROM `p39_goods_cat` [ RunTime:0.0066s ]
SQL: SELECT `cat_id` FROM `p39_goods_cat` WHERE `goods_id` = '31'  [ RunTime:0.0012s ]
SQL: SHOW COLUMNS FROM `p39_attribute` [ RunTime:0.0067s ]
SQL: SELECT a.id attr_id,a.attr_name,a.attr_type,a.attr_option_values,b.attr_value,b.id FROM p39_attribute a LEFT JOIN p39_goods_attr b ON (a.id=b.attr_id AND b.goods_id=31)  WHERE a.type_id = '1'  [ RunTime:0.0004s ]
INFO: [ view_parse ] --START--
INFO: [ template_filter ] --START--
INFO: Run Behavior\ContentReplaceBehavior [ RunTime:0.000242s ]
INFO: [ template_filter ] --END-- [ RunTime:0.000461s ]
SQL: SHOW COLUMNS FROM `p39_brand` [ RunTime:0.0071s ]
SQL: SELECT `id`,`brand_name` FROM `p39_brand`  [ RunTime:0.0003s ]
NOTIC: [8] Undefined variable: mlData F:\weblx\www\php39ds\Application\Runtime\Cache\Admin\608b0c961c661bd6d45820311b4b75a7.php 第 119 行.
NOTIC: [2] Invalid argument supplied for foreach() F:\weblx\www\php39ds\Application\Runtime\Cache\Admin\608b0c961c661bd6d45820311b4b75a7.php 第 119 行.
SQL: SHOW COLUMNS FROM `p39_type` [ RunTime:0.0073s ]
SQL: SELECT `id`,`type_name` FROM `p39_type`  [ RunTime:0.0003s ]
INFO: Run Behavior\ParseTemplateBehavior [ RunTime:0.042218s ]
INFO: [ view_parse ] --END-- [ RunTime:0.042442s ]
INFO: [ view_filter ] --START--
INFO: Run Behavior\WriteHtmlCacheBehavior [ RunTime:0.000873s ]
INFO: [ view_filter ] --END-- [ RunTime:0.001064s ]
INFO: [ app_end ] --START--
INFO: Run Behavior\ShowPageTraceBehavior [ RunTime:0.001157s ]
INFO: [ app_end ] --END-- [ RunTime:0.001356s ]

[ 2018-04-14T05:24:46+08:00 ] 127.0.0.1 /index.php/Admin/Goods/edit/id/31.html
INFO: [ app_init ] --START--
INFO: Run Behavior\BuildLiteBehavior [ RunTime:0.000046s ]
INFO: [ app_init ] --END-- [ RunTime:0.001857s ]
INFO: [ app_begin ] --START--
INFO: Run Behavior\ReadHtmlCacheBehavior [ RunTime:0.001396s ]
INFO: [ app_begin ] --END-- [ RunTime:0.001601s ]
SQL: SHOW COLUMNS FROM `p39_goods` [ RunTime:0.0069s ]

[ 2018-04-14T05:24:52+08:00 ] 127.0.0.1 /index.php/Admin/Goods/edit/id/31.html
INFO: [ app_init ] --START--
INFO: Run Behavior\BuildLiteBehavior [ RunTime:0.000041s ]
INFO: [ app_init ] --END-- [ RunTime:0.000933s ]
INFO: [ app_begin ] --START--
INFO: Run Behavior\ReadHtmlCacheBehavior [ RunTime:0.001029s ]
INFO: [ app_begin ] --END-- [ RunTime:0.001219s ]
SQL: SHOW COLUMNS FROM `p39_goods` [ RunTime:0.0077s ]

[ 2018-04-14T05:26:47+08:00 ] 127.0.0.1 /index.php/Admin/Goods/edit/id/31.html
INFO: [ app_init ] --START--
INFO: Run Behavior\BuildLiteBehavior [ RunTime:0.000041s ]
INFO: [ app_init ] --END-- [ RunTime:0.000902s ]
INFO: [ app_begin ] --START--
INFO: Run Behavior\ReadHtmlCacheBehavior [ RunTime:0.001068s ]
INFO: [ app_begin ] --END-- [ RunTime:0.001254s ]
SQL: SHOW COLUMNS FROM `p39_goods` [ RunTime:0.0073s ]
SQL: SELECT * FROM `p39_goods` WHERE `id` = 31 LIMIT 1   [ RunTime:0.0005s ]
SQL: SHOW COLUMNS FROM `p39_category` [ RunTime:0.0071s ]
SQL: SELECT * FROM `p39_category`  [ RunTime:0.0005s ]
SQL: SHOW COLUMNS FROM `p39_goods_cat` [ RunTime:0.0057s ]
SQL: SELECT `cat_id` FROM `p39_goods_cat` WHERE `goods_id` = '31'  [ RunTime:0.0003s ]
SQL: SHOW COLUMNS FROM `p39_attribute` [ RunTime:0.0060s ]
SQL: SELECT a.id attr_id,a.attr_name,a.attr_type,a.attr_option_values,b.attr_value,b.id FROM p39_attribute a LEFT JOIN p39_goods_attr b ON (a.id=b.attr_id AND b.goods_id=31)  WHERE a.type_id = '1'  [ RunTime:0.0004s ]
INFO: [ view_parse ] --START--
INFO: [ template_filter ] --START--
INFO: Run Behavior\ContentReplaceBehavior [ RunTime:0.000243s ]
INFO: [ template_filter ] --END-- [ RunTime:0.000460s ]
SQL: SHOW COLUMNS FROM `p39_brand` [ RunTime:0.0061s ]
SQL: SELECT `id`,`brand_name` FROM `p39_brand`  [ RunTime:0.0003s ]
NOTIC: [8] Undefined variable: mlData F:\weblx\www\php39ds\Application\Runtime\Cache\Admin\608b0c961c661bd6d45820311b4b75a7.php 第 119 行.
NOTIC: [2] Invalid argument supplied for foreach() F:\weblx\www\php39ds\Application\Runtime\Cache\Admin\608b0c961c661bd6d45820311b4b75a7.php 第 119 行.
SQL: SHOW COLUMNS FROM `p39_type` [ RunTime:0.0063s ]
SQL: SELECT `id`,`type_name` FROM `p39_type`  [ RunTime:0.0004s ]
INFO: Run Behavior\ParseTemplateBehavior [ RunTime:0.040255s ]
INFO: [ view_parse ] --END-- [ RunTime:0.040443s ]
INFO: [ view_filter ] --START--
INFO: Run Behavior\WriteHtmlCacheBehavior [ RunTime:0.001200s ]
INFO: [ view_filter ] --END-- [ RunTime:0.001386s ]
INFO: [ app_end ] --START--
INFO: Run Behavior\ShowPageTraceBehavior [ RunTime:0.002220s ]
INFO: [ app_end ] --END-- [ RunTime:0.002441s ]

[ 2018-04-14T05:26:51+08:00 ] 127.0.0.1 /index.php/Admin/Goods/edit/id/31.html
INFO: [ app_init ] --START--
INFO: Run Behavior\BuildLiteBehavior [ RunTime:0.000044s ]
INFO: [ app_init ] --END-- [ RunTime:0.001045s ]
INFO: [ app_begin ] --START--
INFO: Run Behavior\ReadHtmlCacheBehavior [ RunTime:0.002016s ]
INFO: [ app_begin ] --END-- [ RunTime:0.002211s ]
SQL: SHOW COLUMNS FROM `p39_goods` [ RunTime:0.0098s ]
SQL: SELECT * FROM `p39_goods` WHERE `id` = 31 LIMIT 1   [ RunTime:0.0008s ]
SQL: SHOW COLUMNS FROM `p39_category` [ RunTime:0.0060s ]
SQL: SELECT * FROM `p39_category`  [ RunTime:0.0015s ]
SQL: SHOW COLUMNS FROM `p39_goods_cat` [ RunTime:0.0058s ]
SQL: SELECT `cat_id` FROM `p39_goods_cat` WHERE `goods_id` = '31'  [ RunTime:0.0005s ]
SQL: SHOW COLUMNS FROM `p39_attribute` [ RunTime:0.0067s ]
SQL: SELECT a.id attr_id,a.attr_name,a.attr_type,a.attr_option_values,b.attr_value,b.id FROM p39_attribute a LEFT JOIN p39_goods_attr b ON (a.id=b.attr_id AND b.goods_id=31)  WHERE a.type_id = '1'  [ RunTime:0.0004s ]
INFO: [ view_parse ] --START--
INFO: [ template_filter ] --START--
INFO: Run Behavior\ContentReplaceBehavior [ RunTime:0.000246s ]
INFO: [ template_filter ] --END-- [ RunTime:0.000463s ]
SQL: SHOW COLUMNS FROM `p39_brand` [ RunTime:0.0069s ]
SQL: SELECT `id`,`brand_name` FROM `p39_brand`  [ RunTime:0.0003s ]
NOTIC: [8] Undefined variable: mlData F:\weblx\www\php39ds\Application\Runtime\Cache\Admin\608b0c961c661bd6d45820311b4b75a7.php 第 119 行.
NOTIC: [2] Invalid argument supplied for foreach() F:\weblx\www\php39ds\Application\Runtime\Cache\Admin\608b0c961c661bd6d45820311b4b75a7.php 第 119 行.
SQL: SHOW COLUMNS FROM `p39_type` [ RunTime:0.0076s ]
SQL: SELECT `id`,`type_name` FROM `p39_type`  [ RunTime:0.0003s ]
INFO: Run Behavior\ParseTemplateBehavior [ RunTime:0.041000s ]
INFO: [ view_parse ] --END-- [ RunTime:0.041188s ]
INFO: [ view_filter ] --START--
INFO: Run Behavior\WriteHtmlCacheBehavior [ RunTime:0.000793s ]
INFO: [ view_filter ] --END-- [ RunTime:0.000975s ]
INFO: [ app_end ] --START--
INFO: Run Behavior\ShowPageTraceBehavior [ RunTime:0.001153s ]
INFO: [ app_end ] --END-- [ RunTime:0.001350s ]

[ 2018-04-14T05:27:02+08:00 ] 127.0.0.1 /index.php/Admin/Goods/edit/id/31.html
INFO: [ app_init ] --START--
INFO: Run Behavior\BuildLiteBehavior [ RunTime:0.000041s ]
INFO: [ app_init ] --END-- [ RunTime:0.000912s ]
INFO: [ app_begin ] --START--
INFO: Run Behavior\ReadHtmlCacheBehavior [ RunTime:0.001040s ]
INFO: [ app_begin ] --END-- [ RunTime:0.001231s ]
SQL: SHOW COLUMNS FROM `p39_goods` [ RunTime:0.0079s ]

[ 2018-04-14T05:50:33+08:00 ] 127.0.0.1 /index.php/Admin/Goods/edit/id/31.html
INFO: [ app_init ] --START--
INFO: Run Behavior\BuildLiteBehavior [ RunTime:0.000041s ]
INFO: [ app_init ] --END-- [ RunTime:0.001094s ]
INFO: [ app_begin ] --START--
INFO: Run Behavior\ReadHtmlCacheBehavior [ RunTime:0.001552s ]
INFO: [ app_begin ] --END-- [ RunTime:0.001746s ]
SQL: SHOW COLUMNS FROM `p39_goods` [ RunTime:0.0084s ]
SQL: SELECT * FROM `p39_goods` WHERE `id` = 31 LIMIT 1   [ RunTime:0.0005s ]
SQL: SHOW COLUMNS FROM `p39_category` [ RunTime:0.0059s ]
SQL: SELECT * FROM `p39_category`  [ RunTime:0.0005s ]
SQL: SHOW COLUMNS FROM `p39_goods_cat` [ RunTime:0.0059s ]
SQL: SELECT `cat_id` FROM `p39_goods_cat` WHERE `goods_id` = '31'  [ RunTime:0.0009s ]
SQL: SHOW COLUMNS FROM `p39_attribute` [ RunTime:0.0134s ]
SQL: SELECT a.id attr_id,a.attr_name,a.attr_type,a.attr_option_values,b.attr_value,b.id FROM p39_attribute a LEFT JOIN p39_goods_attr b ON (a.id=b.attr_id AND b.goods_id=31)  WHERE a.type_id = '1'  [ RunTime:0.0039s ]
INFO: [ view_parse ] --START--
INFO: [ template_filter ] --START--
INFO: Run Behavior\ContentReplaceBehavior [ RunTime:0.000242s ]
INFO: [ template_filter ] --END-- [ RunTime:0.000457s ]
SQL: SHOW COLUMNS FROM `p39_brand` [ RunTime:0.0088s ]
SQL: SELECT `id`,`brand_name` FROM `p39_brand`  [ RunTime:0.0003s ]
NOTIC: [8] Undefined variable: mlData F:\weblx\www\php39ds\Application\Runtime\Cache\Admin\608b0c961c661bd6d45820311b4b75a7.php 第 119 行.
NOTIC: [2] Invalid argument supplied for foreach() F:\weblx\www\php39ds\Application\Runtime\Cache\Admin\608b0c961c661bd6d45820311b4b75a7.php 第 119 行.
SQL: SHOW COLUMNS FROM `p39_type` [ RunTime:0.0094s ]
SQL: SELECT `id`,`type_name` FROM `p39_type`  [ RunTime:0.0004s ]
INFO: Run Behavior\ParseTemplateBehavior [ RunTime:0.045911s ]
INFO: [ view_parse ] --END-- [ RunTime:0.046101s ]
INFO: [ view_filter ] --START--
INFO: Run Behavior\WriteHtmlCacheBehavior [ RunTime:0.000982s ]
INFO: [ view_filter ] --END-- [ RunTime:0.001165s ]
INFO: [ app_end ] --START--
INFO: Run Behavior\ShowPageTraceBehavior [ RunTime:0.001782s ]
INFO: [ app_end ] --END-- [ RunTime:0.001982s ]

[ 2018-04-14T05:50:38+08:00 ] 127.0.0.1 /index.php/Admin/Goods/edit/id/31.html
INFO: [ app_init ] --START--
INFO: Run Behavior\BuildLiteBehavior [ RunTime:0.000043s ]
INFO: [ app_init ] --END-- [ RunTime:0.000923s ]
INFO: [ app_begin ] --START--
INFO: Run Behavior\ReadHtmlCacheBehavior [ RunTime:0.001930s ]
INFO: [ app_begin ] --END-- [ RunTime:0.002130s ]
SQL: SHOW COLUMNS FROM `p39_goods` [ RunTime:0.0070s ]
SQL: SELECT * FROM `p39_goods` WHERE `id` = 31 LIMIT 1   [ RunTime:0.0004s ]
SQL: SHOW COLUMNS FROM `p39_category` [ RunTime:0.0082s ]
SQL: SELECT * FROM `p39_category`  [ RunTime:0.0008s ]
SQL: SHOW COLUMNS FROM `p39_goods_cat` [ RunTime:0.0063s ]
SQL: SELECT `cat_id` FROM `p39_goods_cat` WHERE `goods_id` = '31'  [ RunTime:0.0005s ]
SQL: SHOW COLUMNS FROM `p39_attribute` [ RunTime:0.0071s ]
SQL: SELECT a.id attr_id,a.attr_name,a.attr_type,a.attr_option_values,b.attr_value,b.id FROM p39_attribute a LEFT JOIN p39_goods_attr b ON (a.id=b.attr_id AND b.goods_id=31)  WHERE a.type_id = '1'  [ RunTime:0.0005s ]
INFO: [ view_parse ] --START--
INFO: [ template_filter ] --START--
INFO: Run Behavior\ContentReplaceBehavior [ RunTime:0.000250s ]
INFO: [ template_filter ] --END-- [ RunTime:0.000469s ]
SQL: SHOW COLUMNS FROM `p39_brand` [ RunTime:0.0073s ]
SQL: SELECT `id`,`brand_name` FROM `p39_brand`  [ RunTime:0.0005s ]
NOTIC: [8] Undefined variable: mlData F:\weblx\www\php39ds\Application\Runtime\Cache\Admin\608b0c961c661bd6d45820311b4b75a7.php 第 119 行.
NOTIC: [2] Invalid argument supplied for foreach() F:\weblx\www\php39ds\Application\Runtime\Cache\Admin\608b0c961c661bd6d45820311b4b75a7.php 第 119 行.
SQL: SHOW COLUMNS FROM `p39_type` [ RunTime:0.0065s ]
SQL: SELECT `id`,`type_name` FROM `p39_type`  [ RunTime:0.0006s ]
INFO: Run Behavior\ParseTemplateBehavior [ RunTime:0.039677s ]
INFO: [ view_parse ] --END-- [ RunTime:0.039873s ]
INFO: [ view_filter ] --START--
INFO: Run Behavior\WriteHtmlCacheBehavior [ RunTime:0.000879s ]
INFO: [ view_filter ] --END-- [ RunTime:0.001065s ]
INFO: [ app_end ] --START--
INFO: Run Behavior\ShowPageTraceBehavior [ RunTime:0.001118s ]
INFO: [ app_end ] --END-- [ RunTime:0.001308s ]

[ 2018-04-14T05:52:30+08:00 ] 127.0.0.1 /index.php/Admin/Goods/edit/id/31.html
INFO: [ app_init ] --START--
INFO: Run Behavior\BuildLiteBehavior [ RunTime:0.000042s ]
INFO: [ app_init ] --END-- [ RunTime:0.001001s ]
INFO: [ app_begin ] --START--
INFO: Run Behavior\ReadHtmlCacheBehavior [ RunTime:0.002645s ]
INFO: [ app_begin ] --END-- [ RunTime:0.002866s ]
SQL: SHOW COLUMNS FROM `p39_goods` [ RunTime:0.0469s ]
NOTIC: [8] Undefined index: validate F:\weblx\www\php39ds\ThinkPHP\Library\Think\Model.class.php 第 1185 行.
INFO: [ view_parse ] --START--
INFO: [ template_filter ] --START--
INFO: Run Behavior\ContentReplaceBehavior [ RunTime:0.000125s ]
INFO: [ template_filter ] --END-- [ RunTime:0.000331s ]
INFO: Run Behavior\ParseTemplateBehavior [ RunTime:0.042196s ]
INFO: [ view_parse ] --END-- [ RunTime:0.042444s ]
INFO: [ view_filter ] --START--
INFO: Run Behavior\WriteHtmlCacheBehavior [ RunTime:0.000912s ]
INFO: [ view_filter ] --END-- [ RunTime:0.001092s ]

[ 2018-04-14T05:52:35+08:00 ] 127.0.0.1 /index.php/Admin/Goods/edit/id/31.html
INFO: [ app_init ] --START--
INFO: Run Behavior\BuildLiteBehavior [ RunTime:0.000042s ]
INFO: [ app_init ] --END-- [ RunTime:0.000910s ]
INFO: [ app_begin ] --START--
INFO: Run Behavior\ReadHtmlCacheBehavior [ RunTime:0.001083s ]
INFO: [ app_begin ] --END-- [ RunTime:0.001269s ]
SQL: SHOW COLUMNS FROM `p39_goods` [ RunTime:0.0068s ]
SQL: SELECT * FROM `p39_goods` WHERE `id` = 31 LIMIT 1   [ RunTime:0.0004s ]
SQL: SHOW COLUMNS FROM `p39_category` [ RunTime:0.0243s ]
SQL: SELECT * FROM `p39_category`  [ RunTime:0.0004s ]
SQL: SHOW COLUMNS FROM `p39_goods_cat` [ RunTime:0.0064s ]
SQL: SELECT `cat_id` FROM `p39_goods_cat` WHERE `goods_id` = '31'  [ RunTime:0.0004s ]
SQL: SHOW COLUMNS FROM `p39_attribute` [ RunTime:0.0063s ]
SQL: SELECT a.id attr_id,a.attr_name,a.attr_type,a.attr_option_values,b.attr_value,b.id FROM p39_attribute a LEFT JOIN p39_goods_attr b ON (a.id=b.attr_id AND b.goods_id=31)  WHERE a.type_id = '1'  [ RunTime:0.0004s ]
INFO: [ view_parse ] --START--
INFO: [ template_filter ] --START--
INFO: Run Behavior\ContentReplaceBehavior [ RunTime:0.000253s ]
INFO: [ template_filter ] --END-- [ RunTime:0.000484s ]
SQL: SHOW COLUMNS FROM `p39_brand` [ RunTime:0.0074s ]
SQL: SELECT `id`,`brand_name` FROM `p39_brand`  [ RunTime:0.0008s ]
NOTIC: [8] Undefined variable: mlData F:\weblx\www\php39ds\Application\Runtime\Cache\Admin\608b0c961c661bd6d45820311b4b75a7.php 第 119 行.
NOTIC: [2] Invalid argument supplied for foreach() F:\weblx\www\php39ds\Application\Runtime\Cache\Admin\608b0c961c661bd6d45820311b4b75a7.php 第 119 行.
SQL: SHOW COLUMNS FROM `p39_type` [ RunTime:0.0060s ]
SQL: SELECT `id`,`type_name` FROM `p39_type`  [ RunTime:0.0006s ]
INFO: Run Behavior\ParseTemplateBehavior [ RunTime:0.040781s ]
INFO: [ view_parse ] --END-- [ RunTime:0.040993s ]
INFO: [ view_filter ] --START--
INFO: Run Behavior\WriteHtmlCacheBehavior [ RunTime:0.000805s ]
INFO: [ view_filter ] --END-- [ RunTime:0.001000s ]
INFO: [ app_end ] --START--
INFO: Run Behavior\ShowPageTraceBehavior [ RunTime:0.001385s ]
INFO: [ app_end ] --END-- [ RunTime:0.001584s ]

[ 2018-04-14T05:52:55+08:00 ] 127.0.0.1 /index.php/Admin/Goods/lst
INFO: [ app_init ] --START--
INFO: Run Behavior\BuildLiteBehavior [ RunTime:0.000044s ]
INFO: [ app_init ] --END-- [ RunTime:0.001031s ]
INFO: [ app_begin ] --START--
INFO: Run Behavior\ReadHtmlCacheBehavior [ RunTime:0.003009s ]
INFO: [ app_begin ] --END-- [ RunTime:0.003225s ]
SQL: SHOW COLUMNS FROM `p39_goods` [ RunTime:0.0071s ]
SQL: SELECT COUNT(*) AS tp_count FROM p39_goods a LIMIT 1   [ RunTime:0.0004s ]
SQL: SELECT a.*,b.brand_name,c.cat_name,GROUP_CONCAT(e.cat_name SEPARATOR "<br />") ext_cat_name FROM p39_goods a LEFT JOIN p39_brand b ON a.brand_id=b.id         
                LEFT JOIN p39_category c ON a.cat_id=c.id
                LEFT JOIN p39_goods_cat d ON a.id=d.goods_id
                LEFT JOIN p39_category e ON d.cat_id=e.id  GROUP BY a.id ORDER BY a.id desc LIMIT 0,5   [ RunTime:0.0005s ]
SQL: SHOW COLUMNS FROM `p39_category` [ RunTime:0.0065s ]
SQL: SELECT * FROM `p39_category`  [ RunTime:0.0004s ]
INFO: [ view_parse ] --START--
INFO: [ template_filter ] --START--
INFO: Run Behavior\ContentReplaceBehavior [ RunTime:0.000196s ]
INFO: [ template_filter ] --END-- [ RunTime:0.000454s ]
SQL: SHOW COLUMNS FROM `p39_brand` [ RunTime:0.0067s ]
SQL: SELECT `id`,`brand_name` FROM `p39_brand`  [ RunTime:0.0004s ]
INFO: Run Behavior\ParseTemplateBehavior [ RunTime:0.034160s ]
INFO: [ view_parse ] --END-- [ RunTime:0.034363s ]
INFO: [ view_filter ] --START--
INFO: Run Behavior\WriteHtmlCacheBehavior [ RunTime:0.001214s ]
INFO: [ view_filter ] --END-- [ RunTime:0.001397s ]
INFO: [ app_end ] --START--
INFO: Run Behavior\ShowPageTraceBehavior [ RunTime:0.002161s ]
INFO: [ app_end ] --END-- [ RunTime:0.002957s ]

[ 2018-04-14T05:53:01+08:00 ] 127.0.0.1 /index.php/Admin/Goods/edit/id/31.html
INFO: [ app_init ] --START--
INFO: Run Behavior\BuildLiteBehavior [ RunTime:0.000041s ]
INFO: [ app_init ] --END-- [ RunTime:0.000914s ]
INFO: [ app_begin ] --START--
INFO: Run Behavior\ReadHtmlCacheBehavior [ RunTime:0.001957s ]
INFO: [ app_begin ] --END-- [ RunTime:0.002154s ]
SQL: SHOW COLUMNS FROM `p39_goods` [ RunTime:0.0069s ]
SQL: SELECT * FROM `p39_goods` WHERE `id` = 31 LIMIT 1   [ RunTime:0.0005s ]
SQL: SHOW COLUMNS FROM `p39_category` [ RunTime:0.0068s ]
SQL: SELECT * FROM `p39_category`  [ RunTime:0.0004s ]
SQL: SHOW COLUMNS FROM `p39_goods_cat` [ RunTime:0.0153s ]
SQL: SELECT `cat_id` FROM `p39_goods_cat` WHERE `goods_id` = '31'  [ RunTime:0.0007s ]
SQL: SHOW COLUMNS FROM `p39_attribute` [ RunTime:0.0068s ]
SQL: SELECT a.id attr_id,a.attr_name,a.attr_type,a.attr_option_values,b.attr_value,b.id FROM p39_attribute a LEFT JOIN p39_goods_attr b ON (a.id=b.attr_id AND b.goods_id=31)  WHERE a.type_id = '1'  [ RunTime:0.0004s ]
INFO: [ view_parse ] --START--
INFO: [ template_filter ] --START--
INFO: Run Behavior\ContentReplaceBehavior [ RunTime:0.000247s ]
INFO: [ template_filter ] --END-- [ RunTime:0.000464s ]
SQL: SHOW COLUMNS FROM `p39_brand` [ RunTime:0.0073s ]
SQL: SELECT `id`,`brand_name` FROM `p39_brand`  [ RunTime:0.0027s ]
NOTIC: [8] Undefined variable: mlData F:\weblx\www\php39ds\Application\Runtime\Cache\Admin\608b0c961c661bd6d45820311b4b75a7.php 第 119 行.
NOTIC: [2] Invalid argument supplied for foreach() F:\weblx\www\php39ds\Application\Runtime\Cache\Admin\608b0c961c661bd6d45820311b4b75a7.php 第 119 行.
SQL: SHOW COLUMNS FROM `p39_type` [ RunTime:0.0078s ]
SQL: SELECT `id`,`type_name` FROM `p39_type`  [ RunTime:0.0003s ]
INFO: Run Behavior\ParseTemplateBehavior [ RunTime:0.044532s ]
INFO: [ view_parse ] --END-- [ RunTime:0.044721s ]
INFO: [ view_filter ] --START--
INFO: Run Behavior\WriteHtmlCacheBehavior [ RunTime:0.000793s ]
INFO: [ view_filter ] --END-- [ RunTime:0.000975s ]
INFO: [ app_end ] --START--
INFO: Run Behavior\ShowPageTraceBehavior [ RunTime:0.001152s ]
INFO: [ app_end ] --END-- [ RunTime:0.001354s ]

[ 2018-04-14T05:53:33+08:00 ] 127.0.0.1 /index.php/Admin/Goods/edit/id/31.html
INFO: [ app_init ] --START--
INFO: Run Behavior\BuildLiteBehavior [ RunTime:0.000040s ]
INFO: [ app_init ] --END-- [ RunTime:0.000893s ]
INFO: [ app_begin ] --START--
INFO: Run Behavior\ReadHtmlCacheBehavior [ RunTime:0.001070s ]
INFO: [ app_begin ] --END-- [ RunTime:0.001255s ]
SQL: SHOW COLUMNS FROM `p39_goods` [ RunTime:0.0064s ]
SQL: SELECT * FROM `p39_goods` WHERE `id` = 31 LIMIT 1   [ RunTime:0.0006s ]
SQL: SHOW COLUMNS FROM `p39_category` [ RunTime:0.0059s ]
SQL: SELECT * FROM `p39_category`  [ RunTime:0.0004s ]
SQL: SHOW COLUMNS FROM `p39_goods_cat` [ RunTime:0.0068s ]
SQL: SELECT `cat_id` FROM `p39_goods_cat` WHERE `goods_id` = '31'  [ RunTime:0.0003s ]
SQL: SHOW COLUMNS FROM `p39_attribute` [ RunTime:0.0058s ]
SQL: SELECT a.id attr_id,a.attr_name,a.attr_type,a.attr_option_values,b.attr_value,b.id FROM p39_attribute a LEFT JOIN p39_goods_attr b ON (a.id=b.attr_id AND b.goods_id=31)  WHERE a.type_id = '1'  [ RunTime:0.0004s ]
INFO: [ view_parse ] --START--
INFO: [ template_filter ] --START--
INFO: Run Behavior\ContentReplaceBehavior [ RunTime:0.000267s ]
INFO: [ template_filter ] --END-- [ RunTime:0.000492s ]
SQL: SHOW COLUMNS FROM `p39_brand` [ RunTime:0.0060s ]
SQL: SELECT `id`,`brand_name` FROM `p39_brand`  [ RunTime:0.0005s ]
NOTIC: [8] Undefined variable: mlData F:\weblx\www\php39ds\Application\Runtime\Cache\Admin\608b0c961c661bd6d45820311b4b75a7.php 第 119 行.
NOTIC: [2] Invalid argument supplied for foreach() F:\weblx\www\php39ds\Application\Runtime\Cache\Admin\608b0c961c661bd6d45820311b4b75a7.php 第 119 行.
SQL: SHOW COLUMNS FROM `p39_type` [ RunTime:0.0073s ]
SQL: SELECT `id`,`type_name` FROM `p39_type`  [ RunTime:0.0003s ]
INFO: Run Behavior\ParseTemplateBehavior [ RunTime:0.040471s ]
INFO: [ view_parse ] --END-- [ RunTime:0.040658s ]
INFO: [ view_filter ] --START--
INFO: Run Behavior\WriteHtmlCacheBehavior [ RunTime:0.000776s ]
INFO: [ view_filter ] --END-- [ RunTime:0.000957s ]
INFO: [ app_end ] --START--
INFO: Run Behavior\ShowPageTraceBehavior [ RunTime:0.001117s ]
INFO: [ app_end ] --END-- [ RunTime:0.001309s ]

[ 2018-04-14T05:53:46+08:00 ] 127.0.0.1 /index.php/Admin/Goods/edit/id/30.html
INFO: [ app_init ] --START--
INFO: Run Behavior\BuildLiteBehavior [ RunTime:0.000044s ]
INFO: [ app_init ] --END-- [ RunTime:0.001068s ]
INFO: [ app_begin ] --START--
INFO: Run Behavior\ReadHtmlCacheBehavior [ RunTime:0.001511s ]
INFO: [ app_begin ] --END-- [ RunTime:0.003023s ]
SQL: SHOW COLUMNS FROM `p39_goods` [ RunTime:0.0079s ]
SQL: SELECT * FROM `p39_goods` WHERE `id` = 30 LIMIT 1   [ RunTime:0.0997s ]
SQL: SHOW COLUMNS FROM `p39_category` [ RunTime:0.0063s ]
SQL: SELECT * FROM `p39_category`  [ RunTime:0.0004s ]
SQL: SHOW COLUMNS FROM `p39_goods_cat` [ RunTime:0.0066s ]
SQL: SELECT `cat_id` FROM `p39_goods_cat` WHERE `goods_id` = '30'  [ RunTime:0.0140s ]
SQL: SHOW COLUMNS FROM `p39_attribute` [ RunTime:0.0063s ]
SQL: SELECT a.id attr_id,a.attr_name,a.attr_type,a.attr_option_values,b.attr_value,b.id FROM p39_attribute a LEFT JOIN p39_goods_attr b ON (a.id=b.attr_id AND b.goods_id=30)  WHERE a.type_id = '0'  [ RunTime:0.0393s ]
INFO: [ view_parse ] --START--
INFO: [ template_filter ] --START--
INFO: Run Behavior\ContentReplaceBehavior [ RunTime:0.000241s ]
INFO: [ template_filter ] --END-- [ RunTime:0.000454s ]
SQL: SHOW COLUMNS FROM `p39_brand` [ RunTime:0.0065s ]
SQL: SELECT `id`,`brand_name` FROM `p39_brand`  [ RunTime:0.0003s ]
NOTIC: [8] Undefined variable: mlData F:\weblx\www\php39ds\Application\Runtime\Cache\Admin\608b0c961c661bd6d45820311b4b75a7.php 第 119 行.
NOTIC: [2] Invalid argument supplied for foreach() F:\weblx\www\php39ds\Application\Runtime\Cache\Admin\608b0c961c661bd6d45820311b4b75a7.php 第 119 行.
SQL: SHOW COLUMNS FROM `p39_type` [ RunTime:0.0069s ]
SQL: SELECT `id`,`type_name` FROM `p39_type`  [ RunTime:0.0003s ]
INFO: Run Behavior\ParseTemplateBehavior [ RunTime:0.041771s ]
INFO: [ view_parse ] --END-- [ RunTime:0.041965s ]
INFO: [ view_filter ] --START--
INFO: Run Behavior\WriteHtmlCacheBehavior [ RunTime:0.000993s ]
INFO: [ view_filter ] --END-- [ RunTime:0.001176s ]
INFO: [ app_end ] --START--
INFO: Run Behavior\ShowPageTraceBehavior [ RunTime:0.001360s ]
INFO: [ app_end ] --END-- [ RunTime:0.001559s ]

[ 2018-04-14T06:01:39+08:00 ] 127.0.0.1 /index.php/Admin/Goods/edit/id/31.html
INFO: [ app_init ] --START--
INFO: Run Behavior\BuildLiteBehavior [ RunTime:0.000043s ]
INFO: [ app_init ] --END-- [ RunTime:0.000990s ]
INFO: [ app_begin ] --START--
INFO: Run Behavior\ReadHtmlCacheBehavior [ RunTime:0.005760s ]
INFO: [ app_begin ] --END-- [ RunTime:0.005978s ]
SQL: SHOW COLUMNS FROM `p39_goods` [ RunTime:0.0069s ]
SQL: SELECT * FROM `p39_goods` WHERE `id` = 31 LIMIT 1   [ RunTime:0.0005s ]
SQL: SHOW COLUMNS FROM `p39_category` [ RunTime:0.0067s ]
SQL: SELECT * FROM `p39_category`  [ RunTime:0.0005s ]
SQL: SHOW COLUMNS FROM `p39_goods_cat` [ RunTime:0.0056s ]
SQL: SELECT `cat_id` FROM `p39_goods_cat` WHERE `goods_id` = '31'  [ RunTime:0.0003s ]
SQL: SHOW COLUMNS FROM `p39_attribute` [ RunTime:0.0058s ]
SQL: SELECT a.id attr_id,a.attr_name,a.attr_type,a.attr_option_values,b.attr_value,b.id FROM p39_attribute a LEFT JOIN p39_goods_attr b ON (a.id=b.attr_id AND b.goods_id=31)  WHERE a.type_id = '1'  [ RunTime:0.0004s ]
INFO: [ view_parse ] --START--
INFO: [ template_filter ] --START--
INFO: Run Behavior\ContentReplaceBehavior [ RunTime:0.000281s ]
INFO: [ template_filter ] --END-- [ RunTime:0.000502s ]
SQL: SHOW COLUMNS FROM `p39_brand` [ RunTime:0.0061s ]
SQL: SELECT `id`,`brand_name` FROM `p39_brand`  [ RunTime:0.0003s ]
NOTIC: [8] Undefined variable: mlData F:\weblx\www\php39ds\Application\Runtime\Cache\Admin\608b0c961c661bd6d45820311b4b75a7.php 第 137 行.
NOTIC: [2] Invalid argument supplied for foreach() F:\weblx\www\php39ds\Application\Runtime\Cache\Admin\608b0c961c661bd6d45820311b4b75a7.php 第 137 行.
SQL: SHOW COLUMNS FROM `p39_type` [ RunTime:0.0063s ]
SQL: SELECT `id`,`type_name` FROM `p39_type`  [ RunTime:0.0005s ]
INFO: Run Behavior\ParseTemplateBehavior [ RunTime:0.041878s ]
INFO: [ view_parse ] --END-- [ RunTime:0.042071s ]
INFO: [ view_filter ] --START--
INFO: Run Behavior\WriteHtmlCacheBehavior [ RunTime:0.000977s ]
INFO: [ view_filter ] --END-- [ RunTime:0.001160s ]
INFO: [ app_end ] --START--
INFO: Run Behavior\ShowPageTraceBehavior [ RunTime:0.001721s ]
INFO: [ app_end ] --END-- [ RunTime:0.001930s ]

[ 2018-04-14T06:01:47+08:00 ] 127.0.0.1 /index.php/Admin/Goods/lst
INFO: [ app_init ] --START--
INFO: Run Behavior\BuildLiteBehavior [ RunTime:0.000040s ]
INFO: [ app_init ] --END-- [ RunTime:0.000900s ]
INFO: [ app_begin ] --START--
INFO: Run Behavior\ReadHtmlCacheBehavior [ RunTime:0.001101s ]
INFO: [ app_begin ] --END-- [ RunTime:0.001290s ]
SQL: SHOW COLUMNS FROM `p39_goods` [ RunTime:0.0067s ]
SQL: SELECT COUNT(*) AS tp_count FROM p39_goods a LIMIT 1   [ RunTime:0.0005s ]
SQL: SELECT a.*,b.brand_name,c.cat_name,GROUP_CONCAT(e.cat_name SEPARATOR "<br />") ext_cat_name FROM p39_goods a LEFT JOIN p39_brand b ON a.brand_id=b.id         
                LEFT JOIN p39_category c ON a.cat_id=c.id
                LEFT JOIN p39_goods_cat d ON a.id=d.goods_id
                LEFT JOIN p39_category e ON d.cat_id=e.id  GROUP BY a.id ORDER BY a.id desc LIMIT 0,5   [ RunTime:0.0006s ]
SQL: SHOW COLUMNS FROM `p39_category` [ RunTime:0.0073s ]
SQL: SELECT * FROM `p39_category`  [ RunTime:0.0004s ]
INFO: [ view_parse ] --START--
INFO: [ template_filter ] --START--
INFO: Run Behavior\ContentReplaceBehavior [ RunTime:0.000204s ]
INFO: [ template_filter ] --END-- [ RunTime:0.000421s ]
SQL: SHOW COLUMNS FROM `p39_brand` [ RunTime:0.0082s ]
SQL: SELECT `id`,`brand_name` FROM `p39_brand`  [ RunTime:0.0003s ]
INFO: Run Behavior\ParseTemplateBehavior [ RunTime:0.034418s ]
INFO: [ view_parse ] --END-- [ RunTime:0.034611s ]
INFO: [ view_filter ] --START--
INFO: Run Behavior\WriteHtmlCacheBehavior [ RunTime:0.001073s ]
INFO: [ view_filter ] --END-- [ RunTime:0.001265s ]
INFO: [ app_end ] --START--
INFO: Run Behavior\ShowPageTraceBehavior [ RunTime:0.001520s ]
INFO: [ app_end ] --END-- [ RunTime:0.001720s ]

[ 2018-04-14T06:01:55+08:00 ] 127.0.0.1 /index.php/Admin/Goods/edit/id/31.html
INFO: [ app_init ] --START--
INFO: Run Behavior\BuildLiteBehavior [ RunTime:0.000042s ]
INFO: [ app_init ] --END-- [ RunTime:0.000924s ]
INFO: [ app_begin ] --START--
INFO: Run Behavior\ReadHtmlCacheBehavior [ RunTime:0.001106s ]
INFO: [ app_begin ] --END-- [ RunTime:0.001293s ]
SQL: SHOW COLUMNS FROM `p39_goods` [ RunTime:0.0066s ]
SQL: SELECT * FROM `p39_goods` WHERE `id` = 31 LIMIT 1   [ RunTime:0.0005s ]
SQL: SHOW COLUMNS FROM `p39_category` [ RunTime:0.0060s ]
SQL: SELECT * FROM `p39_category`  [ RunTime:0.0004s ]
SQL: SHOW COLUMNS FROM `p39_goods_cat` [ RunTime:0.0056s ]
SQL: SELECT `cat_id` FROM `p39_goods_cat` WHERE `goods_id` = '31'  [ RunTime:0.0003s ]
SQL: SHOW COLUMNS FROM `p39_attribute` [ RunTime:0.0067s ]
SQL: SELECT a.id attr_id,a.attr_name,a.attr_type,a.attr_option_values,b.attr_value,b.id FROM p39_attribute a LEFT JOIN p39_goods_attr b ON (a.id=b.attr_id AND b.goods_id=31)  WHERE a.type_id = '1'  [ RunTime:0.0004s ]
INFO: [ view_parse ] --START--
INFO: [ template_filter ] --START--
INFO: Run Behavior\ContentReplaceBehavior [ RunTime:0.000274s ]
INFO: [ template_filter ] --END-- [ RunTime:0.000488s ]
SQL: SHOW COLUMNS FROM `p39_brand` [ RunTime:0.0059s ]
SQL: SELECT `id`,`brand_name` FROM `p39_brand`  [ RunTime:0.0003s ]
NOTIC: [8] Undefined variable: mlData F:\weblx\www\php39ds\Application\Runtime\Cache\Admin\608b0c961c661bd6d45820311b4b75a7.php 第 137 行.
NOTIC: [2] Invalid argument supplied for foreach() F:\weblx\www\php39ds\Application\Runtime\Cache\Admin\608b0c961c661bd6d45820311b4b75a7.php 第 137 行.
SQL: SHOW COLUMNS FROM `p39_type` [ RunTime:0.0063s ]
SQL: SELECT `id`,`type_name` FROM `p39_type`  [ RunTime:0.0003s ]
INFO: Run Behavior\ParseTemplateBehavior [ RunTime:0.040693s ]
INFO: [ view_parse ] --END-- [ RunTime:0.040884s ]
INFO: [ view_filter ] --START--
INFO: Run Behavior\WriteHtmlCacheBehavior [ RunTime:0.000886s ]
INFO: [ view_filter ] --END-- [ RunTime:0.001069s ]
INFO: [ app_end ] --START--
INFO: Run Behavior\ShowPageTraceBehavior [ RunTime:0.001183s ]
INFO: [ app_end ] --END-- [ RunTime:0.001375s ]

[ 2018-04-14T06:03:18+08:00 ] 127.0.0.1 /index.php/Admin/Goods/edit/id/31.html
INFO: [ app_init ] --START--
INFO: Run Behavior\BuildLiteBehavior [ RunTime:0.000043s ]
INFO: [ app_init ] --END-- [ RunTime:0.001035s ]
INFO: [ app_begin ] --START--
INFO: Run Behavior\ReadHtmlCacheBehavior [ RunTime:0.001866s ]
INFO: [ app_begin ] --END-- [ RunTime:0.002083s ]
SQL: SHOW COLUMNS FROM `p39_goods` [ RunTime:0.0095s ]
NOTIC: [8] Undefined index: validate F:\weblx\www\php39ds\ThinkPHP\Library\Think\Model.class.php 第 1185 行.
NOTIC: [8] Undefined index: auto F:\weblx\www\php39ds\ThinkPHP\Library\Think\Model.class.php 第 1128 行.
SQL: SHOW COLUMNS FROM `p39_goods_attr` [ RunTime:0.0079s ]
SQL: UPDATE `p39_goods_attr` SET `attr_value`='紫色' WHERE `id` = '7' [ RunTime:0.1492s ]
SQL: UPDATE `p39_goods_attr` SET `attr_value`='绿色' WHERE `id` = '8' [ RunTime:0.0191s ]
SQL: UPDATE `p39_goods_attr` SET `attr_value`='黑色' WHERE `id` = '9' [ RunTime:0.0459s ]
SQL: UPDATE `p39_goods_attr` SET `attr_value`='2015-10-01' WHERE `id` = '10' [ RunTime:0.0441s ]
SQL: UPDATE `p39_goods_attr` SET `attr_value`='ios' WHERE `id` = '11' [ RunTime:0.0459s ]
SQL: UPDATE `p39_goods_attr` SET `attr_value`='android' WHERE `id` = '12' [ RunTime:0.0191s ]
SQL: UPDATE `p39_goods_attr` SET `attr_value`='windows' WHERE `id` = '13' [ RunTime:0.0294s ]
SQL: INSERT INTO `p39_goods_attr` (`goods_id`,`attr_id`,`attr_value`) VALUES ('31','5','14寸') [ RunTime:0.0741s ]
SQL: SHOW COLUMNS FROM `p39_goods_cat` [ RunTime:0.0060s ]
SQL: DELETE FROM `p39_goods_cat` WHERE `goods_id` = 31 [ RunTime:0.0006s ]
NOTIC: [8] Use of undefined constant ecid - assumed 'ecid' F:\weblx\www\php39ds\Application\Admin\Model\GoodsModel.class.php 第 91 行.
SQL: UPDATE `p39_goods` SET `cat_id`='22',`brand_id`='0',`goods_name`='新的联想商品',`market_price`='0.00',`shop_price`='0.00',`is_on_sale`='是',`goods_desc`='',`type_id`='1' WHERE `id` = 31 [ RunTime:0.0433s ]
INFO: [ view_parse ] --START--
INFO: [ template_filter ] --START--
INFO: Run Behavior\ContentReplaceBehavior [ RunTime:0.000125s ]
INFO: [ template_filter ] --END-- [ RunTime:0.000357s ]
INFO: Run Behavior\ParseTemplateBehavior [ RunTime:0.013673s ]
INFO: [ view_parse ] --END-- [ RunTime:0.013869s ]
INFO: [ view_filter ] --START--
INFO: Run Behavior\WriteHtmlCacheBehavior [ RunTime:0.000837s ]
INFO: [ view_filter ] --END-- [ RunTime:0.001012s ]

[ 2018-04-14T06:03:22+08:00 ] 127.0.0.1 /index.php/Admin/Goods/lst.html
INFO: [ app_init ] --START--
INFO: Run Behavior\BuildLiteBehavior [ RunTime:0.000041s ]
INFO: [ app_init ] --END-- [ RunTime:0.000928s ]
INFO: [ app_begin ] --START--
INFO: Run Behavior\ReadHtmlCacheBehavior [ RunTime:0.001296s ]
INFO: [ app_begin ] --END-- [ RunTime:0.001485s ]
SQL: SHOW COLUMNS FROM `p39_goods` [ RunTime:0.0067s ]
SQL: SELECT COUNT(*) AS tp_count FROM p39_goods a LIMIT 1   [ RunTime:0.0003s ]
SQL: SELECT a.*,b.brand_name,c.cat_name,GROUP_CONCAT(e.cat_name SEPARATOR "<br />") ext_cat_name FROM p39_goods a LEFT JOIN p39_brand b ON a.brand_id=b.id         
                LEFT JOIN p39_category c ON a.cat_id=c.id
                LEFT JOIN p39_goods_cat d ON a.id=d.goods_id
                LEFT JOIN p39_category e ON d.cat_id=e.id  GROUP BY a.id ORDER BY a.id desc LIMIT 0,5   [ RunTime:0.0007s ]
SQL: SHOW COLUMNS FROM `p39_category` [ RunTime:0.0059s ]
SQL: SELECT * FROM `p39_category`  [ RunTime:0.0004s ]
INFO: [ view_parse ] --START--
INFO: [ template_filter ] --START--
INFO: Run Behavior\ContentReplaceBehavior [ RunTime:0.000196s ]
INFO: [ template_filter ] --END-- [ RunTime:0.000405s ]
SQL: SHOW COLUMNS FROM `p39_brand` [ RunTime:0.0059s ]
SQL: SELECT `id`,`brand_name` FROM `p39_brand`  [ RunTime:0.0003s ]
INFO: Run Behavior\ParseTemplateBehavior [ RunTime:0.031352s ]
INFO: [ view_parse ] --END-- [ RunTime:0.031545s ]
INFO: [ view_filter ] --START--
INFO: Run Behavior\WriteHtmlCacheBehavior [ RunTime:0.000783s ]
INFO: [ view_filter ] --END-- [ RunTime:0.000962s ]
INFO: [ app_end ] --START--
INFO: Run Behavior\ShowPageTraceBehavior [ RunTime:0.001476s ]
INFO: [ app_end ] --END-- [ RunTime:0.001666s ]

[ 2018-04-14T06:04:03+08:00 ] 127.0.0.1 /index.php/Admin/Goods/edit/id/31.html
INFO: [ app_init ] --START--
INFO: Run Behavior\BuildLiteBehavior [ RunTime:0.000042s ]
INFO: [ app_init ] --END-- [ RunTime:0.000896s ]
INFO: [ app_begin ] --START--
INFO: Run Behavior\ReadHtmlCacheBehavior [ RunTime:0.001080s ]
INFO: [ app_begin ] --END-- [ RunTime:0.001269s ]
SQL: SHOW COLUMNS FROM `p39_goods` [ RunTime:0.0075s ]
SQL: SELECT * FROM `p39_goods` WHERE `id` = 31 LIMIT 1   [ RunTime:0.0004s ]
SQL: SHOW COLUMNS FROM `p39_category` [ RunTime:0.0239s ]
SQL: SELECT * FROM `p39_category`  [ RunTime:0.0005s ]
SQL: SHOW COLUMNS FROM `p39_goods_cat` [ RunTime:0.0097s ]
SQL: SELECT `cat_id` FROM `p39_goods_cat` WHERE `goods_id` = '31'  [ RunTime:0.0004s ]
SQL: SHOW COLUMNS FROM `p39_attribute` [ RunTime:0.0065s ]
SQL: SELECT a.id attr_id,a.attr_name,a.attr_type,a.attr_option_values,b.attr_value,b.id FROM p39_attribute a LEFT JOIN p39_goods_attr b ON (a.id=b.attr_id AND b.goods_id=31)  WHERE a.type_id = '1'  [ RunTime:0.0723s ]
INFO: [ view_parse ] --START--
INFO: [ template_filter ] --START--
INFO: Run Behavior\ContentReplaceBehavior [ RunTime:0.000275s ]
INFO: [ template_filter ] --END-- [ RunTime:0.000488s ]
SQL: SHOW COLUMNS FROM `p39_brand` [ RunTime:0.0073s ]
SQL: SELECT `id`,`brand_name` FROM `p39_brand`  [ RunTime:0.0003s ]
NOTIC: [8] Undefined variable: mlData F:\weblx\www\php39ds\Application\Runtime\Cache\Admin\608b0c961c661bd6d45820311b4b75a7.php 第 137 行.
NOTIC: [2] Invalid argument supplied for foreach() F:\weblx\www\php39ds\Application\Runtime\Cache\Admin\608b0c961c661bd6d45820311b4b75a7.php 第 137 行.
SQL: SHOW COLUMNS FROM `p39_type` [ RunTime:0.0063s ]
SQL: SELECT `id`,`type_name` FROM `p39_type`  [ RunTime:0.0003s ]
INFO: Run Behavior\ParseTemplateBehavior [ RunTime:0.042941s ]
INFO: [ view_parse ] --END-- [ RunTime:0.043140s ]
INFO: [ view_filter ] --START--
INFO: Run Behavior\WriteHtmlCacheBehavior [ RunTime:0.000793s ]
INFO: [ view_filter ] --END-- [ RunTime:0.000972s ]
INFO: [ app_end ] --START--
INFO: Run Behavior\ShowPageTraceBehavior [ RunTime:0.001385s ]
INFO: [ app_end ] --END-- [ RunTime:0.001588s ]

[ 2018-04-14T06:05:19+08:00 ] 127.0.0.1 /index.php/Admin/Goods/edit/id/31.html
INFO: [ app_init ] --START--
INFO: Run Behavior\BuildLiteBehavior [ RunTime:0.000042s ]
INFO: [ app_init ] --END-- [ RunTime:0.001007s ]
INFO: [ app_begin ] --START--
INFO: Run Behavior\ReadHtmlCacheBehavior [ RunTime:0.001958s ]
INFO: [ app_begin ] --END-- [ RunTime:0.002163s ]
SQL: SHOW COLUMNS FROM `p39_goods` [ RunTime:0.0066s ]
NOTIC: [8] Undefined index: validate F:\weblx\www\php39ds\ThinkPHP\Library\Think\Model.class.php 第 1185 行.
NOTIC: [8] Undefined index: auto F:\weblx\www\php39ds\ThinkPHP\Library\Think\Model.class.php 第 1128 行.
SQL: SHOW COLUMNS FROM `p39_goods_attr` [ RunTime:0.0062s ]
SQL: UPDATE `p39_goods_attr` SET `attr_value`='紫色' WHERE `id` = '7' [ RunTime:0.0749s ]
SQL: INSERT INTO `p39_goods_attr` (`goods_id`,`attr_id`,`attr_value`) VALUES ('31','1','白色') [ RunTime:0.0347s ]
SQL: INSERT INTO `p39_goods_attr` (`goods_id`,`attr_id`,`attr_value`) VALUES ('31','1','蓝色') [ RunTime:0.0190s ]
SQL: UPDATE `p39_goods_attr` SET `attr_value`='绿色' WHERE `id` = '8' [ RunTime:0.0298s ]
SQL: UPDATE `p39_goods_attr` SET `attr_value`='黑色' WHERE `id` = '9' [ RunTime:0.0486s ]
SQL: UPDATE `p39_goods_attr` SET `attr_value`='2015-10-01' WHERE `id` = '10' [ RunTime:0.0188s ]
SQL: UPDATE `p39_goods_attr` SET `attr_value`='ios' WHERE `id` = '11' [ RunTime:0.0469s ]
SQL: UPDATE `p39_goods_attr` SET `attr_value`='android' WHERE `id` = '12' [ RunTime:0.0180s ]
SQL: UPDATE `p39_goods_attr` SET `attr_value`='windows' WHERE `id` = '13' [ RunTime:0.0209s ]
SQL: UPDATE `p39_goods_attr` SET `attr_value`='12寸' WHERE `id` = '14' [ RunTime:0.0588s ]
SQL: SHOW COLUMNS FROM `p39_goods_cat` [ RunTime:0.0059s ]
SQL: DELETE FROM `p39_goods_cat` WHERE `goods_id` = 31 [ RunTime:0.0004s ]
NOTIC: [8] Use of undefined constant ecid - assumed 'ecid' F:\weblx\www\php39ds\Application\Admin\Model\GoodsModel.class.php 第 91 行.
SQL: UPDATE `p39_goods` SET `cat_id`='22',`brand_id`='0',`goods_name`='新的联想商品',`market_price`='0.00',`shop_price`='0.00',`is_on_sale`='是',`goods_desc`='',`type_id`='1' WHERE `id` = 31 [ RunTime:0.0516s ]
INFO: [ view_parse ] --START--
INFO: [ template_filter ] --START--
INFO: Run Behavior\ContentReplaceBehavior [ RunTime:0.000132s ]
INFO: [ template_filter ] --END-- [ RunTime:0.000363s ]
INFO: Run Behavior\ParseTemplateBehavior [ RunTime:0.016739s ]
INFO: [ view_parse ] --END-- [ RunTime:0.016963s ]
INFO: [ view_filter ] --START--
INFO: Run Behavior\WriteHtmlCacheBehavior [ RunTime:0.001430s ]
INFO: [ view_filter ] --END-- [ RunTime:0.001619s ]

[ 2018-04-14T06:05:23+08:00 ] 127.0.0.1 /index.php/Admin/Goods/lst.html
INFO: [ app_init ] --START--
INFO: Run Behavior\BuildLiteBehavior [ RunTime:0.000042s ]
INFO: [ app_init ] --END-- [ RunTime:0.000903s ]
INFO: [ app_begin ] --START--
INFO: Run Behavior\ReadHtmlCacheBehavior [ RunTime:0.001083s ]
INFO: [ app_begin ] --END-- [ RunTime:0.001270s ]
SQL: SHOW COLUMNS FROM `p39_goods` [ RunTime:0.0091s ]
SQL: SELECT COUNT(*) AS tp_count FROM p39_goods a LIMIT 1   [ RunTime:0.0004s ]
SQL: SELECT a.*,b.brand_name,c.cat_name,GROUP_CONCAT(e.cat_name SEPARATOR "<br />") ext_cat_name FROM p39_goods a LEFT JOIN p39_brand b ON a.brand_id=b.id         
                LEFT JOIN p39_category c ON a.cat_id=c.id
                LEFT JOIN p39_goods_cat d ON a.id=d.goods_id
                LEFT JOIN p39_category e ON d.cat_id=e.id  GROUP BY a.id ORDER BY a.id desc LIMIT 0,5   [ RunTime:0.0006s ]
SQL: SHOW COLUMNS FROM `p39_category` [ RunTime:0.0074s ]
SQL: SELECT * FROM `p39_category`  [ RunTime:0.0004s ]
INFO: [ view_parse ] --START--
INFO: [ template_filter ] --START--
INFO: Run Behavior\ContentReplaceBehavior [ RunTime:0.000203s ]
INFO: [ template_filter ] --END-- [ RunTime:0.000432s ]
SQL: SHOW COLUMNS FROM `p39_brand` [ RunTime:0.0061s ]
SQL: SELECT `id`,`brand_name` FROM `p39_brand`  [ RunTime:0.0003s ]
INFO: Run Behavior\ParseTemplateBehavior [ RunTime:0.037590s ]
INFO: [ view_parse ] --END-- [ RunTime:0.037827s ]
INFO: [ view_filter ] --START--
INFO: Run Behavior\WriteHtmlCacheBehavior [ RunTime:0.001157s ]
INFO: [ view_filter ] --END-- [ RunTime:0.001338s ]
INFO: [ app_end ] --START--
INFO: Run Behavior\ShowPageTraceBehavior [ RunTime:0.001620s ]
INFO: [ app_end ] --END-- [ RunTime:0.002339s ]

[ 2018-04-14T08:04:30+08:00 ] 127.0.0.1 /index.php/Admin/Goods/lst.html
INFO: [ app_init ] --START--
INFO: Run Behavior\BuildLiteBehavior [ RunTime:0.000046s ]
INFO: [ app_init ] --END-- [ RunTime:0.001046s ]
INFO: [ app_begin ] --START--
INFO: Run Behavior\ReadHtmlCacheBehavior [ RunTime:0.001811s ]
INFO: [ app_begin ] --END-- [ RunTime:0.002467s ]
SQL: SHOW COLUMNS FROM `p39_goods` [ RunTime:0.0283s ]
SQL: SELECT COUNT(*) AS tp_count FROM p39_goods a LIMIT 1   [ RunTime:0.0005s ]
SQL: SELECT a.*,b.brand_name,c.cat_name,GROUP_CONCAT(e.cat_name SEPARATOR "<br />") ext_cat_name FROM p39_goods a LEFT JOIN p39_brand b ON a.brand_id=b.id         
                LEFT JOIN p39_category c ON a.cat_id=c.id
                LEFT JOIN p39_goods_cat d ON a.id=d.goods_id
                LEFT JOIN p39_category e ON d.cat_id=e.id  GROUP BY a.id ORDER BY a.id desc LIMIT 0,5   [ RunTime:0.0008s ]
SQL: SHOW COLUMNS FROM `p39_category` [ RunTime:0.0074s ]
SQL: SELECT * FROM `p39_category`  [ RunTime:0.0006s ]
INFO: [ view_parse ] --START--
INFO: [ template_filter ] --START--
INFO: Run Behavior\ContentReplaceBehavior [ RunTime:0.000260s ]
INFO: [ template_filter ] --END-- [ RunTime:0.000521s ]
SQL: SHOW COLUMNS FROM `p39_brand` [ RunTime:0.0068s ]
SQL: SELECT `id`,`brand_name` FROM `p39_brand`  [ RunTime:0.0004s ]
INFO: Run Behavior\ParseTemplateBehavior [ RunTime:0.036835s ]
INFO: [ view_parse ] --END-- [ RunTime:0.037033s ]
INFO: [ view_filter ] --START--
INFO: Run Behavior\WriteHtmlCacheBehavior [ RunTime:0.001057s ]
INFO: [ view_filter ] --END-- [ RunTime:0.001243s ]
INFO: [ app_end ] --START--
INFO: Run Behavior\ShowPageTraceBehavior [ RunTime:0.002351s ]
INFO: [ app_end ] --END-- [ RunTime:0.002554s ]

[ 2018-04-14T08:04:38+08:00 ] 127.0.0.1 /index.php/Admin/Goods/edit/id/31.html
INFO: [ app_init ] --START--
INFO: Run Behavior\BuildLiteBehavior [ RunTime:0.000041s ]
INFO: [ app_init ] --END-- [ RunTime:0.000897s ]
INFO: [ app_begin ] --START--
INFO: Run Behavior\ReadHtmlCacheBehavior [ RunTime:0.001071s ]
INFO: [ app_begin ] --END-- [ RunTime:0.001255s ]
SQL: SHOW COLUMNS FROM `p39_goods` [ RunTime:0.0074s ]
SQL: SELECT * FROM `p39_goods` WHERE `id` = 31 LIMIT 1   [ RunTime:0.0007s ]
SQL: SHOW COLUMNS FROM `p39_category` [ RunTime:0.0062s ]
SQL: SELECT * FROM `p39_category`  [ RunTime:0.0004s ]
SQL: SHOW COLUMNS FROM `p39_goods_cat` [ RunTime:0.0084s ]
SQL: SELECT `cat_id` FROM `p39_goods_cat` WHERE `goods_id` = '31'  [ RunTime:0.0003s ]
SQL: SHOW COLUMNS FROM `p39_attribute` [ RunTime:0.0065s ]
SQL: SELECT a.id attr_id,a.attr_name,a.attr_type,a.attr_option_values,b.attr_value,b.id FROM p39_attribute a LEFT JOIN p39_goods_attr b ON (a.id=b.attr_id AND b.goods_id=31)  WHERE a.type_id = '1'  [ RunTime:0.0015s ]
INFO: [ view_parse ] --START--
INFO: [ template_filter ] --START--
INFO: Run Behavior\ContentReplaceBehavior [ RunTime:0.000284s ]
INFO: [ template_filter ] --END-- [ RunTime:0.000544s ]
SQL: SHOW COLUMNS FROM `p39_brand` [ RunTime:0.0083s ]
SQL: SELECT `id`,`brand_name` FROM `p39_brand`  [ RunTime:0.0004s ]
NOTIC: [8] Undefined variable: mlData F:\weblx\www\php39ds\Application\Runtime\Cache\Admin\608b0c961c661bd6d45820311b4b75a7.php 第 137 行.
NOTIC: [2] Invalid argument supplied for foreach() F:\weblx\www\php39ds\Application\Runtime\Cache\Admin\608b0c961c661bd6d45820311b4b75a7.php 第 137 行.
SQL: SHOW COLUMNS FROM `p39_type` [ RunTime:0.0099s ]
SQL: SELECT `id`,`type_name` FROM `p39_type`  [ RunTime:0.0003s ]
INFO: Run Behavior\ParseTemplateBehavior [ RunTime:0.051254s ]
INFO: [ view_parse ] --END-- [ RunTime:0.051460s ]
INFO: [ view_filter ] --START--
INFO: Run Behavior\WriteHtmlCacheBehavior [ RunTime:0.000828s ]
INFO: [ view_filter ] --END-- [ RunTime:0.001018s ]
INFO: [ app_end ] --START--
INFO: Run Behavior\ShowPageTraceBehavior [ RunTime:0.001997s ]
INFO: [ app_end ] --END-- [ RunTime:0.002604s ]

[ 2018-04-14T08:05:17+08:00 ] 127.0.0.1 /index.php/Admin/Goods/ajaxDelAttr/gaid/9
INFO: [ app_init ] --START--
INFO: Run Behavior\BuildLiteBehavior [ RunTime:0.000044s ]
INFO: [ app_init ] --END-- [ RunTime:0.001046s ]
INFO: [ app_begin ] --START--
INFO: Run Behavior\ReadHtmlCacheBehavior [ RunTime:0.003404s ]
INFO: [ app_begin ] --END-- [ RunTime:0.003583s ]
SQL: SHOW COLUMNS FROM `p39_goods_attr` [ RunTime:0.0066s ]
SQL: DELETE FROM `p39_goods_attr` WHERE `id` = 9 [ RunTime:0.0921s ]
INFO: [ app_end ] --START--
INFO: Run Behavior\ShowPageTraceBehavior [ RunTime:0.001667s ]
INFO: [ app_end ] --END-- [ RunTime:0.001839s ]

[ 2018-04-14T08:08:31+08:00 ] 127.0.0.1 /index.php/Admin/Goods/edit/id/31.html
INFO: [ app_init ] --START--
INFO: Run Behavior\BuildLiteBehavior [ RunTime:0.000044s ]
INFO: [ app_init ] --END-- [ RunTime:0.001051s ]
INFO: [ app_begin ] --START--
INFO: Run Behavior\ReadHtmlCacheBehavior [ RunTime:0.002759s ]
INFO: [ app_begin ] --END-- [ RunTime:0.003011s ]
SQL: SHOW COLUMNS FROM `p39_goods` [ RunTime:0.0068s ]
SQL: SELECT * FROM `p39_goods` WHERE `id` = 31 LIMIT 1   [ RunTime:0.0005s ]
SQL: SHOW COLUMNS FROM `p39_category` [ RunTime:0.0062s ]
SQL: SELECT * FROM `p39_category`  [ RunTime:0.0008s ]
SQL: SHOW COLUMNS FROM `p39_goods_cat` [ RunTime:0.0081s ]
SQL: SELECT `cat_id` FROM `p39_goods_cat` WHERE `goods_id` = '31'  [ RunTime:0.0003s ]
SQL: SHOW COLUMNS FROM `p39_attribute` [ RunTime:0.0063s ]
SQL: SELECT a.id attr_id,a.attr_name,a.attr_type,a.attr_option_values,b.attr_value,b.id FROM p39_attribute a LEFT JOIN p39_goods_attr b ON (a.id=b.attr_id AND b.goods_id=31)  WHERE a.type_id = '1'  [ RunTime:0.0024s ]
INFO: [ view_parse ] --START--
INFO: [ template_filter ] --START--
INFO: Run Behavior\ContentReplaceBehavior [ RunTime:0.000276s ]
INFO: [ template_filter ] --END-- [ RunTime:0.000497s ]
SQL: SHOW COLUMNS FROM `p39_brand` [ RunTime:0.0068s ]
SQL: SELECT `id`,`brand_name` FROM `p39_brand`  [ RunTime:0.0007s ]
NOTIC: [8] Undefined variable: mlData F:\weblx\www\php39ds\Application\Runtime\Cache\Admin\608b0c961c661bd6d45820311b4b75a7.php 第 137 行.
NOTIC: [2] Invalid argument supplied for foreach() F:\weblx\www\php39ds\Application\Runtime\Cache\Admin\608b0c961c661bd6d45820311b4b75a7.php 第 137 行.
SQL: SHOW COLUMNS FROM `p39_type` [ RunTime:0.0073s ]
SQL: SELECT `id`,`type_name` FROM `p39_type`  [ RunTime:0.0005s ]
INFO: Run Behavior\ParseTemplateBehavior [ RunTime:0.052546s ]
INFO: [ view_parse ] --END-- [ RunTime:0.052734s ]
INFO: [ view_filter ] --START--
INFO: Run Behavior\WriteHtmlCacheBehavior [ RunTime:0.001360s ]
INFO: [ view_filter ] --END-- [ RunTime:0.001547s ]
INFO: [ app_end ] --START--
INFO: Run Behavior\ShowPageTraceBehavior [ RunTime:0.002595s ]
INFO: [ app_end ] --END-- [ RunTime:0.002859s ]

[ 2018-04-14T08:10:26+08:00 ] 127.0.0.1 /index.php/Admin/Goods/edit/id/31.html
INFO: [ app_init ] --START--
INFO: Run Behavior\BuildLiteBehavior [ RunTime:0.000041s ]
INFO: [ app_init ] --END-- [ RunTime:0.000979s ]
INFO: [ app_begin ] --START--
INFO: Run Behavior\ReadHtmlCacheBehavior [ RunTime:0.002070s ]
INFO: [ app_begin ] --END-- [ RunTime:0.002275s ]
SQL: SHOW COLUMNS FROM `p39_goods` [ RunTime:0.0074s ]
SQL: SELECT * FROM `p39_goods` WHERE `id` = 31 LIMIT 1   [ RunTime:0.0005s ]
SQL: SHOW COLUMNS FROM `p39_category` [ RunTime:0.0066s ]
SQL: SELECT * FROM `p39_category`  [ RunTime:0.0005s ]
SQL: SHOW COLUMNS FROM `p39_goods_cat` [ RunTime:0.0070s ]
SQL: SELECT `cat_id` FROM `p39_goods_cat` WHERE `goods_id` = '31'  [ RunTime:0.0004s ]
SQL: SHOW COLUMNS FROM `p39_attribute` [ RunTime:0.0070s ]
SQL: SELECT a.id attr_id,a.attr_name,a.attr_type,a.attr_option_values,b.attr_value,b.id FROM p39_attribute a LEFT JOIN p39_goods_attr b ON (a.id=b.attr_id AND b.goods_id=31)  WHERE a.type_id = '1'  [ RunTime:0.0005s ]
INFO: [ view_parse ] --START--
INFO: [ template_filter ] --START--
INFO: Run Behavior\ContentReplaceBehavior [ RunTime:0.000357s ]
INFO: [ template_filter ] --END-- [ RunTime:0.000778s ]
SQL: SHOW COLUMNS FROM `p39_brand` [ RunTime:0.0068s ]
SQL: SELECT `id`,`brand_name` FROM `p39_brand`  [ RunTime:0.0004s ]
NOTIC: [8] Undefined variable: mlData F:\weblx\www\php39ds\Application\Runtime\Cache\Admin\608b0c961c661bd6d45820311b4b75a7.php 第 137 行.
NOTIC: [2] Invalid argument supplied for foreach() F:\weblx\www\php39ds\Application\Runtime\Cache\Admin\608b0c961c661bd6d45820311b4b75a7.php 第 137 行.
SQL: SHOW COLUMNS FROM `p39_type` [ RunTime:0.0096s ]
SQL: SELECT `id`,`type_name` FROM `p39_type`  [ RunTime:0.0005s ]
INFO: Run Behavior\ParseTemplateBehavior [ RunTime:0.053743s ]
INFO: [ view_parse ] --END-- [ RunTime:0.053938s ]
INFO: [ view_filter ] --START--
INFO: Run Behavior\WriteHtmlCacheBehavior [ RunTime:0.001222s ]
INFO: [ view_filter ] --END-- [ RunTime:0.001416s ]
INFO: [ app_end ] --START--
INFO: Run Behavior\ShowPageTraceBehavior [ RunTime:0.102963s ]
INFO: [ app_end ] --END-- [ RunTime:0.103186s ]

[ 2018-04-14T12:24:11+08:00 ] 127.0.0.1 /index.php/Admin/Goods/lst
INFO: [ app_init ] --START--
INFO: Run Behavior\BuildLiteBehavior [ RunTime:0.000040s ]
INFO: [ app_init ] --END-- [ RunTime:0.000892s ]
INFO: [ app_begin ] --START--
INFO: Run Behavior\ReadHtmlCacheBehavior [ RunTime:0.001080s ]
INFO: [ app_begin ] --END-- [ RunTime:0.001264s ]
SQL: SHOW COLUMNS FROM `p39_goods` [ RunTime:0.1897s ]
SQL: SELECT COUNT(*) AS tp_count FROM p39_goods a LIMIT 1   [ RunTime:0.0335s ]
SQL: SELECT a.*,b.brand_name,c.cat_name,GROUP_CONCAT(e.cat_name SEPARATOR "<br />") ext_cat_name FROM p39_goods a LEFT JOIN p39_brand b ON a.brand_id=b.id         
                LEFT JOIN p39_category c ON a.cat_id=c.id
                LEFT JOIN p39_goods_cat d ON a.id=d.goods_id
                LEFT JOIN p39_category e ON d.cat_id=e.id  GROUP BY a.id ORDER BY a.id desc LIMIT 0,5   [ RunTime:0.1420s ]
SQL: SHOW COLUMNS FROM `p39_category` [ RunTime:0.0064s ]
SQL: SELECT * FROM `p39_category`  [ RunTime:0.0007s ]
INFO: [ view_parse ] --START--
INFO: [ template_filter ] --START--
INFO: Run Behavior\ContentReplaceBehavior [ RunTime:0.000190s ]
INFO: [ template_filter ] --END-- [ RunTime:0.000430s ]
SQL: SHOW COLUMNS FROM `p39_brand` [ RunTime:0.0072s ]
SQL: SELECT `id`,`brand_name` FROM `p39_brand`  [ RunTime:0.0005s ]
INFO: Run Behavior\ParseTemplateBehavior [ RunTime:0.036154s ]
INFO: [ view_parse ] --END-- [ RunTime:0.036357s ]
INFO: [ view_filter ] --START--
INFO: Run Behavior\WriteHtmlCacheBehavior [ RunTime:0.001610s ]
INFO: [ view_filter ] --END-- [ RunTime:0.001792s ]
INFO: [ app_end ] --START--
INFO: Run Behavior\ShowPageTraceBehavior [ RunTime:0.001641s ]
INFO: [ app_end ] --END-- [ RunTime:0.001868s ]

[ 2018-04-14T12:25:10+08:00 ] 127.0.0.1 /index.php/Admin/Goods/edit/id/31.html
INFO: [ app_init ] --START--
INFO: Run Behavior\BuildLiteBehavior [ RunTime:0.000043s ]
INFO: [ app_init ] --END-- [ RunTime:0.001109s ]
INFO: [ app_begin ] --START--
INFO: Run Behavior\ReadHtmlCacheBehavior [ RunTime:0.020120s ]
INFO: [ app_begin ] --END-- [ RunTime:0.020770s ]
SQL: SHOW COLUMNS FROM `p39_goods` [ RunTime:0.0072s ]
SQL: SELECT * FROM `p39_goods` WHERE `id` = 31 LIMIT 1   [ RunTime:0.0008s ]
SQL: SHOW COLUMNS FROM `p39_category` [ RunTime:0.0060s ]
SQL: SELECT * FROM `p39_category`  [ RunTime:0.0007s ]
SQL: SHOW COLUMNS FROM `p39_goods_cat` [ RunTime:0.0059s ]
SQL: SELECT `cat_id` FROM `p39_goods_cat` WHERE `goods_id` = '31'  [ RunTime:0.0008s ]
SQL: SHOW COLUMNS FROM `p39_attribute` [ RunTime:0.1975s ]
SQL: SELECT a.id attr_id,a.attr_name,a.attr_type,a.attr_option_values,b.attr_value,b.id FROM p39_attribute a LEFT JOIN p39_goods_attr b ON (a.id=b.attr_id AND b.goods_id=31)  WHERE a.type_id = '1'  [ RunTime:0.0322s ]
INFO: [ view_parse ] --START--
INFO: [ template_filter ] --START--
INFO: Run Behavior\ContentReplaceBehavior [ RunTime:0.000280s ]
INFO: [ template_filter ] --END-- [ RunTime:0.000498s ]
SQL: SHOW COLUMNS FROM `p39_brand` [ RunTime:0.0111s ]
SQL: SELECT `id`,`brand_name` FROM `p39_brand`  [ RunTime:0.0005s ]
NOTIC: [8] Undefined variable: mlData F:\weblx\www\php39ds\Application\Runtime\Cache\Admin\608b0c961c661bd6d45820311b4b75a7.php 第 137 行.
NOTIC: [2] Invalid argument supplied for foreach() F:\weblx\www\php39ds\Application\Runtime\Cache\Admin\608b0c961c661bd6d45820311b4b75a7.php 第 137 行.
SQL: SHOW COLUMNS FROM `p39_type` [ RunTime:0.0496s ]
SQL: SELECT `id`,`type_name` FROM `p39_type`  [ RunTime:0.0006s ]
INFO: Run Behavior\ParseTemplateBehavior [ RunTime:0.151885s ]
INFO: [ view_parse ] --END-- [ RunTime:0.152104s ]
INFO: [ view_filter ] --START--
INFO: Run Behavior\WriteHtmlCacheBehavior [ RunTime:0.001019s ]
INFO: [ view_filter ] --END-- [ RunTime:0.001197s ]
INFO: [ app_end ] --START--
INFO: Run Behavior\ShowPageTraceBehavior [ RunTime:0.001396s ]
INFO: [ app_end ] --END-- [ RunTime:0.001684s ]

[ 2018-04-14T12:26:14+08:00 ] 127.0.0.1 /index.php/Admin/Goods/ajaxDelAttr/goods_id/31/gaid/8
INFO: [ app_init ] --START--
INFO: Run Behavior\BuildLiteBehavior [ RunTime:0.000041s ]
INFO: [ app_init ] --END-- [ RunTime:0.000997s ]
INFO: [ app_begin ] --START--
INFO: Run Behavior\ReadHtmlCacheBehavior [ RunTime:0.001317s ]
INFO: [ app_begin ] --END-- [ RunTime:0.001476s ]
SQL: SHOW COLUMNS FROM `p39_goods_attr` [ RunTime:0.0061s ]
SQL: DELETE FROM `p39_goods_attr` WHERE `id` = 8 [ RunTime:0.1342s ]
ERR: 1146:Table 'ds39.p39_goods_number' doesn't exist
 [ SQL语句 ] : SHOW COLUMNS FROM `p39_goods_number`
ERR: 1146:Table 'ds39.p39_goods_number' doesn't exist
 [ SQL语句 ] : SHOW COLUMNS FROM `p39_goods_number`

[ 2018-04-14T12:26:25+08:00 ] 127.0.0.1 /index.php/Admin/Goods/edit/id/31.html
INFO: [ app_init ] --START--
INFO: Run Behavior\BuildLiteBehavior [ RunTime:0.000043s ]
INFO: [ app_init ] --END-- [ RunTime:0.000900s ]
INFO: [ app_begin ] --START--
INFO: Run Behavior\ReadHtmlCacheBehavior [ RunTime:0.001055s ]
INFO: [ app_begin ] --END-- [ RunTime:0.001237s ]
SQL: SHOW COLUMNS FROM `p39_goods` [ RunTime:0.0079s ]
SQL: SELECT * FROM `p39_goods` WHERE `id` = 31 LIMIT 1   [ RunTime:0.0004s ]
SQL: SHOW COLUMNS FROM `p39_category` [ RunTime:0.0058s ]
SQL: SELECT * FROM `p39_category`  [ RunTime:0.0007s ]
SQL: SHOW COLUMNS FROM `p39_goods_cat` [ RunTime:0.0064s ]
SQL: SELECT `cat_id` FROM `p39_goods_cat` WHERE `goods_id` = '31'  [ RunTime:0.0003s ]
SQL: SHOW COLUMNS FROM `p39_attribute` [ RunTime:0.0073s ]
SQL: SELECT a.id attr_id,a.attr_name,a.attr_type,a.attr_option_values,b.attr_value,b.id FROM p39_attribute a LEFT JOIN p39_goods_attr b ON (a.id=b.attr_id AND b.goods_id=31)  WHERE a.type_id = '1'  [ RunTime:0.0009s ]
INFO: [ view_parse ] --START--
INFO: [ template_filter ] --START--
INFO: Run Behavior\ContentReplaceBehavior [ RunTime:0.000294s ]
INFO: [ template_filter ] --END-- [ RunTime:0.000505s ]
SQL: SHOW COLUMNS FROM `p39_brand` [ RunTime:0.0074s ]
SQL: SELECT `id`,`brand_name` FROM `p39_brand`  [ RunTime:0.0003s ]
NOTIC: [8] Undefined variable: mlData F:\weblx\www\php39ds\Application\Runtime\Cache\Admin\608b0c961c661bd6d45820311b4b75a7.php 第 137 行.
NOTIC: [2] Invalid argument supplied for foreach() F:\weblx\www\php39ds\Application\Runtime\Cache\Admin\608b0c961c661bd6d45820311b4b75a7.php 第 137 行.
SQL: SHOW COLUMNS FROM `p39_type` [ RunTime:0.0058s ]
SQL: SELECT `id`,`type_name` FROM `p39_type`  [ RunTime:0.0003s ]
INFO: Run Behavior\ParseTemplateBehavior [ RunTime:0.043298s ]
INFO: [ view_parse ] --END-- [ RunTime:0.043554s ]
INFO: [ view_filter ] --START--
INFO: Run Behavior\WriteHtmlCacheBehavior [ RunTime:0.001156s ]
INFO: [ view_filter ] --END-- [ RunTime:0.001343s ]
INFO: [ app_end ] --START--
INFO: Run Behavior\ShowPageTraceBehavior [ RunTime:0.002064s ]
INFO: [ app_end ] --END-- [ RunTime:0.002339s ]

[ 2018-04-14T21:57:56+08:00 ] 127.0.0.1 /index.php/Admin/Goods/lst
INFO: [ app_init ] --START--
INFO: Run Behavior\BuildLiteBehavior [ RunTime:0.000041s ]
INFO: [ app_init ] --END-- [ RunTime:0.000903s ]
INFO: [ app_begin ] --START--
INFO: Run Behavior\ReadHtmlCacheBehavior [ RunTime:0.001090s ]
INFO: [ app_begin ] --END-- [ RunTime:0.001287s ]
SQL: SHOW COLUMNS FROM `p39_goods` [ RunTime:0.2390s ]
SQL: SELECT COUNT(*) AS tp_count FROM p39_goods a LIMIT 1   [ RunTime:0.0018s ]
SQL: SELECT a.*,b.brand_name,c.cat_name,GROUP_CONCAT(e.cat_name SEPARATOR "<br />") ext_cat_name FROM p39_goods a LEFT JOIN p39_brand b ON a.brand_id=b.id         
                LEFT JOIN p39_category c ON a.cat_id=c.id
                LEFT JOIN p39_goods_cat d ON a.id=d.goods_id
                LEFT JOIN p39_category e ON d.cat_id=e.id  GROUP BY a.id ORDER BY a.id desc LIMIT 0,5   [ RunTime:0.1509s ]
SQL: SHOW COLUMNS FROM `p39_category` [ RunTime:0.0062s ]
SQL: SELECT * FROM `p39_category`  [ RunTime:0.0006s ]
INFO: [ view_parse ] --START--
INFO: [ template_filter ] --START--
INFO: Run Behavior\ContentReplaceBehavior [ RunTime:0.000202s ]
INFO: [ template_filter ] --END-- [ RunTime:0.000431s ]
SQL: SHOW COLUMNS FROM `p39_brand` [ RunTime:0.0062s ]
SQL: SELECT `id`,`brand_name` FROM `p39_brand`  [ RunTime:0.0005s ]
INFO: Run Behavior\ParseTemplateBehavior [ RunTime:0.207334s ]
INFO: [ view_parse ] --END-- [ RunTime:0.207537s ]
INFO: [ view_filter ] --START--
INFO: Run Behavior\WriteHtmlCacheBehavior [ RunTime:0.001056s ]
INFO: [ view_filter ] --END-- [ RunTime:0.001238s ]
INFO: [ app_end ] --START--
INFO: Run Behavior\ShowPageTraceBehavior [ RunTime:0.001097s ]
INFO: [ app_end ] --END-- [ RunTime:0.001285s ]

[ 2018-04-14T21:58:02+08:00 ] 127.0.0.1 /index.php/Admin/Goods/goods_number/id/31.html
INFO: [ app_init ] --START--
INFO: Run Behavior\BuildLiteBehavior [ RunTime:0.000041s ]
INFO: [ app_init ] --END-- [ RunTime:0.000893s ]
INFO: [ app_begin ] --START--
INFO: Run Behavior\ReadHtmlCacheBehavior [ RunTime:0.001069s ]
INFO: [ app_begin ] --END-- [ RunTime:0.001258s ]
SQL: SHOW COLUMNS FROM `p39_goods_attr` [ RunTime:0.0662s ]
SQL: SELECT * FROM `p39_goods_attr` WHERE `goods_id` = '31'  [ RunTime:0.0009s ]
INFO: [ app_end ] --START--
INFO: Run Behavior\ShowPageTraceBehavior [ RunTime:0.001334s ]
INFO: [ app_end ] --END-- [ RunTime:0.001557s ]

[ 2018-04-14T21:58:11+08:00 ] 127.0.0.1 /index.php/Admin/Goods/goods_number/id/31.html
INFO: [ app_init ] --START--
INFO: Run Behavior\BuildLiteBehavior [ RunTime:0.000063s ]
INFO: [ app_init ] --END-- [ RunTime:0.001098s ]
INFO: [ app_begin ] --START--
INFO: Run Behavior\ReadHtmlCacheBehavior [ RunTime:0.001705s ]
INFO: [ app_begin ] --END-- [ RunTime:0.001926s ]
SQL: SHOW COLUMNS FROM `p39_goods_attr` [ RunTime:0.0070s ]
SQL: SELECT * FROM `p39_goods_attr` WHERE `goods_id` = '31'  [ RunTime:0.0006s ]
INFO: [ app_end ] --START--
INFO: Run Behavior\ShowPageTraceBehavior [ RunTime:0.001732s ]
INFO: [ app_end ] --END-- [ RunTime:0.001960s ]

[ 2018-04-14T22:03:16+08:00 ] 127.0.0.1 /index.php/Admin/Goods/goods_number/id/31.html
INFO: [ app_init ] --START--
INFO: Run Behavior\BuildLiteBehavior [ RunTime:0.000047s ]
INFO: [ app_init ] --END-- [ RunTime:0.001266s ]
INFO: [ app_begin ] --START--
INFO: Run Behavior\ReadHtmlCacheBehavior [ RunTime:0.002079s ]
INFO: [ app_begin ] --END-- [ RunTime:0.002278s ]
SQL: SHOW COLUMNS FROM `p39_goods_attr` [ RunTime:0.0080s ]
SQL: SELECT * FROM p39_goods_attr a LEFT JOIN p39_attribute b ON a.attr_id=b.id  WHERE `goods_id` = '31' AND b.attr_type = '可选'  [ RunTime:0.0010s ]
INFO: [ app_end ] --START--
INFO: Run Behavior\ShowPageTraceBehavior [ RunTime:0.001496s ]
INFO: [ app_end ] --END-- [ RunTime:0.001697s ]

