[ 2018-04-12T18:06:58+08:00 ] 127.0.0.1 /index.php/Admin/Goods/lst
INFO: [ app_init ] --START--
INFO: Run Behavior\BuildLiteBehavior [ RunTime:0.000050s ]
INFO: [ app_init ] --END-- [ RunTime:0.001500s ]
INFO: [ app_begin ] --START--
INFO: Run Behavior\ReadHtmlCacheBehavior [ RunTime:0.001688s ]
INFO: [ app_begin ] --END-- [ RunTime:0.001893s ]
SQL: SHOW COLUMNS FROM `p39_goods` [ RunTime:0.0088s ]
SQL: SELECT COUNT(*) AS tp_count FROM p39_goods a LIMIT 1   [ RunTime:0.0459s ]
SQL: SELECT a.*,b.brand_name,c.cat_name,GROUP_CONCAT(e.cat_name SEPARATOR "<br />") ext_cat_name FROM p39_goods a LEFT JOIN p39_brand b ON a.brand_id=b.id         
                LEFT JOIN p39_category c ON a.cat_id=c.id
                LEFT JOIN p39_goods_cat d ON a.id=d.goods_id
                LEFT JOIN p39_category e ON d.cat_id=e.id  GROUP BY a.id ORDER BY a.id desc LIMIT 0,5   [ RunTime:0.0215s ]
SQL: SHOW COLUMNS FROM `p39_category` [ RunTime:0.0074s ]
SQL: SELECT * FROM `p39_category`  [ RunTime:0.0006s ]
INFO: [ view_parse ] --START--
INFO: [ template_filter ] --START--
INFO: Run Behavior\ContentReplaceBehavior [ RunTime:0.000209s ]
INFO: [ template_filter ] --END-- [ RunTime:0.000501s ]
SQL: SHOW COLUMNS FROM `p39_brand` [ RunTime:0.0077s ]
SQL: SELECT `id`,`brand_name` FROM `p39_brand`  [ RunTime:0.0005s ]
INFO: Run Behavior\ParseTemplateBehavior [ RunTime:0.071049s ]
INFO: [ view_parse ] --END-- [ RunTime:0.071313s ]
INFO: [ view_filter ] --START--
INFO: Run Behavior\WriteHtmlCacheBehavior [ RunTime:0.001226s ]
INFO: [ view_filter ] --END-- [ RunTime:0.001409s ]
INFO: [ app_end ] --START--
INFO: Run Behavior\ShowPageTraceBehavior [ RunTime:0.001398s ]
INFO: [ app_end ] --END-- [ RunTime:0.001625s ]

[ 2018-04-12T19:39:03+08:00 ] 127.0.0.1 /index.php/Admin/Goods/edit/id/22.html
INFO: [ app_init ] --START--
INFO: Run Behavior\BuildLiteBehavior [ RunTime:0.000045s ]
INFO: [ app_init ] --END-- [ RunTime:0.002121s ]
INFO: [ app_begin ] --START--
INFO: Run Behavior\ReadHtmlCacheBehavior [ RunTime:0.001522s ]
INFO: [ app_begin ] --END-- [ RunTime:0.001775s ]
SQL: SHOW COLUMNS FROM `p39_goods` [ RunTime:0.0087s ]
SQL: SELECT * FROM `p39_goods` WHERE `id` = 22 LIMIT 1   [ RunTime:0.0319s ]
SQL: SHOW COLUMNS FROM `p39_category` [ RunTime:0.0064s ]
SQL: SELECT * FROM `p39_category`  [ RunTime:0.0033s ]
SQL: SHOW COLUMNS FROM `p39_goods_cat` [ RunTime:0.0064s ]
SQL: SELECT `cat_id` FROM `p39_goods_cat` WHERE `goods_id` = '22'  [ RunTime:0.1034s ]
INFO: [ view_parse ] --START--
INFO: [ template_filter ] --START--
INFO: Run Behavior\ContentReplaceBehavior [ RunTime:0.000213s ]
INFO: [ template_filter ] --END-- [ RunTime:0.000421s ]
SQL: SHOW COLUMNS FROM `p39_brand` [ RunTime:0.0080s ]
SQL: SELECT `id`,`brand_name` FROM `p39_brand`  [ RunTime:0.0006s ]
INFO: Run Behavior\ParseTemplateBehavior [ RunTime:0.080391s ]
INFO: [ view_parse ] --END-- [ RunTime:0.080605s ]
INFO: [ view_filter ] --START--
INFO: Run Behavior\WriteHtmlCacheBehavior [ RunTime:0.001307s ]
INFO: [ view_filter ] --END-- [ RunTime:0.001511s ]
INFO: [ app_end ] --START--
INFO: Run Behavior\ShowPageTraceBehavior [ RunTime:0.001934s ]
INFO: [ app_end ] --END-- [ RunTime:0.002130s ]

[ 2018-04-12T19:39:07+08:00 ] 127.0.0.1 /index.php/Admin/Goods/edit
INFO: [ app_init ] --START--
INFO: Run Behavior\BuildLiteBehavior [ RunTime:0.000043s ]
INFO: [ app_init ] --END-- [ RunTime:0.000968s ]
INFO: [ app_begin ] --START--
INFO: Run Behavior\ReadHtmlCacheBehavior [ RunTime:0.001377s ]
INFO: [ app_begin ] --END-- [ RunTime:0.001567s ]
SQL: SHOW COLUMNS FROM `p39_goods` [ RunTime:0.0078s ]
SQL: SELECT * FROM `p39_goods` WHERE `id` = 0 LIMIT 1   [ RunTime:0.0008s ]
SQL: SHOW COLUMNS FROM `p39_category` [ RunTime:0.0109s ]
SQL: SELECT * FROM `p39_category`  [ RunTime:0.0006s ]
SQL: SHOW COLUMNS FROM `p39_goods_cat` [ RunTime:0.0088s ]
SQL: SELECT `cat_id` FROM `p39_goods_cat` WHERE `goods_id` = ''  [ RunTime:0.0007s ]
INFO: [ view_parse ] --START--
INFO: [ template_filter ] --START--
INFO: Run Behavior\ContentReplaceBehavior [ RunTime:0.000666s ]
INFO: [ template_filter ] --END-- [ RunTime:0.000914s ]
SQL: SHOW COLUMNS FROM `p39_brand` [ RunTime:0.0071s ]
SQL: SELECT `id`,`brand_name` FROM `p39_brand`  [ RunTime:0.0003s ]
INFO: Run Behavior\ParseTemplateBehavior [ RunTime:0.039610s ]
INFO: [ view_parse ] --END-- [ RunTime:0.039825s ]
INFO: [ view_filter ] --START--
INFO: Run Behavior\WriteHtmlCacheBehavior [ RunTime:0.003489s ]
INFO: [ view_filter ] --END-- [ RunTime:0.003743s ]
INFO: [ app_end ] --START--
INFO: Run Behavior\ShowPageTraceBehavior [ RunTime:0.005082s ]
INFO: [ app_end ] --END-- [ RunTime:0.005317s ]

[ 2018-04-12T19:39:47+08:00 ] 127.0.0.1 /index.php/Admin/Goods/lst
INFO: [ app_init ] --START--
INFO: Run Behavior\BuildLiteBehavior [ RunTime:0.000042s ]
INFO: [ app_init ] --END-- [ RunTime:0.000892s ]
INFO: [ app_begin ] --START--
INFO: Run Behavior\ReadHtmlCacheBehavior [ RunTime:0.001241s ]
INFO: [ app_begin ] --END-- [ RunTime:0.001433s ]
SQL: SHOW COLUMNS FROM `p39_goods` [ RunTime:0.0086s ]
SQL: SELECT COUNT(*) AS tp_count FROM p39_goods a LIMIT 1   [ RunTime:0.0005s ]
SQL: SELECT a.*,b.brand_name,c.cat_name,GROUP_CONCAT(e.cat_name SEPARATOR "<br />") ext_cat_name FROM p39_goods a LEFT JOIN p39_brand b ON a.brand_id=b.id         
                LEFT JOIN p39_category c ON a.cat_id=c.id
                LEFT JOIN p39_goods_cat d ON a.id=d.goods_id
                LEFT JOIN p39_category e ON d.cat_id=e.id  GROUP BY a.id ORDER BY a.id desc LIMIT 0,5   [ RunTime:0.0005s ]
SQL: SHOW COLUMNS FROM `p39_category` [ RunTime:0.0074s ]
SQL: SELECT * FROM `p39_category`  [ RunTime:0.0004s ]
INFO: [ view_parse ] --START--
INFO: [ template_filter ] --START--
INFO: Run Behavior\ContentReplaceBehavior [ RunTime:0.000200s ]
INFO: [ template_filter ] --END-- [ RunTime:0.000428s ]
SQL: SHOW COLUMNS FROM `p39_brand` [ RunTime:0.0075s ]
SQL: SELECT `id`,`brand_name` FROM `p39_brand`  [ RunTime:0.0004s ]
INFO: Run Behavior\ParseTemplateBehavior [ RunTime:0.041231s ]
INFO: [ view_parse ] --END-- [ RunTime:0.041424s ]
INFO: [ view_filter ] --START--
INFO: Run Behavior\WriteHtmlCacheBehavior [ RunTime:0.000944s ]
INFO: [ view_filter ] --END-- [ RunTime:0.001124s ]
INFO: [ app_end ] --START--
INFO: Run Behavior\ShowPageTraceBehavior [ RunTime:0.001604s ]
INFO: [ app_end ] --END-- [ RunTime:0.001802s ]

[ 2018-04-12T19:39:54+08:00 ] 127.0.0.1 /index.php/Admin/Goods/edit/id/30.html
INFO: [ app_init ] --START--
INFO: Run Behavior\BuildLiteBehavior [ RunTime:0.000043s ]
INFO: [ app_init ] --END-- [ RunTime:0.001287s ]
INFO: [ app_begin ] --START--
INFO: Run Behavior\ReadHtmlCacheBehavior [ RunTime:0.001157s ]
INFO: [ app_begin ] --END-- [ RunTime:0.001350s ]
SQL: SHOW COLUMNS FROM `p39_goods` [ RunTime:0.0101s ]
SQL: SELECT * FROM `p39_goods` WHERE `id` = 30 LIMIT 1   [ RunTime:0.0014s ]
SQL: SHOW COLUMNS FROM `p39_category` [ RunTime:0.0105s ]
SQL: SELECT * FROM `p39_category`  [ RunTime:0.0004s ]
SQL: SHOW COLUMNS FROM `p39_goods_cat` [ RunTime:0.0105s ]
SQL: SELECT `cat_id` FROM `p39_goods_cat` WHERE `goods_id` = '30'  [ RunTime:0.0007s ]
INFO: [ view_parse ] --START--
INFO: [ template_filter ] --START--
INFO: Run Behavior\ContentReplaceBehavior [ RunTime:0.000225s ]
INFO: [ template_filter ] --END-- [ RunTime:0.000442s ]
SQL: SHOW COLUMNS FROM `p39_brand` [ RunTime:0.0091s ]
SQL: SELECT `id`,`brand_name` FROM `p39_brand`  [ RunTime:0.0003s ]
INFO: Run Behavior\ParseTemplateBehavior [ RunTime:0.030867s ]
INFO: [ view_parse ] --END-- [ RunTime:0.031068s ]
INFO: [ view_filter ] --START--
INFO: Run Behavior\WriteHtmlCacheBehavior [ RunTime:0.000683s ]
INFO: [ view_filter ] --END-- [ RunTime:0.000868s ]
INFO: [ app_end ] --START--
INFO: Run Behavior\ShowPageTraceBehavior [ RunTime:0.001028s ]
INFO: [ app_end ] --END-- [ RunTime:0.001208s ]

[ 2018-04-12T19:41:35+08:00 ] 127.0.0.1 /index.php/Admin/Goods/edit/id/30.html
INFO: [ app_init ] --START--
INFO: Run Behavior\BuildLiteBehavior [ RunTime:0.000041s ]
INFO: [ app_init ] --END-- [ RunTime:0.000914s ]
INFO: [ app_begin ] --START--
INFO: Run Behavior\ReadHtmlCacheBehavior [ RunTime:0.001309s ]
INFO: [ app_begin ] --END-- [ RunTime:0.001496s ]
SQL: SHOW COLUMNS FROM `p39_goods` [ RunTime:0.0084s ]
SQL: SELECT * FROM `p39_goods` WHERE `id` = 30 LIMIT 1   [ RunTime:0.0005s ]
SQL: SHOW COLUMNS FROM `p39_category` [ RunTime:0.0067s ]
SQL: SELECT * FROM `p39_category`  [ RunTime:0.0005s ]
SQL: SHOW COLUMNS FROM `p39_goods_cat` [ RunTime:0.0065s ]
SQL: SELECT `cat_id` FROM `p39_goods_cat` WHERE `goods_id` = '30'  [ RunTime:0.0003s ]
INFO: [ view_parse ] --START--
INFO: [ template_filter ] --START--
INFO: Run Behavior\ContentReplaceBehavior [ RunTime:0.000219s ]
INFO: [ template_filter ] --END-- [ RunTime:0.000502s ]
SQL: SHOW COLUMNS FROM `p39_brand` [ RunTime:0.0082s ]
SQL: SELECT `id`,`brand_name` FROM `p39_brand`  [ RunTime:0.0004s ]
INFO: Run Behavior\ParseTemplateBehavior [ RunTime:0.031886s ]
INFO: [ view_parse ] --END-- [ RunTime:0.032080s ]
INFO: [ view_filter ] --START--
INFO: Run Behavior\WriteHtmlCacheBehavior [ RunTime:0.001031s ]
INFO: [ view_filter ] --END-- [ RunTime:0.001217s ]
INFO: [ app_end ] --START--
INFO: Run Behavior\ShowPageTraceBehavior [ RunTime:0.001140s ]
INFO: [ app_end ] --END-- [ RunTime:0.001325s ]

[ 2018-04-12T19:41:51+08:00 ] 127.0.0.1 /index.php/Admin/Goods/add
INFO: [ app_init ] --START--
INFO: Run Behavior\BuildLiteBehavior [ RunTime:0.000041s ]
INFO: [ app_init ] --END-- [ RunTime:0.000873s ]
INFO: [ app_begin ] --START--
INFO: Run Behavior\ReadHtmlCacheBehavior [ RunTime:0.001190s ]
INFO: [ app_begin ] --END-- [ RunTime:0.001432s ]
SQL: SHOW COLUMNS FROM `p39_member_level` [ RunTime:0.0341s ]
SQL: SELECT * FROM `p39_member_level`  [ RunTime:0.0006s ]
SQL: SHOW COLUMNS FROM `p39_category` [ RunTime:0.0075s ]
SQL: SELECT * FROM `p39_category`  [ RunTime:0.0005s ]
INFO: [ view_parse ] --START--
INFO: [ template_filter ] --START--
INFO: Run Behavior\ContentReplaceBehavior [ RunTime:0.000243s ]
INFO: [ template_filter ] --END-- [ RunTime:0.000464s ]
SQL: SHOW COLUMNS FROM `p39_brand` [ RunTime:0.0075s ]
SQL: SELECT `id`,`brand_name` FROM `p39_brand`  [ RunTime:0.0003s ]
SQL: SHOW COLUMNS FROM `p39_type` [ RunTime:0.0493s ]
SQL: SELECT `id`,`type_name` FROM `p39_type`  [ RunTime:0.0005s ]
INFO: Run Behavior\ParseTemplateBehavior [ RunTime:0.205632s ]
INFO: [ view_parse ] --END-- [ RunTime:0.205840s ]
INFO: [ view_filter ] --START--
INFO: Run Behavior\WriteHtmlCacheBehavior [ RunTime:0.000877s ]
INFO: [ view_filter ] --END-- [ RunTime:0.001120s ]
INFO: [ app_end ] --START--
INFO: Run Behavior\ShowPageTraceBehavior [ RunTime:0.001217s ]
INFO: [ app_end ] --END-- [ RunTime:0.001405s ]

[ 2018-04-12T19:43:17+08:00 ] 127.0.0.1 /index.php/Admin/Goods/edit/id/30.html
INFO: [ app_init ] --START--
INFO: Run Behavior\BuildLiteBehavior [ RunTime:0.000042s ]
INFO: [ app_init ] --END-- [ RunTime:0.000929s ]
INFO: [ app_begin ] --START--
INFO: Run Behavior\ReadHtmlCacheBehavior [ RunTime:0.001286s ]
INFO: [ app_begin ] --END-- [ RunTime:0.001681s ]
SQL: SHOW COLUMNS FROM `p39_goods` [ RunTime:0.0070s ]
SQL: SELECT * FROM `p39_goods` WHERE `id` = 30 LIMIT 1   [ RunTime:0.0004s ]
SQL: SHOW COLUMNS FROM `p39_category` [ RunTime:0.0068s ]
SQL: SELECT * FROM `p39_category`  [ RunTime:0.0004s ]
SQL: SHOW COLUMNS FROM `p39_goods_cat` [ RunTime:0.0069s ]
SQL: SELECT `cat_id` FROM `p39_goods_cat` WHERE `goods_id` = '30'  [ RunTime:0.0003s ]
INFO: [ view_parse ] --START--
INFO: [ template_filter ] --START--
INFO: Run Behavior\ContentReplaceBehavior [ RunTime:0.000506s ]
INFO: [ template_filter ] --END-- [ RunTime:0.000817s ]
SQL: SHOW COLUMNS FROM `p39_brand` [ RunTime:0.0069s ]
SQL: SELECT `id`,`brand_name` FROM `p39_brand`  [ RunTime:0.0003s ]
NOTIC: [8] Undefined variable: mlData F:\weblx\www\php39ds\Application\Runtime\Cache\Admin\608b0c961c661bd6d45820311b4b75a7.php 第 119 行.
NOTIC: [2] Invalid argument supplied for foreach() F:\weblx\www\php39ds\Application\Runtime\Cache\Admin\608b0c961c661bd6d45820311b4b75a7.php 第 119 行.
SQL: SHOW COLUMNS FROM `p39_type` [ RunTime:0.0061s ]
SQL: SELECT `id`,`type_name` FROM `p39_type`  [ RunTime:0.0003s ]
INFO: Run Behavior\ParseTemplateBehavior [ RunTime:0.043420s ]
INFO: [ view_parse ] --END-- [ RunTime:0.043608s ]
INFO: [ view_filter ] --START--
INFO: Run Behavior\WriteHtmlCacheBehavior [ RunTime:0.000838s ]
INFO: [ view_filter ] --END-- [ RunTime:0.001015s ]
INFO: [ app_end ] --START--
INFO: Run Behavior\ShowPageTraceBehavior [ RunTime:0.001155s ]
INFO: [ app_end ] --END-- [ RunTime:0.001340s ]

[ 2018-04-12T19:43:33+08:00 ] 127.0.0.1 /index.php/Admin/Goods/ajaxGetAttr/type_id/1
INFO: [ app_init ] --START--
INFO: Run Behavior\BuildLiteBehavior [ RunTime:0.000042s ]
INFO: [ app_init ] --END-- [ RunTime:0.000966s ]
INFO: [ app_begin ] --START--
INFO: Run Behavior\ReadHtmlCacheBehavior [ RunTime:0.001057s ]
INFO: [ app_begin ] --END-- [ RunTime:0.001218s ]
SQL: SHOW COLUMNS FROM `p39_attribute` [ RunTime:0.0453s ]
SQL: SELECT * FROM `p39_attribute` WHERE `type_id` = '1'  [ RunTime:0.0093s ]
INFO: [ app_end ] --START--
INFO: Run Behavior\ShowPageTraceBehavior [ RunTime:0.001278s ]
INFO: [ app_end ] --END-- [ RunTime:0.001517s ]

[ 2018-04-12T19:44:02+08:00 ] 127.0.0.1 /index.php/Admin/Goods/edit/id/30.html
INFO: [ app_init ] --START--
INFO: Run Behavior\BuildLiteBehavior [ RunTime:0.000044s ]
INFO: [ app_init ] --END-- [ RunTime:0.000881s ]
INFO: [ app_begin ] --START--
INFO: Run Behavior\ReadHtmlCacheBehavior [ RunTime:0.001183s ]
INFO: [ app_begin ] --END-- [ RunTime:0.001407s ]
SQL: SHOW COLUMNS FROM `p39_goods` [ RunTime:0.0089s ]
SQL: SELECT * FROM `p39_goods` WHERE `id` = 30 LIMIT 1   [ RunTime:0.0010s ]
SQL: SHOW COLUMNS FROM `p39_category` [ RunTime:0.0069s ]
SQL: SELECT * FROM `p39_category`  [ RunTime:0.0004s ]
SQL: SHOW COLUMNS FROM `p39_goods_cat` [ RunTime:0.0098s ]
SQL: SELECT `cat_id` FROM `p39_goods_cat` WHERE `goods_id` = '30'  [ RunTime:0.0004s ]
INFO: [ view_parse ] --START--
INFO: [ template_filter ] --START--
INFO: Run Behavior\ContentReplaceBehavior [ RunTime:0.000260s ]
INFO: [ template_filter ] --END-- [ RunTime:0.000530s ]
SQL: SHOW COLUMNS FROM `p39_brand` [ RunTime:0.0083s ]
SQL: SELECT `id`,`brand_name` FROM `p39_brand`  [ RunTime:0.0004s ]
NOTIC: [8] Undefined variable: mlData F:\weblx\www\php39ds\Application\Runtime\Cache\Admin\608b0c961c661bd6d45820311b4b75a7.php 第 119 行.
NOTIC: [2] Invalid argument supplied for foreach() F:\weblx\www\php39ds\Application\Runtime\Cache\Admin\608b0c961c661bd6d45820311b4b75a7.php 第 119 行.
SQL: SHOW COLUMNS FROM `p39_type` [ RunTime:0.0068s ]
SQL: SELECT `id`,`type_name` FROM `p39_type`  [ RunTime:0.0004s ]
INFO: Run Behavior\ParseTemplateBehavior [ RunTime:0.053573s ]
INFO: [ view_parse ] --END-- [ RunTime:0.053778s ]
INFO: [ view_filter ] --START--
INFO: Run Behavior\WriteHtmlCacheBehavior [ RunTime:0.000895s ]
INFO: [ view_filter ] --END-- [ RunTime:0.001074s ]
INFO: [ app_end ] --START--
INFO: Run Behavior\ShowPageTraceBehavior [ RunTime:0.002457s ]
INFO: [ app_end ] --END-- [ RunTime:0.002665s ]

[ 2018-04-12T19:45:38+08:00 ] 127.0.0.1 /index.php/Admin/Goods/edit/id/30.html
INFO: [ app_init ] --START--
INFO: Run Behavior\BuildLiteBehavior [ RunTime:0.000043s ]
INFO: [ app_init ] --END-- [ RunTime:0.000889s ]
INFO: [ app_begin ] --START--
INFO: Run Behavior\ReadHtmlCacheBehavior [ RunTime:0.001875s ]
INFO: [ app_begin ] --END-- [ RunTime:0.002080s ]
SQL: SHOW COLUMNS FROM `p39_goods` [ RunTime:0.0071s ]
SQL: SELECT * FROM `p39_goods` WHERE `id` = 30 LIMIT 1   [ RunTime:0.0005s ]
SQL: SHOW COLUMNS FROM `p39_category` [ RunTime:0.0074s ]
SQL: SELECT * FROM `p39_category`  [ RunTime:0.0005s ]
SQL: SHOW COLUMNS FROM `p39_goods_cat` [ RunTime:0.0057s ]
SQL: SELECT `cat_id` FROM `p39_goods_cat` WHERE `goods_id` = '30'  [ RunTime:0.0005s ]
INFO: [ view_parse ] --START--
INFO: [ template_filter ] --START--
INFO: Run Behavior\ContentReplaceBehavior [ RunTime:0.000264s ]
INFO: [ template_filter ] --END-- [ RunTime:0.000505s ]
SQL: SHOW COLUMNS FROM `p39_brand` [ RunTime:0.0081s ]
SQL: SELECT `id`,`brand_name` FROM `p39_brand`  [ RunTime:0.0004s ]
NOTIC: [8] Undefined variable: mlData F:\weblx\www\php39ds\Application\Runtime\Cache\Admin\608b0c961c661bd6d45820311b4b75a7.php 第 119 行.
NOTIC: [2] Invalid argument supplied for foreach() F:\weblx\www\php39ds\Application\Runtime\Cache\Admin\608b0c961c661bd6d45820311b4b75a7.php 第 119 行.
SQL: SHOW COLUMNS FROM `p39_type` [ RunTime:0.0075s ]
SQL: SELECT `id`,`type_name` FROM `p39_type`  [ RunTime:0.0006s ]
INFO: Run Behavior\ParseTemplateBehavior [ RunTime:0.044500s ]
INFO: [ view_parse ] --END-- [ RunTime:0.044689s ]
INFO: [ view_filter ] --START--
INFO: Run Behavior\WriteHtmlCacheBehavior [ RunTime:0.001145s ]
INFO: [ view_filter ] --END-- [ RunTime:0.001356s ]
INFO: [ app_end ] --START--
INFO: Run Behavior\ShowPageTraceBehavior [ RunTime:0.014201s ]
INFO: [ app_end ] --END-- [ RunTime:0.014442s ]

[ 2018-04-12T19:45:50+08:00 ] 127.0.0.1 /index.php/Admin/Goods/alst
INFO: [ app_init ] --START--
INFO: Run Behavior\BuildLiteBehavior [ RunTime:0.000042s ]
INFO: [ app_init ] --END-- [ RunTime:0.000879s ]
INFO: [ app_begin ] --START--
INFO: Run Behavior\ReadHtmlCacheBehavior [ RunTime:0.003338s ]
INFO: [ app_begin ] --END-- [ RunTime:0.003558s ]
ERR: 非法操作:alst

[ 2018-04-12T19:45:56+08:00 ] 127.0.0.1 /index.php/Admin/Goods/lst
INFO: [ app_init ] --START--
INFO: Run Behavior\BuildLiteBehavior [ RunTime:0.000041s ]
INFO: [ app_init ] --END-- [ RunTime:0.000791s ]
INFO: [ app_begin ] --START--
INFO: Run Behavior\ReadHtmlCacheBehavior [ RunTime:0.000946s ]
INFO: [ app_begin ] --END-- [ RunTime:0.001130s ]
SQL: SHOW COLUMNS FROM `p39_goods` [ RunTime:0.0066s ]
SQL: SELECT COUNT(*) AS tp_count FROM p39_goods a LIMIT 1   [ RunTime:0.0010s ]
SQL: SELECT a.*,b.brand_name,c.cat_name,GROUP_CONCAT(e.cat_name SEPARATOR "<br />") ext_cat_name FROM p39_goods a LEFT JOIN p39_brand b ON a.brand_id=b.id         
                LEFT JOIN p39_category c ON a.cat_id=c.id
                LEFT JOIN p39_goods_cat d ON a.id=d.goods_id
                LEFT JOIN p39_category e ON d.cat_id=e.id  GROUP BY a.id ORDER BY a.id desc LIMIT 0,5   [ RunTime:0.0011s ]
SQL: SHOW COLUMNS FROM `p39_category` [ RunTime:0.0072s ]
SQL: SELECT * FROM `p39_category`  [ RunTime:0.0004s ]
INFO: [ view_parse ] --START--
INFO: [ template_filter ] --START--
INFO: Run Behavior\ContentReplaceBehavior [ RunTime:0.000208s ]
INFO: [ template_filter ] --END-- [ RunTime:0.000448s ]
SQL: SHOW COLUMNS FROM `p39_brand` [ RunTime:0.0062s ]
SQL: SELECT `id`,`brand_name` FROM `p39_brand`  [ RunTime:0.0003s ]
INFO: Run Behavior\ParseTemplateBehavior [ RunTime:0.037078s ]
INFO: [ view_parse ] --END-- [ RunTime:0.037274s ]
INFO: [ view_filter ] --START--
INFO: Run Behavior\WriteHtmlCacheBehavior [ RunTime:0.000936s ]
INFO: [ view_filter ] --END-- [ RunTime:0.001112s ]
INFO: [ app_end ] --START--
INFO: Run Behavior\ShowPageTraceBehavior [ RunTime:0.001592s ]
INFO: [ app_end ] --END-- [ RunTime:0.001786s ]

[ 2018-04-12T19:46:05+08:00 ] 127.0.0.1 /index.php/Admin/Goods/edit/id/30.html
INFO: [ app_init ] --START--
INFO: Run Behavior\BuildLiteBehavior [ RunTime:0.000041s ]
INFO: [ app_init ] --END-- [ RunTime:0.000803s ]
INFO: [ app_begin ] --START--
INFO: Run Behavior\ReadHtmlCacheBehavior [ RunTime:0.000963s ]
INFO: [ app_begin ] --END-- [ RunTime:0.001150s ]
SQL: SHOW COLUMNS FROM `p39_goods` [ RunTime:0.0077s ]
SQL: SELECT * FROM `p39_goods` WHERE `id` = 30 LIMIT 1   [ RunTime:0.0005s ]
SQL: SHOW COLUMNS FROM `p39_category` [ RunTime:0.0094s ]
SQL: SELECT * FROM `p39_category`  [ RunTime:0.0004s ]
SQL: SHOW COLUMNS FROM `p39_goods_cat` [ RunTime:0.0060s ]
SQL: SELECT `cat_id` FROM `p39_goods_cat` WHERE `goods_id` = '30'  [ RunTime:0.0004s ]
INFO: [ view_parse ] --START--
INFO: [ template_filter ] --START--
INFO: Run Behavior\ContentReplaceBehavior [ RunTime:0.000253s ]
INFO: [ template_filter ] --END-- [ RunTime:0.000470s ]
SQL: SHOW COLUMNS FROM `p39_brand` [ RunTime:0.0065s ]
SQL: SELECT `id`,`brand_name` FROM `p39_brand`  [ RunTime:0.0004s ]
NOTIC: [8] Undefined variable: mlData F:\weblx\www\php39ds\Application\Runtime\Cache\Admin\608b0c961c661bd6d45820311b4b75a7.php 第 119 行.
NOTIC: [2] Invalid argument supplied for foreach() F:\weblx\www\php39ds\Application\Runtime\Cache\Admin\608b0c961c661bd6d45820311b4b75a7.php 第 119 行.
SQL: SHOW COLUMNS FROM `p39_type` [ RunTime:0.0089s ]
SQL: SELECT `id`,`type_name` FROM `p39_type`  [ RunTime:0.0003s ]
INFO: Run Behavior\ParseTemplateBehavior [ RunTime:0.038995s ]
INFO: [ view_parse ] --END-- [ RunTime:0.039189s ]
INFO: [ view_filter ] --START--
INFO: Run Behavior\WriteHtmlCacheBehavior [ RunTime:0.000671s ]
INFO: [ view_filter ] --END-- [ RunTime:0.000847s ]
INFO: [ app_end ] --START--
INFO: Run Behavior\ShowPageTraceBehavior [ RunTime:0.000978s ]
INFO: [ app_end ] --END-- [ RunTime:0.001160s ]

[ 2018-04-12T19:47:33+08:00 ] 127.0.0.1 /index.php/Admin/Goods/edit/id/30.html
INFO: [ app_init ] --START--
INFO: Run Behavior\BuildLiteBehavior [ RunTime:0.000046s ]
INFO: [ app_init ] --END-- [ RunTime:0.000864s ]
INFO: [ app_begin ] --START--
INFO: Run Behavior\ReadHtmlCacheBehavior [ RunTime:0.001109s ]
INFO: [ app_begin ] --END-- [ RunTime:0.001313s ]
SQL: SHOW COLUMNS FROM `p39_goods` [ RunTime:0.0078s ]
SQL: SELECT * FROM `p39_goods` WHERE `id` = 30 LIMIT 1   [ RunTime:0.0005s ]
SQL: SHOW COLUMNS FROM `p39_category` [ RunTime:0.0065s ]
SQL: SELECT * FROM `p39_category`  [ RunTime:0.0004s ]
SQL: SHOW COLUMNS FROM `p39_goods_cat` [ RunTime:0.0067s ]
SQL: SELECT `cat_id` FROM `p39_goods_cat` WHERE `goods_id` = '30'  [ RunTime:0.0003s ]
INFO: [ view_parse ] --START--
INFO: [ template_filter ] --START--
INFO: Run Behavior\ContentReplaceBehavior [ RunTime:0.000309s ]
INFO: [ template_filter ] --END-- [ RunTime:0.000545s ]
SQL: SHOW COLUMNS FROM `p39_brand` [ RunTime:0.0062s ]
SQL: SELECT `id`,`brand_name` FROM `p39_brand`  [ RunTime:0.0003s ]
NOTIC: [8] Undefined variable: mlData F:\weblx\www\php39ds\Application\Runtime\Cache\Admin\608b0c961c661bd6d45820311b4b75a7.php 第 119 行.
NOTIC: [2] Invalid argument supplied for foreach() F:\weblx\www\php39ds\Application\Runtime\Cache\Admin\608b0c961c661bd6d45820311b4b75a7.php 第 119 行.
SQL: SHOW COLUMNS FROM `p39_type` [ RunTime:0.0092s ]
SQL: SELECT `id`,`type_name` FROM `p39_type`  [ RunTime:0.0004s ]
INFO: Run Behavior\ParseTemplateBehavior [ RunTime:0.061544s ]
INFO: [ view_parse ] --END-- [ RunTime:0.061745s ]
INFO: [ view_filter ] --START--
INFO: Run Behavior\WriteHtmlCacheBehavior [ RunTime:0.000719s ]
INFO: [ view_filter ] --END-- [ RunTime:0.000896s ]
INFO: [ app_end ] --START--
INFO: Run Behavior\ShowPageTraceBehavior [ RunTime:0.001002s ]
INFO: [ app_end ] --END-- [ RunTime:0.001184s ]

[ 2018-04-12T19:47:38+08:00 ] 127.0.0.1 /index.php/Admin/Goods/ajaxGetAttr/type_id/1
INFO: [ app_init ] --START--
INFO: Run Behavior\BuildLiteBehavior [ RunTime:0.000040s ]
INFO: [ app_init ] --END-- [ RunTime:0.000798s ]
INFO: [ app_begin ] --START--
INFO: Run Behavior\ReadHtmlCacheBehavior [ RunTime:0.000947s ]
INFO: [ app_begin ] --END-- [ RunTime:0.001105s ]
SQL: SHOW COLUMNS FROM `p39_attribute` [ RunTime:0.0063s ]
SQL: SELECT * FROM `p39_attribute` WHERE `type_id` = '1'  [ RunTime:0.0005s ]
INFO: [ app_end ] --START--
INFO: Run Behavior\ShowPageTraceBehavior [ RunTime:0.001172s ]
INFO: [ app_end ] --END-- [ RunTime:0.001367s ]

[ 2018-04-12T19:48:22+08:00 ] 127.0.0.1 /index.php/Admin/Goods/lst
INFO: [ app_init ] --START--
INFO: Run Behavior\BuildLiteBehavior [ RunTime:0.000041s ]
INFO: [ app_init ] --END-- [ RunTime:0.000897s ]
INFO: [ app_begin ] --START--
INFO: Run Behavior\ReadHtmlCacheBehavior [ RunTime:0.001193s ]
INFO: [ app_begin ] --END-- [ RunTime:0.001380s ]
SQL: SHOW COLUMNS FROM `p39_goods` [ RunTime:0.0073s ]
SQL: SELECT COUNT(*) AS tp_count FROM p39_goods a LIMIT 1   [ RunTime:0.0004s ]
SQL: SELECT a.*,b.brand_name,c.cat_name,GROUP_CONCAT(e.cat_name SEPARATOR "<br />") ext_cat_name FROM p39_goods a LEFT JOIN p39_brand b ON a.brand_id=b.id         
                LEFT JOIN p39_category c ON a.cat_id=c.id
                LEFT JOIN p39_goods_cat d ON a.id=d.goods_id
                LEFT JOIN p39_category e ON d.cat_id=e.id  GROUP BY a.id ORDER BY a.id desc LIMIT 0,5   [ RunTime:0.0011s ]
SQL: SHOW COLUMNS FROM `p39_category` [ RunTime:0.0060s ]
SQL: SELECT * FROM `p39_category`  [ RunTime:0.0004s ]
INFO: [ view_parse ] --START--
INFO: [ template_filter ] --START--
INFO: Run Behavior\ContentReplaceBehavior [ RunTime:0.000203s ]
INFO: [ template_filter ] --END-- [ RunTime:0.000425s ]
SQL: SHOW COLUMNS FROM `p39_brand` [ RunTime:0.0072s ]
SQL: SELECT `id`,`brand_name` FROM `p39_brand`  [ RunTime:0.0003s ]
INFO: Run Behavior\ParseTemplateBehavior [ RunTime:0.035572s ]
INFO: [ view_parse ] --END-- [ RunTime:0.035765s ]
INFO: [ view_filter ] --START--
INFO: Run Behavior\WriteHtmlCacheBehavior [ RunTime:0.000856s ]
INFO: [ view_filter ] --END-- [ RunTime:0.001035s ]
INFO: [ app_end ] --START--
INFO: Run Behavior\ShowPageTraceBehavior [ RunTime:0.001648s ]
INFO: [ app_end ] --END-- [ RunTime:0.001901s ]

[ 2018-04-12T19:48:28+08:00 ] 127.0.0.1 /index.php/Admin/Goods/edit/id/30.html
INFO: [ app_init ] --START--
INFO: Run Behavior\BuildLiteBehavior [ RunTime:0.000040s ]
INFO: [ app_init ] --END-- [ RunTime:0.000864s ]
INFO: [ app_begin ] --START--
INFO: Run Behavior\ReadHtmlCacheBehavior [ RunTime:0.000970s ]
INFO: [ app_begin ] --END-- [ RunTime:0.001155s ]
SQL: SHOW COLUMNS FROM `p39_goods` [ RunTime:0.0101s ]
SQL: SELECT * FROM `p39_goods` WHERE `id` = 30 LIMIT 1   [ RunTime:0.0006s ]
SQL: SHOW COLUMNS FROM `p39_category` [ RunTime:0.0062s ]
SQL: SELECT * FROM `p39_category`  [ RunTime:0.0005s ]
SQL: SHOW COLUMNS FROM `p39_goods_cat` [ RunTime:0.0068s ]
SQL: SELECT `cat_id` FROM `p39_goods_cat` WHERE `goods_id` = '30'  [ RunTime:0.0003s ]
INFO: [ view_parse ] --START--
INFO: [ template_filter ] --START--
INFO: Run Behavior\ContentReplaceBehavior [ RunTime:0.000256s ]
INFO: [ template_filter ] --END-- [ RunTime:0.000485s ]
SQL: SHOW COLUMNS FROM `p39_brand` [ RunTime:0.0073s ]
SQL: SELECT `id`,`brand_name` FROM `p39_brand`  [ RunTime:0.0003s ]
NOTIC: [8] Undefined variable: mlData F:\weblx\www\php39ds\Application\Runtime\Cache\Admin\608b0c961c661bd6d45820311b4b75a7.php 第 119 行.
NOTIC: [2] Invalid argument supplied for foreach() F:\weblx\www\php39ds\Application\Runtime\Cache\Admin\608b0c961c661bd6d45820311b4b75a7.php 第 119 行.
SQL: SHOW COLUMNS FROM `p39_type` [ RunTime:0.0074s ]
SQL: SELECT `id`,`type_name` FROM `p39_type`  [ RunTime:0.0008s ]
INFO: Run Behavior\ParseTemplateBehavior [ RunTime:0.043538s ]
INFO: [ view_parse ] --END-- [ RunTime:0.043736s ]
INFO: [ view_filter ] --START--
INFO: Run Behavior\WriteHtmlCacheBehavior [ RunTime:0.000701s ]
INFO: [ view_filter ] --END-- [ RunTime:0.000885s ]
INFO: [ app_end ] --START--
INFO: Run Behavior\ShowPageTraceBehavior [ RunTime:0.001031s ]
INFO: [ app_end ] --END-- [ RunTime:0.001216s ]

[ 2018-04-12T19:48:40+08:00 ] 127.0.0.1 /index.php/Admin/Goods/lst.html
INFO: [ app_init ] --START--
INFO: Run Behavior\BuildLiteBehavior [ RunTime:0.000041s ]
INFO: [ app_init ] --END-- [ RunTime:0.000798s ]
INFO: [ app_begin ] --START--
INFO: Run Behavior\ReadHtmlCacheBehavior [ RunTime:0.001315s ]
INFO: [ app_begin ] --END-- [ RunTime:0.001504s ]
SQL: SHOW COLUMNS FROM `p39_goods` [ RunTime:0.0102s ]
SQL: SELECT COUNT(*) AS tp_count FROM p39_goods a LIMIT 1   [ RunTime:0.0005s ]
SQL: SELECT a.*,b.brand_name,c.cat_name,GROUP_CONCAT(e.cat_name SEPARATOR "<br />") ext_cat_name FROM p39_goods a LEFT JOIN p39_brand b ON a.brand_id=b.id         
                LEFT JOIN p39_category c ON a.cat_id=c.id
                LEFT JOIN p39_goods_cat d ON a.id=d.goods_id
                LEFT JOIN p39_category e ON d.cat_id=e.id  GROUP BY a.id ORDER BY a.id desc LIMIT 0,5   [ RunTime:0.0009s ]
SQL: SHOW COLUMNS FROM `p39_category` [ RunTime:0.0099s ]
SQL: SELECT * FROM `p39_category`  [ RunTime:0.0005s ]
INFO: [ view_parse ] --START--
INFO: [ template_filter ] --START--
INFO: Run Behavior\ContentReplaceBehavior [ RunTime:0.000207s ]
INFO: [ template_filter ] --END-- [ RunTime:0.000455s ]
SQL: SHOW COLUMNS FROM `p39_brand` [ RunTime:0.0073s ]
SQL: SELECT `id`,`brand_name` FROM `p39_brand`  [ RunTime:0.0004s ]
INFO: Run Behavior\ParseTemplateBehavior [ RunTime:0.044508s ]
INFO: [ view_parse ] --END-- [ RunTime:0.044831s ]
INFO: [ view_filter ] --START--
INFO: Run Behavior\WriteHtmlCacheBehavior [ RunTime:0.000848s ]
INFO: [ view_filter ] --END-- [ RunTime:0.001049s ]
INFO: [ app_end ] --START--
INFO: Run Behavior\ShowPageTraceBehavior [ RunTime:0.008095s ]
INFO: [ app_end ] --END-- [ RunTime:0.008382s ]

[ 2018-04-12T19:49:02+08:00 ] 127.0.0.1 /index.php/Admin/Goods/add.html
INFO: [ app_init ] --START--
INFO: Run Behavior\BuildLiteBehavior [ RunTime:0.000042s ]
INFO: [ app_init ] --END-- [ RunTime:0.000896s ]
INFO: [ app_begin ] --START--
INFO: Run Behavior\ReadHtmlCacheBehavior [ RunTime:0.001236s ]
INFO: [ app_begin ] --END-- [ RunTime:0.001426s ]
SQL: SHOW COLUMNS FROM `p39_member_level` [ RunTime:0.0065s ]
SQL: SELECT * FROM `p39_member_level`  [ RunTime:0.0004s ]
SQL: SHOW COLUMNS FROM `p39_category` [ RunTime:0.0078s ]
SQL: SELECT * FROM `p39_category`  [ RunTime:0.0004s ]
INFO: [ view_parse ] --START--
INFO: [ template_filter ] --START--
INFO: Run Behavior\ContentReplaceBehavior [ RunTime:0.000250s ]
INFO: [ template_filter ] --END-- [ RunTime:0.000478s ]
SQL: SHOW COLUMNS FROM `p39_brand` [ RunTime:0.0118s ]
SQL: SELECT `id`,`brand_name` FROM `p39_brand`  [ RunTime:0.0004s ]
SQL: SHOW COLUMNS FROM `p39_type` [ RunTime:0.0070s ]
SQL: SELECT `id`,`type_name` FROM `p39_type`  [ RunTime:0.0023s ]
INFO: Run Behavior\ParseTemplateBehavior [ RunTime:0.058388s ]
INFO: [ view_parse ] --END-- [ RunTime:0.058597s ]
INFO: [ view_filter ] --START--
INFO: Run Behavior\WriteHtmlCacheBehavior [ RunTime:0.000935s ]
INFO: [ view_filter ] --END-- [ RunTime:0.001116s ]
INFO: [ app_end ] --START--
INFO: Run Behavior\ShowPageTraceBehavior [ RunTime:0.001320s ]
INFO: [ app_end ] --END-- [ RunTime:0.001506s ]

[ 2018-04-12T19:49:44+08:00 ] 127.0.0.1 /index.php/Admin/Goods/ajaxGetAttr/type_id/1
INFO: [ app_init ] --START--
INFO: Run Behavior\BuildLiteBehavior [ RunTime:0.000041s ]
INFO: [ app_init ] --END-- [ RunTime:0.000896s ]
INFO: [ app_begin ] --START--
INFO: Run Behavior\ReadHtmlCacheBehavior [ RunTime:0.001526s ]
INFO: [ app_begin ] --END-- [ RunTime:0.001690s ]
SQL: SHOW COLUMNS FROM `p39_attribute` [ RunTime:0.0065s ]
SQL: SELECT * FROM `p39_attribute` WHERE `type_id` = '1'  [ RunTime:0.0005s ]
INFO: [ app_end ] --START--
INFO: Run Behavior\ShowPageTraceBehavior [ RunTime:0.001467s ]
INFO: [ app_end ] --END-- [ RunTime:0.001708s ]

[ 2018-04-12T19:50:10+08:00 ] 127.0.0.1 /index.php/Admin/Goods/add.html
INFO: [ app_init ] --START--
INFO: Run Behavior\BuildLiteBehavior [ RunTime:0.000043s ]
INFO: [ app_init ] --END-- [ RunTime:0.000799s ]
INFO: [ app_begin ] --START--
INFO: Run Behavior\ReadHtmlCacheBehavior [ RunTime:0.000933s ]
INFO: [ app_begin ] --END-- [ RunTime:0.001121s ]
SQL: SHOW COLUMNS FROM `p39_goods` [ RunTime:0.0081s ]
NOTIC: [8] Undefined index: validate F:\weblx\www\php39ds\ThinkPHP\Library\Think\Model.class.php 第 1185 行.
NOTIC: [8] Undefined index: auto F:\weblx\www\php39ds\ThinkPHP\Library\Think\Model.class.php 第 1128 行.
SQL: INSERT INTO `p39_goods` (`cat_id`,`brand_id`,`goods_name`,`market_price`,`shop_price`,`is_on_sale`,`goods_desc`,`type_id`,`addtime`) VALUES ('22','0','新的联想商品','0','0','是','','1','2018-04-12 19:50:09') [ RunTime:0.1001s ]
SQL: SHOW COLUMNS FROM `p39_goods_attr` [ RunTime:0.0420s ]
SQL: INSERT INTO `p39_goods_attr` (`goods_id`,`attr_id`,`attr_value`) VALUES ('31','1','白色') [ RunTime:0.0555s ]
SQL: INSERT INTO `p39_goods_attr` (`goods_id`,`attr_id`,`attr_value`) VALUES ('31','1','绿色') [ RunTime:0.0466s ]
SQL: INSERT INTO `p39_goods_attr` (`goods_id`,`attr_id`,`attr_value`) VALUES ('31','1','') [ RunTime:0.0487s ]
SQL: INSERT INTO `p39_goods_attr` (`goods_id`,`attr_id`,`attr_value`) VALUES ('31','3','2015-10-01') [ RunTime:0.0183s ]
SQL: INSERT INTO `p39_goods_attr` (`goods_id`,`attr_id`,`attr_value`) VALUES ('31','4','ios') [ RunTime:0.0208s ]
SQL: INSERT INTO `p39_goods_attr` (`goods_id`,`attr_id`,`attr_value`) VALUES ('31','4','android') [ RunTime:0.0191s ]
SQL: INSERT INTO `p39_goods_attr` (`goods_id`,`attr_id`,`attr_value`) VALUES ('31','4','windows') [ RunTime:0.0232s ]
NOTIC: [8] Use of undefined constant ecid - assumed 'ecid' F:\weblx\www\php39ds\Application\Admin\Model\GoodsModel.class.php 第 356 行.
SQL: SHOW COLUMNS FROM `p39_goods_cat` [ RunTime:0.0066s ]
SQL: SHOW COLUMNS FROM `p39_member_price` [ RunTime:0.0272s ]
INFO: [ view_parse ] --START--
INFO: [ template_filter ] --START--
INFO: Run Behavior\ContentReplaceBehavior [ RunTime:0.000126s ]
INFO: [ template_filter ] --END-- [ RunTime:0.000347s ]
INFO: Run Behavior\ParseTemplateBehavior [ RunTime:0.029581s ]
INFO: [ view_parse ] --END-- [ RunTime:0.029781s ]
INFO: [ view_filter ] --START--
INFO: Run Behavior\WriteHtmlCacheBehavior [ RunTime:0.000714s ]
INFO: [ view_filter ] --END-- [ RunTime:0.000891s ]

[ 2018-04-12T19:50:13+08:00 ] 127.0.0.1 /index.php/Admin/Goods/lst.html
INFO: [ app_init ] --START--
INFO: Run Behavior\BuildLiteBehavior [ RunTime:0.000043s ]
INFO: [ app_init ] --END-- [ RunTime:0.000807s ]
INFO: [ app_begin ] --START--
INFO: Run Behavior\ReadHtmlCacheBehavior [ RunTime:0.000950s ]
INFO: [ app_begin ] --END-- [ RunTime:0.001135s ]
SQL: SHOW COLUMNS FROM `p39_goods` [ RunTime:0.0081s ]
SQL: SELECT COUNT(*) AS tp_count FROM p39_goods a LIMIT 1   [ RunTime:0.0008s ]
SQL: SELECT a.*,b.brand_name,c.cat_name,GROUP_CONCAT(e.cat_name SEPARATOR "<br />") ext_cat_name FROM p39_goods a LEFT JOIN p39_brand b ON a.brand_id=b.id         
                LEFT JOIN p39_category c ON a.cat_id=c.id
                LEFT JOIN p39_goods_cat d ON a.id=d.goods_id
                LEFT JOIN p39_category e ON d.cat_id=e.id  GROUP BY a.id ORDER BY a.id desc LIMIT 0,5   [ RunTime:0.0029s ]
SQL: SHOW COLUMNS FROM `p39_category` [ RunTime:0.0064s ]
SQL: SELECT * FROM `p39_category`  [ RunTime:0.0004s ]
INFO: [ view_parse ] --START--
INFO: [ template_filter ] --START--
INFO: Run Behavior\ContentReplaceBehavior [ RunTime:0.000208s ]
INFO: [ template_filter ] --END-- [ RunTime:0.000450s ]
SQL: SHOW COLUMNS FROM `p39_brand` [ RunTime:0.0066s ]
SQL: SELECT `id`,`brand_name` FROM `p39_brand`  [ RunTime:0.0003s ]
INFO: Run Behavior\ParseTemplateBehavior [ RunTime:0.036932s ]
INFO: [ view_parse ] --END-- [ RunTime:0.037144s ]
INFO: [ view_filter ] --START--
INFO: Run Behavior\WriteHtmlCacheBehavior [ RunTime:0.000890s ]
INFO: [ view_filter ] --END-- [ RunTime:0.001070s ]
INFO: [ app_end ] --START--
INFO: Run Behavior\ShowPageTraceBehavior [ RunTime:0.001015s ]
INFO: [ app_end ] --END-- [ RunTime:0.001205s ]

[ 2018-04-12T19:50:25+08:00 ] 127.0.0.1 /index.php/Admin/Goods/edit/id/31.html
INFO: [ app_init ] --START--
INFO: Run Behavior\BuildLiteBehavior [ RunTime:0.000044s ]
INFO: [ app_init ] --END-- [ RunTime:0.001073s ]
INFO: [ app_begin ] --START--
INFO: Run Behavior\ReadHtmlCacheBehavior [ RunTime:0.001004s ]
INFO: [ app_begin ] --END-- [ RunTime:0.001193s ]
SQL: SHOW COLUMNS FROM `p39_goods` [ RunTime:0.0084s ]
SQL: SELECT * FROM `p39_goods` WHERE `id` = 31 LIMIT 1   [ RunTime:0.0008s ]
SQL: SHOW COLUMNS FROM `p39_category` [ RunTime:0.0092s ]
SQL: SELECT * FROM `p39_category`  [ RunTime:0.0004s ]
SQL: SHOW COLUMNS FROM `p39_goods_cat` [ RunTime:0.0059s ]
SQL: SELECT `cat_id` FROM `p39_goods_cat` WHERE `goods_id` = '31'  [ RunTime:0.0005s ]
INFO: [ view_parse ] --START--
INFO: [ template_filter ] --START--
INFO: Run Behavior\ContentReplaceBehavior [ RunTime:0.000258s ]
INFO: [ template_filter ] --END-- [ RunTime:0.000807s ]
SQL: SHOW COLUMNS FROM `p39_brand` [ RunTime:0.0079s ]
SQL: SELECT `id`,`brand_name` FROM `p39_brand`  [ RunTime:0.0003s ]
NOTIC: [8] Undefined variable: mlData F:\weblx\www\php39ds\Application\Runtime\Cache\Admin\608b0c961c661bd6d45820311b4b75a7.php 第 119 行.
NOTIC: [2] Invalid argument supplied for foreach() F:\weblx\www\php39ds\Application\Runtime\Cache\Admin\608b0c961c661bd6d45820311b4b75a7.php 第 119 行.
SQL: SHOW COLUMNS FROM `p39_type` [ RunTime:0.0063s ]
SQL: SELECT `id`,`type_name` FROM `p39_type`  [ RunTime:0.0018s ]
INFO: Run Behavior\ParseTemplateBehavior [ RunTime:0.040869s ]
INFO: [ view_parse ] --END-- [ RunTime:0.041062s ]
INFO: [ view_filter ] --START--
INFO: Run Behavior\WriteHtmlCacheBehavior [ RunTime:0.000726s ]
INFO: [ view_filter ] --END-- [ RunTime:0.000903s ]
INFO: [ app_end ] --START--
INFO: Run Behavior\ShowPageTraceBehavior [ RunTime:0.001457s ]
INFO: [ app_end ] --END-- [ RunTime:0.001658s ]

[ 2018-04-12T22:20:39+08:00 ] 127.0.0.1 /index.php/Admin/Goods/lst
INFO: [ app_init ] --START--
INFO: Run Behavior\BuildLiteBehavior [ RunTime:0.000041s ]
INFO: [ app_init ] --END-- [ RunTime:0.000905s ]
INFO: [ app_begin ] --START--
INFO: Run Behavior\ReadHtmlCacheBehavior [ RunTime:0.001065s ]
INFO: [ app_begin ] --END-- [ RunTime:0.001252s ]
SQL: SHOW COLUMNS FROM `p39_goods` [ RunTime:0.0084s ]
SQL: SELECT COUNT(*) AS tp_count FROM p39_goods a LIMIT 1   [ RunTime:0.0005s ]
SQL: SELECT a.*,b.brand_name,c.cat_name,GROUP_CONCAT(e.cat_name SEPARATOR "<br />") ext_cat_name FROM p39_goods a LEFT JOIN p39_brand b ON a.brand_id=b.id         
                LEFT JOIN p39_category c ON a.cat_id=c.id
                LEFT JOIN p39_goods_cat d ON a.id=d.goods_id
                LEFT JOIN p39_category e ON d.cat_id=e.id  GROUP BY a.id ORDER BY a.id desc LIMIT 0,5   [ RunTime:0.0006s ]
SQL: SHOW COLUMNS FROM `p39_category` [ RunTime:0.0065s ]
SQL: SELECT * FROM `p39_category`  [ RunTime:0.0005s ]
INFO: [ view_parse ] --START--
INFO: [ template_filter ] --START--
INFO: Run Behavior\ContentReplaceBehavior [ RunTime:0.000200s ]
INFO: [ template_filter ] --END-- [ RunTime:0.000480s ]
SQL: SHOW COLUMNS FROM `p39_brand` [ RunTime:0.0069s ]
SQL: SELECT `id`,`brand_name` FROM `p39_brand`  [ RunTime:0.0004s ]
INFO: Run Behavior\ParseTemplateBehavior [ RunTime:0.086167s ]
INFO: [ view_parse ] --END-- [ RunTime:0.086383s ]
INFO: [ view_filter ] --START--
INFO: Run Behavior\WriteHtmlCacheBehavior [ RunTime:0.000862s ]
INFO: [ view_filter ] --END-- [ RunTime:0.001050s ]
INFO: [ app_end ] --START--
INFO: Run Behavior\ShowPageTraceBehavior [ RunTime:0.001678s ]
INFO: [ app_end ] --END-- [ RunTime:0.001924s ]

[ 2018-04-12T22:20:48+08:00 ] 127.0.0.1 /index.php/Admin/Goods/edit/id/31.html
INFO: [ app_init ] --START--
INFO: Run Behavior\BuildLiteBehavior [ RunTime:0.000043s ]
INFO: [ app_init ] --END-- [ RunTime:0.000946s ]
INFO: [ app_begin ] --START--
INFO: Run Behavior\ReadHtmlCacheBehavior [ RunTime:0.001073s ]
INFO: [ app_begin ] --END-- [ RunTime:0.001261s ]
SQL: SHOW COLUMNS FROM `p39_goods` [ RunTime:0.0088s ]
SQL: SELECT * FROM `p39_goods` WHERE `id` = 31 LIMIT 1   [ RunTime:0.0005s ]
SQL: SHOW COLUMNS FROM `p39_category` [ RunTime:0.0062s ]
SQL: SELECT * FROM `p39_category`  [ RunTime:0.0005s ]
SQL: SHOW COLUMNS FROM `p39_goods_cat` [ RunTime:0.0061s ]
SQL: SELECT `cat_id` FROM `p39_goods_cat` WHERE `goods_id` = '31'  [ RunTime:0.0003s ]
SQL: SHOW COLUMNS FROM `p39_goods_attr` [ RunTime:0.0066s ]
ERR: 1146:Table 'ds39.p39_attributeb' doesn't exist
 [ SQL语句 ] : SELECT a.*,b.attr_name,b.attr_type FROM p39_goods_attr a LEFT JOIN p39_attributeb ON a.attr_id=b.id  WHERE a.goods_id = '31' 
ERR: 1146:Table 'ds39.p39_attributeb' doesn't exist
 [ SQL语句 ] : SELECT a.*,b.attr_name,b.attr_type FROM p39_goods_attr a LEFT JOIN p39_attributeb ON a.attr_id=b.id  WHERE a.goods_id = '31' 

[ 2018-04-12T22:21:07+08:00 ] 127.0.0.1 /index.php/Admin/Goods/lst
INFO: [ app_init ] --START--
INFO: Run Behavior\BuildLiteBehavior [ RunTime:0.000041s ]
INFO: [ app_init ] --END-- [ RunTime:0.001046s ]
INFO: [ app_begin ] --START--
INFO: Run Behavior\ReadHtmlCacheBehavior [ RunTime:0.002971s ]
INFO: [ app_begin ] --END-- [ RunTime:0.003300s ]
SQL: SHOW COLUMNS FROM `p39_goods` [ RunTime:0.0067s ]
SQL: SELECT COUNT(*) AS tp_count FROM p39_goods a LIMIT 1   [ RunTime:0.0003s ]
SQL: SELECT a.*,b.brand_name,c.cat_name,GROUP_CONCAT(e.cat_name SEPARATOR "<br />") ext_cat_name FROM p39_goods a LEFT JOIN p39_brand b ON a.brand_id=b.id         
                LEFT JOIN p39_category c ON a.cat_id=c.id
                LEFT JOIN p39_goods_cat d ON a.id=d.goods_id
                LEFT JOIN p39_category e ON d.cat_id=e.id  GROUP BY a.id ORDER BY a.id desc LIMIT 0,5   [ RunTime:0.0007s ]
SQL: SHOW COLUMNS FROM `p39_category` [ RunTime:0.0060s ]
SQL: SELECT * FROM `p39_category`  [ RunTime:0.0005s ]
INFO: [ view_parse ] --START--
INFO: [ template_filter ] --START--
INFO: Run Behavior\ContentReplaceBehavior [ RunTime:0.000205s ]
INFO: [ template_filter ] --END-- [ RunTime:0.000470s ]
SQL: SHOW COLUMNS FROM `p39_brand` [ RunTime:0.0074s ]
SQL: SELECT `id`,`brand_name` FROM `p39_brand`  [ RunTime:0.0004s ]
INFO: Run Behavior\ParseTemplateBehavior [ RunTime:0.043826s ]
INFO: [ view_parse ] --END-- [ RunTime:0.044037s ]
INFO: [ view_filter ] --START--
INFO: Run Behavior\WriteHtmlCacheBehavior [ RunTime:0.001054s ]
INFO: [ view_filter ] --END-- [ RunTime:0.001234s ]
INFO: [ app_end ] --START--
INFO: Run Behavior\ShowPageTraceBehavior [ RunTime:0.011632s ]
INFO: [ app_end ] --END-- [ RunTime:0.014930s ]

[ 2018-04-12T22:21:13+08:00 ] 127.0.0.1 /index.php/Admin/Goods/edit/id/31.html
INFO: [ app_init ] --START--
INFO: Run Behavior\BuildLiteBehavior [ RunTime:0.000044s ]
INFO: [ app_init ] --END-- [ RunTime:0.000949s ]
INFO: [ app_begin ] --START--
INFO: Run Behavior\ReadHtmlCacheBehavior [ RunTime:0.003877s ]
INFO: [ app_begin ] --END-- [ RunTime:0.004083s ]
SQL: SHOW COLUMNS FROM `p39_goods` [ RunTime:0.0092s ]
SQL: SELECT * FROM `p39_goods` WHERE `id` = 31 LIMIT 1   [ RunTime:0.0008s ]
SQL: SHOW COLUMNS FROM `p39_category` [ RunTime:0.0063s ]
SQL: SELECT * FROM `p39_category`  [ RunTime:0.0005s ]
SQL: SHOW COLUMNS FROM `p39_goods_cat` [ RunTime:0.0064s ]
SQL: SELECT `cat_id` FROM `p39_goods_cat` WHERE `goods_id` = '31'  [ RunTime:0.0003s ]
SQL: SHOW COLUMNS FROM `p39_goods_attr` [ RunTime:0.0061s ]
SQL: SELECT a.*,b.attr_name,b.attr_type FROM p39_goods_attr a LEFT JOIN p39_attribute b ON a.attr_id=b.id  WHERE a.goods_id = '31'  [ RunTime:0.0009s ]
INFO: [ view_parse ] --START--
INFO: [ template_filter ] --START--
INFO: Run Behavior\ContentReplaceBehavior [ RunTime:0.000267s ]
INFO: [ template_filter ] --END-- [ RunTime:0.000485s ]
SQL: SHOW COLUMNS FROM `p39_brand` [ RunTime:0.0067s ]
SQL: SELECT `id`,`brand_name` FROM `p39_brand`  [ RunTime:0.0004s ]
NOTIC: [8] Undefined variable: mlData F:\weblx\www\php39ds\Application\Runtime\Cache\Admin\608b0c961c661bd6d45820311b4b75a7.php 第 119 行.
NOTIC: [2] Invalid argument supplied for foreach() F:\weblx\www\php39ds\Application\Runtime\Cache\Admin\608b0c961c661bd6d45820311b4b75a7.php 第 119 行.
SQL: SHOW COLUMNS FROM `p39_type` [ RunTime:0.0092s ]
SQL: SELECT `id`,`type_name` FROM `p39_type`  [ RunTime:0.0004s ]
INFO: Run Behavior\ParseTemplateBehavior [ RunTime:0.066868s ]
INFO: [ view_parse ] --END-- [ RunTime:0.067065s ]
INFO: [ view_filter ] --START--
INFO: Run Behavior\WriteHtmlCacheBehavior [ RunTime:0.001185s ]
INFO: [ view_filter ] --END-- [ RunTime:0.001459s ]
INFO: [ app_end ] --START--
INFO: Run Behavior\ShowPageTraceBehavior [ RunTime:0.001275s ]
INFO: [ app_end ] --END-- [ RunTime:0.001475s ]

[ 2018-04-12T22:25:11+08:00 ] 127.0.0.1 /index.php/Admin/Goods/edit/id/31.html
INFO: [ app_init ] --START--
INFO: Run Behavior\BuildLiteBehavior [ RunTime:0.000044s ]
INFO: [ app_init ] --END-- [ RunTime:0.001040s ]
INFO: [ app_begin ] --START--
INFO: Run Behavior\ReadHtmlCacheBehavior [ RunTime:0.002356s ]
INFO: [ app_begin ] --END-- [ RunTime:0.002563s ]
SQL: SHOW COLUMNS FROM `p39_goods` [ RunTime:0.0088s ]
SQL: SELECT * FROM `p39_goods` WHERE `id` = 31 LIMIT 1   [ RunTime:0.0008s ]
SQL: SHOW COLUMNS FROM `p39_category` [ RunTime:0.0071s ]
SQL: SELECT * FROM `p39_category`  [ RunTime:0.0005s ]
SQL: SHOW COLUMNS FROM `p39_goods_cat` [ RunTime:0.0068s ]
SQL: SELECT `cat_id` FROM `p39_goods_cat` WHERE `goods_id` = '31'  [ RunTime:0.0004s ]
SQL: SHOW COLUMNS FROM `p39_goods_attr` [ RunTime:0.0072s ]
SQL: SELECT a.*,b.attr_name,b.attr_type FROM p39_goods_attr a LEFT JOIN p39_attribute b ON a.attr_id=b.id  WHERE a.goods_id = '31'  [ RunTime:0.0006s ]
INFO: [ view_parse ] --START--
INFO: [ template_filter ] --START--
INFO: Run Behavior\ContentReplaceBehavior [ RunTime:0.000257s ]
INFO: [ template_filter ] --END-- [ RunTime:0.000473s ]
SQL: SHOW COLUMNS FROM `p39_brand` [ RunTime:0.0070s ]
SQL: SELECT `id`,`brand_name` FROM `p39_brand`  [ RunTime:0.0004s ]
NOTIC: [8] Undefined variable: mlData F:\weblx\www\php39ds\Application\Runtime\Cache\Admin\608b0c961c661bd6d45820311b4b75a7.php 第 119 行.
NOTIC: [2] Invalid argument supplied for foreach() F:\weblx\www\php39ds\Application\Runtime\Cache\Admin\608b0c961c661bd6d45820311b4b75a7.php 第 119 行.
SQL: SHOW COLUMNS FROM `p39_type` [ RunTime:0.0084s ]
SQL: SELECT `id`,`type_name` FROM `p39_type`  [ RunTime:0.0046s ]
INFO: Run Behavior\ParseTemplateBehavior [ RunTime:0.047655s ]
INFO: [ view_parse ] --END-- [ RunTime:0.047846s ]
INFO: [ view_filter ] --START--
INFO: Run Behavior\WriteHtmlCacheBehavior [ RunTime:0.001049s ]
INFO: [ view_filter ] --END-- [ RunTime:0.001234s ]
INFO: [ app_end ] --START--
INFO: Run Behavior\ShowPageTraceBehavior [ RunTime:0.001461s ]
INFO: [ app_end ] --END-- [ RunTime:0.001650s ]

[ 2018-04-12T22:28:45+08:00 ] 127.0.0.1 /index.php/Admin/Goods/edit/id/31.html
INFO: [ app_init ] --START--
INFO: Run Behavior\BuildLiteBehavior [ RunTime:0.000043s ]
INFO: [ app_init ] --END-- [ RunTime:0.001019s ]
INFO: [ app_begin ] --START--
INFO: Run Behavior\ReadHtmlCacheBehavior [ RunTime:0.001777s ]
INFO: [ app_begin ] --END-- [ RunTime:0.001973s ]
SQL: SHOW COLUMNS FROM `p39_goods` [ RunTime:0.0073s ]
SQL: SELECT * FROM `p39_goods` WHERE `id` = 31 LIMIT 1   [ RunTime:0.0006s ]
SQL: SHOW COLUMNS FROM `p39_category` [ RunTime:0.0067s ]
SQL: SELECT * FROM `p39_category`  [ RunTime:0.0005s ]
SQL: SHOW COLUMNS FROM `p39_goods_cat` [ RunTime:0.0066s ]
SQL: SELECT `cat_id` FROM `p39_goods_cat` WHERE `goods_id` = '31'  [ RunTime:0.0010s ]
SQL: SHOW COLUMNS FROM `p39_goods_attr` [ RunTime:0.0061s ]
SQL: SELECT a.*,b.attr_name,b.attr_type FROM p39_goods_attr a LEFT JOIN p39_attribute b ON a.attr_id=b.id  WHERE a.goods_id = '31'  [ RunTime:0.0004s ]
INFO: [ view_parse ] --START--
INFO: [ template_filter ] --START--
INFO: Run Behavior\ContentReplaceBehavior [ RunTime:0.000246s ]
INFO: [ template_filter ] --END-- [ RunTime:0.000478s ]
SQL: SHOW COLUMNS FROM `p39_brand` [ RunTime:0.0062s ]
SQL: SELECT `id`,`brand_name` FROM `p39_brand`  [ RunTime:0.0004s ]
NOTIC: [8] Undefined variable: mlData F:\weblx\www\php39ds\Application\Runtime\Cache\Admin\608b0c961c661bd6d45820311b4b75a7.php 第 119 行.
NOTIC: [2] Invalid argument supplied for foreach() F:\weblx\www\php39ds\Application\Runtime\Cache\Admin\608b0c961c661bd6d45820311b4b75a7.php 第 119 行.
SQL: SHOW COLUMNS FROM `p39_type` [ RunTime:0.0065s ]
SQL: SELECT `id`,`type_name` FROM `p39_type`  [ RunTime:0.0004s ]
INFO: Run Behavior\ParseTemplateBehavior [ RunTime:0.039759s ]
INFO: [ view_parse ] --END-- [ RunTime:0.039953s ]
INFO: [ view_filter ] --START--
INFO: Run Behavior\WriteHtmlCacheBehavior [ RunTime:0.001226s ]
INFO: [ view_filter ] --END-- [ RunTime:0.001408s ]
INFO: [ app_end ] --START--
INFO: Run Behavior\ShowPageTraceBehavior [ RunTime:0.002658s ]
INFO: [ app_end ] --END-- [ RunTime:0.002860s ]

[ 2018-04-12T22:32:10+08:00 ] 127.0.0.1 /index.php/Admin/Goods/edit/id/31.html
INFO: [ app_init ] --START--
INFO: Run Behavior\BuildLiteBehavior [ RunTime:0.000042s ]
INFO: [ app_init ] --END-- [ RunTime:0.000984s ]
INFO: [ app_begin ] --START--
INFO: Run Behavior\ReadHtmlCacheBehavior [ RunTime:0.001990s ]
INFO: [ app_begin ] --END-- [ RunTime:0.002194s ]
SQL: SHOW COLUMNS FROM `p39_goods` [ RunTime:0.0075s ]
SQL: SELECT * FROM `p39_goods` WHERE `id` = 31 LIMIT 1   [ RunTime:0.0005s ]
SQL: SHOW COLUMNS FROM `p39_category` [ RunTime:0.0093s ]
SQL: SELECT * FROM `p39_category`  [ RunTime:0.0005s ]
SQL: SHOW COLUMNS FROM `p39_goods_cat` [ RunTime:0.0064s ]
SQL: SELECT `cat_id` FROM `p39_goods_cat` WHERE `goods_id` = '31'  [ RunTime:0.0003s ]
SQL: SHOW COLUMNS FROM `p39_goods_attr` [ RunTime:0.0070s ]
SQL: SELECT a.*,b.attr_name,b.attr_type FROM p39_goods_attr a LEFT JOIN p39_attribute b ON a.attr_id=b.id  WHERE a.goods_id = '31'  [ RunTime:0.0004s ]
INFO: [ view_parse ] --START--
INFO: [ template_filter ] --START--
INFO: Run Behavior\ContentReplaceBehavior [ RunTime:0.000252s ]
INFO: [ template_filter ] --END-- [ RunTime:0.000484s ]
SQL: SHOW COLUMNS FROM `p39_brand` [ RunTime:0.0064s ]
SQL: SELECT `id`,`brand_name` FROM `p39_brand`  [ RunTime:0.0003s ]
NOTIC: [8] Undefined variable: mlData F:\weblx\www\php39ds\Application\Runtime\Cache\Admin\608b0c961c661bd6d45820311b4b75a7.php 第 119 行.
NOTIC: [2] Invalid argument supplied for foreach() F:\weblx\www\php39ds\Application\Runtime\Cache\Admin\608b0c961c661bd6d45820311b4b75a7.php 第 119 行.
SQL: SHOW COLUMNS FROM `p39_type` [ RunTime:0.0060s ]
SQL: SELECT `id`,`type_name` FROM `p39_type`  [ RunTime:0.0003s ]
INFO: Run Behavior\ParseTemplateBehavior [ RunTime:0.038695s ]
INFO: [ view_parse ] --END-- [ RunTime:0.038896s ]
INFO: [ view_filter ] --START--
INFO: Run Behavior\WriteHtmlCacheBehavior [ RunTime:0.001260s ]
INFO: [ view_filter ] --END-- [ RunTime:0.001443s ]
INFO: [ app_end ] --START--
INFO: Run Behavior\ShowPageTraceBehavior [ RunTime:0.001855s ]
INFO: [ app_end ] --END-- [ RunTime:0.012312s ]

[ 2018-04-12T22:45:26+08:00 ] 127.0.0.1 /index.php/Admin/Goods/edit/id/31.html
INFO: [ app_init ] --START--
INFO: Run Behavior\BuildLiteBehavior [ RunTime:0.000042s ]
INFO: [ app_init ] --END-- [ RunTime:0.000987s ]
INFO: [ app_begin ] --START--
INFO: Run Behavior\ReadHtmlCacheBehavior [ RunTime:0.002632s ]
INFO: [ app_begin ] --END-- [ RunTime:0.002857s ]
SQL: SHOW COLUMNS FROM `p39_goods` [ RunTime:0.0076s ]
SQL: SELECT * FROM `p39_goods` WHERE `id` = 31 LIMIT 1   [ RunTime:0.0005s ]
SQL: SHOW COLUMNS FROM `p39_category` [ RunTime:0.0062s ]
SQL: SELECT * FROM `p39_category`  [ RunTime:0.0005s ]
SQL: SHOW COLUMNS FROM `p39_goods_cat` [ RunTime:0.0063s ]
SQL: SELECT `cat_id` FROM `p39_goods_cat` WHERE `goods_id` = '31'  [ RunTime:0.0003s ]
SQL: SHOW COLUMNS FROM `p39_goods_attr` [ RunTime:0.0072s ]
SQL: SELECT a.*,b.attr_name,b.attr_type,b.attr_option_values FROM p39_goods_attr a LEFT JOIN p39_attribute b ON a.attr_id=b.id  WHERE a.goods_id = '31'  [ RunTime:0.0010s ]
INFO: [ view_parse ] --START--
INFO: [ template_filter ] --START--
INFO: Run Behavior\ContentReplaceBehavior [ RunTime:0.000248s ]
INFO: [ template_filter ] --END-- [ RunTime:0.000465s ]

[ 2018-04-12T22:47:43+08:00 ] 127.0.0.1 /index.php/Admin/Goods/edit/id/31.html
INFO: [ app_init ] --START--
INFO: Run Behavior\BuildLiteBehavior [ RunTime:0.000045s ]
INFO: [ app_init ] --END-- [ RunTime:0.001058s ]
INFO: [ app_begin ] --START--
INFO: Run Behavior\ReadHtmlCacheBehavior [ RunTime:0.001311s ]
INFO: [ app_begin ] --END-- [ RunTime:0.002015s ]
SQL: SHOW COLUMNS FROM `p39_goods` [ RunTime:0.0087s ]
SQL: SELECT * FROM `p39_goods` WHERE `id` = 31 LIMIT 1   [ RunTime:0.0005s ]
SQL: SHOW COLUMNS FROM `p39_category` [ RunTime:0.0067s ]
SQL: SELECT * FROM `p39_category`  [ RunTime:0.0005s ]
SQL: SHOW COLUMNS FROM `p39_goods_cat` [ RunTime:0.0063s ]
SQL: SELECT `cat_id` FROM `p39_goods_cat` WHERE `goods_id` = '31'  [ RunTime:0.0003s ]
SQL: SHOW COLUMNS FROM `p39_goods_attr` [ RunTime:0.0066s ]
SQL: SELECT a.*,b.attr_name,b.attr_type,b.attr_option_values FROM p39_goods_attr a LEFT JOIN p39_attribute b ON a.attr_id=b.id  WHERE a.goods_id = '31'  [ RunTime:0.0004s ]
INFO: [ view_parse ] --START--
INFO: [ template_filter ] --START--
INFO: Run Behavior\ContentReplaceBehavior [ RunTime:0.000296s ]
INFO: [ template_filter ] --END-- [ RunTime:0.000507s ]

[ 2018-04-12T22:50:45+08:00 ] 127.0.0.1 /index.php/Admin/Goods/edit/id/31.html
INFO: [ app_init ] --START--
INFO: Run Behavior\BuildLiteBehavior [ RunTime:0.000044s ]
INFO: [ app_init ] --END-- [ RunTime:0.001008s ]
INFO: [ app_begin ] --START--
INFO: Run Behavior\ReadHtmlCacheBehavior [ RunTime:0.001513s ]
INFO: [ app_begin ] --END-- [ RunTime:0.001738s ]
SQL: SHOW COLUMNS FROM `p39_goods` [ RunTime:0.0074s ]
SQL: SELECT * FROM `p39_goods` WHERE `id` = 31 LIMIT 1   [ RunTime:0.0005s ]
SQL: SHOW COLUMNS FROM `p39_category` [ RunTime:0.0067s ]
SQL: SELECT * FROM `p39_category`  [ RunTime:0.0005s ]
SQL: SHOW COLUMNS FROM `p39_goods_cat` [ RunTime:0.0060s ]
SQL: SELECT `cat_id` FROM `p39_goods_cat` WHERE `goods_id` = '31'  [ RunTime:0.0003s ]
SQL: SHOW COLUMNS FROM `p39_goods_attr` [ RunTime:0.0063s ]
SQL: SELECT a.*,b.attr_name,b.attr_type,b.attr_option_values FROM p39_goods_attr a LEFT JOIN p39_attribute b ON a.attr_id=b.id  WHERE a.goods_id = '31'  [ RunTime:0.0004s ]
INFO: [ view_parse ] --START--
INFO: [ template_filter ] --START--
INFO: Run Behavior\ContentReplaceBehavior [ RunTime:0.000248s ]
INFO: [ template_filter ] --END-- [ RunTime:0.000467s ]
SQL: SHOW COLUMNS FROM `p39_brand` [ RunTime:0.0062s ]
SQL: SELECT `id`,`brand_name` FROM `p39_brand`  [ RunTime:0.0004s ]
NOTIC: [8] Undefined variable: mlData F:\weblx\www\php39ds\Application\Runtime\Cache\Admin\608b0c961c661bd6d45820311b4b75a7.php 第 119 行.
NOTIC: [2] Invalid argument supplied for foreach() F:\weblx\www\php39ds\Application\Runtime\Cache\Admin\608b0c961c661bd6d45820311b4b75a7.php 第 119 行.
SQL: SHOW COLUMNS FROM `p39_type` [ RunTime:0.0059s ]
SQL: SELECT `id`,`type_name` FROM `p39_type`  [ RunTime:0.0004s ]
INFO: Run Behavior\ParseTemplateBehavior [ RunTime:0.038304s ]
INFO: [ view_parse ] --END-- [ RunTime:0.038515s ]
INFO: [ view_filter ] --START--
INFO: Run Behavior\WriteHtmlCacheBehavior [ RunTime:0.000944s ]
INFO: [ view_filter ] --END-- [ RunTime:0.001125s ]
INFO: [ app_end ] --START--
INFO: Run Behavior\ShowPageTraceBehavior [ RunTime:0.001387s ]
INFO: [ app_end ] --END-- [ RunTime:0.001583s ]

[ 2018-04-12T22:57:08+08:00 ] 127.0.0.1 /index.php/Admin/Goods/edit/id/31.html
INFO: [ app_init ] --START--
INFO: Run Behavior\BuildLiteBehavior [ RunTime:0.000044s ]
INFO: [ app_init ] --END-- [ RunTime:0.001078s ]
INFO: [ app_begin ] --START--
INFO: Run Behavior\ReadHtmlCacheBehavior [ RunTime:0.005493s ]
INFO: [ app_begin ] --END-- [ RunTime:0.005712s ]
SQL: SHOW COLUMNS FROM `p39_goods` [ RunTime:0.0072s ]
SQL: SELECT * FROM `p39_goods` WHERE `id` = 31 LIMIT 1   [ RunTime:0.0005s ]
SQL: SHOW COLUMNS FROM `p39_category` [ RunTime:0.0060s ]
SQL: SELECT * FROM `p39_category`  [ RunTime:0.0005s ]
SQL: SHOW COLUMNS FROM `p39_goods_cat` [ RunTime:0.0062s ]
SQL: SELECT `cat_id` FROM `p39_goods_cat` WHERE `goods_id` = '31'  [ RunTime:0.0003s ]
SQL: SHOW COLUMNS FROM `p39_goods_attr` [ RunTime:0.0060s ]
SQL: SELECT a.*,b.attr_name,b.attr_type,b.attr_option_values FROM p39_goods_attr a LEFT JOIN p39_attribute b ON a.attr_id=b.id  WHERE a.goods_id = '31'  [ RunTime:0.0004s ]
INFO: [ view_parse ] --START--
INFO: [ template_filter ] --START--
INFO: Run Behavior\ContentReplaceBehavior [ RunTime:0.000255s ]
INFO: [ template_filter ] --END-- [ RunTime:0.000472s ]
SQL: SHOW COLUMNS FROM `p39_brand` [ RunTime:0.0065s ]
SQL: SELECT `id`,`brand_name` FROM `p39_brand`  [ RunTime:0.0004s ]
NOTIC: [8] Undefined variable: mlData F:\weblx\www\php39ds\Application\Runtime\Cache\Admin\608b0c961c661bd6d45820311b4b75a7.php 第 119 行.
NOTIC: [2] Invalid argument supplied for foreach() F:\weblx\www\php39ds\Application\Runtime\Cache\Admin\608b0c961c661bd6d45820311b4b75a7.php 第 119 行.
SQL: SHOW COLUMNS FROM `p39_type` [ RunTime:0.0069s ]
SQL: SELECT `id`,`type_name` FROM `p39_type`  [ RunTime:0.0004s ]
INFO: Run Behavior\ParseTemplateBehavior [ RunTime:0.040720s ]
INFO: [ view_parse ] --END-- [ RunTime:0.040961s ]
INFO: [ view_filter ] --START--
INFO: Run Behavior\WriteHtmlCacheBehavior [ RunTime:0.001001s ]
INFO: [ view_filter ] --END-- [ RunTime:0.001218s ]
INFO: [ app_end ] --START--
INFO: Run Behavior\ShowPageTraceBehavior [ RunTime:0.001289s ]
INFO: [ app_end ] --END-- [ RunTime:0.001525s ]

[ 2018-04-12T22:57:18+08:00 ] 127.0.0.1 /index.php/Admin/Goods/edit/id/31.html
INFO: [ app_init ] --START--
INFO: Run Behavior\BuildLiteBehavior [ RunTime:0.000045s ]
INFO: [ app_init ] --END-- [ RunTime:0.000931s ]
INFO: [ app_begin ] --START--
INFO: Run Behavior\ReadHtmlCacheBehavior [ RunTime:0.001142s ]
INFO: [ app_begin ] --END-- [ RunTime:0.001337s ]
SQL: SHOW COLUMNS FROM `p39_goods` [ RunTime:0.0075s ]
SQL: SELECT * FROM `p39_goods` WHERE `id` = 31 LIMIT 1   [ RunTime:0.0006s ]
SQL: SHOW COLUMNS FROM `p39_category` [ RunTime:0.0070s ]
SQL: SELECT * FROM `p39_category`  [ RunTime:0.0005s ]
SQL: SHOW COLUMNS FROM `p39_goods_cat` [ RunTime:0.0062s ]
SQL: SELECT `cat_id` FROM `p39_goods_cat` WHERE `goods_id` = '31'  [ RunTime:0.0004s ]
SQL: SHOW COLUMNS FROM `p39_goods_attr` [ RunTime:0.0066s ]
SQL: SELECT a.*,b.attr_name,b.attr_type,b.attr_option_values FROM p39_goods_attr a LEFT JOIN p39_attribute b ON a.attr_id=b.id  WHERE a.goods_id = '31'  [ RunTime:0.0005s ]
INFO: [ view_parse ] --START--
INFO: [ template_filter ] --START--
INFO: Run Behavior\ContentReplaceBehavior [ RunTime:0.000253s ]
INFO: [ template_filter ] --END-- [ RunTime:0.000464s ]
SQL: SHOW COLUMNS FROM `p39_brand` [ RunTime:0.0063s ]
SQL: SELECT `id`,`brand_name` FROM `p39_brand`  [ RunTime:0.0004s ]
NOTIC: [8] Undefined variable: mlData F:\weblx\www\php39ds\Application\Runtime\Cache\Admin\608b0c961c661bd6d45820311b4b75a7.php 第 119 行.
NOTIC: [2] Invalid argument supplied for foreach() F:\weblx\www\php39ds\Application\Runtime\Cache\Admin\608b0c961c661bd6d45820311b4b75a7.php 第 119 行.
SQL: SHOW COLUMNS FROM `p39_type` [ RunTime:0.0108s ]
SQL: SELECT `id`,`type_name` FROM `p39_type`  [ RunTime:0.0004s ]
INFO: Run Behavior\ParseTemplateBehavior [ RunTime:0.043534s ]
INFO: [ view_parse ] --END-- [ RunTime:0.043724s ]
INFO: [ view_filter ] --START--
INFO: Run Behavior\WriteHtmlCacheBehavior [ RunTime:0.000778s ]
INFO: [ view_filter ] --END-- [ RunTime:0.000955s ]
INFO: [ app_end ] --START--
INFO: Run Behavior\ShowPageTraceBehavior [ RunTime:0.001112s ]
INFO: [ app_end ] --END-- [ RunTime:0.001302s ]

[ 2018-04-12T22:58:43+08:00 ] 127.0.0.1 /index.php/Admin/Goods/edit/id/31.html
INFO: [ app_init ] --START--
INFO: Run Behavior\BuildLiteBehavior [ RunTime:0.000043s ]
INFO: [ app_init ] --END-- [ RunTime:0.001001s ]
INFO: [ app_begin ] --START--
INFO: Run Behavior\ReadHtmlCacheBehavior [ RunTime:0.006252s ]
INFO: [ app_begin ] --END-- [ RunTime:0.007675s ]
SQL: SHOW COLUMNS FROM `p39_goods` [ RunTime:0.0076s ]
SQL: SELECT * FROM `p39_goods` WHERE `id` = 31 LIMIT 1   [ RunTime:0.0006s ]
SQL: SHOW COLUMNS FROM `p39_category` [ RunTime:0.0065s ]
SQL: SELECT * FROM `p39_category`  [ RunTime:0.0005s ]
SQL: SHOW COLUMNS FROM `p39_goods_cat` [ RunTime:0.0060s ]
SQL: SELECT `cat_id` FROM `p39_goods_cat` WHERE `goods_id` = '31'  [ RunTime:0.0040s ]
SQL: SHOW COLUMNS FROM `p39_goods_attr` [ RunTime:0.0074s ]
SQL: SELECT a.*,b.attr_name,b.attr_type,b.attr_option_values FROM p39_goods_attr a LEFT JOIN p39_attribute b ON a.attr_id=b.id  WHERE a.goods_id = '31'  [ RunTime:0.0032s ]
INFO: [ view_parse ] --START--
INFO: [ template_filter ] --START--
INFO: Run Behavior\ContentReplaceBehavior [ RunTime:0.000258s ]
INFO: [ template_filter ] --END-- [ RunTime:0.000601s ]
SQL: SHOW COLUMNS FROM `p39_brand` [ RunTime:0.0084s ]
SQL: SELECT `id`,`brand_name` FROM `p39_brand`  [ RunTime:0.0005s ]
NOTIC: [8] Undefined variable: mlData F:\weblx\www\php39ds\Application\Runtime\Cache\Admin\608b0c961c661bd6d45820311b4b75a7.php 第 119 行.
NOTIC: [2] Invalid argument supplied for foreach() F:\weblx\www\php39ds\Application\Runtime\Cache\Admin\608b0c961c661bd6d45820311b4b75a7.php 第 119 行.
SQL: SHOW COLUMNS FROM `p39_type` [ RunTime:0.0072s ]
SQL: SELECT `id`,`type_name` FROM `p39_type`  [ RunTime:0.0005s ]
INFO: Run Behavior\ParseTemplateBehavior [ RunTime:0.053414s ]
INFO: [ view_parse ] --END-- [ RunTime:0.053607s ]
INFO: [ view_filter ] --START--
INFO: Run Behavior\WriteHtmlCacheBehavior [ RunTime:0.001034s ]
INFO: [ view_filter ] --END-- [ RunTime:0.001217s ]
INFO: [ app_end ] --START--
INFO: Run Behavior\ShowPageTraceBehavior [ RunTime:0.016726s ]
INFO: [ app_end ] --END-- [ RunTime:0.016955s ]

[ 2018-04-12T23:01:54+08:00 ] 127.0.0.1 /index.php/Admin/Goods/edit/id/31.html
INFO: [ app_init ] --START--
INFO: Run Behavior\BuildLiteBehavior [ RunTime:0.000044s ]
INFO: [ app_init ] --END-- [ RunTime:0.001005s ]
INFO: [ app_begin ] --START--
INFO: Run Behavior\ReadHtmlCacheBehavior [ RunTime:0.002795s ]
INFO: [ app_begin ] --END-- [ RunTime:0.003057s ]
SQL: SHOW COLUMNS FROM `p39_goods` [ RunTime:0.0079s ]
SQL: SELECT * FROM `p39_goods` WHERE `id` = 31 LIMIT 1   [ RunTime:0.0006s ]
SQL: SHOW COLUMNS FROM `p39_category` [ RunTime:0.0064s ]
SQL: SELECT * FROM `p39_category`  [ RunTime:0.0005s ]
SQL: SHOW COLUMNS FROM `p39_goods_cat` [ RunTime:0.0085s ]
SQL: SELECT `cat_id` FROM `p39_goods_cat` WHERE `goods_id` = '31'  [ RunTime:0.0004s ]
SQL: SHOW COLUMNS FROM `p39_goods_attr` [ RunTime:0.0070s ]
SQL: SELECT a.*,b.attr_name,b.attr_type,b.attr_option_values FROM p39_goods_attr a LEFT JOIN p39_attribute b ON a.attr_id=b.id  WHERE a.goods_id = '31'  [ RunTime:0.0005s ]
INFO: [ view_parse ] --START--
INFO: [ template_filter ] --START--
INFO: Run Behavior\ContentReplaceBehavior [ RunTime:0.000272s ]
INFO: [ template_filter ] --END-- [ RunTime:0.000610s ]
SQL: SHOW COLUMNS FROM `p39_brand` [ RunTime:0.0078s ]
SQL: SELECT `id`,`brand_name` FROM `p39_brand`  [ RunTime:0.0004s ]
NOTIC: [8] Undefined variable: mlData F:\weblx\www\php39ds\Application\Runtime\Cache\Admin\608b0c961c661bd6d45820311b4b75a7.php 第 119 行.
NOTIC: [2] Invalid argument supplied for foreach() F:\weblx\www\php39ds\Application\Runtime\Cache\Admin\608b0c961c661bd6d45820311b4b75a7.php 第 119 行.
SQL: SHOW COLUMNS FROM `p39_type` [ RunTime:0.0071s ]
SQL: SELECT `id`,`type_name` FROM `p39_type`  [ RunTime:0.0005s ]
INFO: Run Behavior\ParseTemplateBehavior [ RunTime:0.060484s ]
INFO: [ view_parse ] --END-- [ RunTime:0.060808s ]
INFO: [ view_filter ] --START--
INFO: Run Behavior\WriteHtmlCacheBehavior [ RunTime:0.001107s ]
INFO: [ view_filter ] --END-- [ RunTime:0.001290s ]
INFO: [ app_end ] --START--
INFO: Run Behavior\ShowPageTraceBehavior [ RunTime:0.008801s ]
INFO: [ app_end ] --END-- [ RunTime:0.009044s ]

