[ 2018-04-13T00:02:29+08:00 ] 127.0.0.1 /index.php/Admin/Goods/edit/id/31.html
INFO: [ app_init ] --START--
INFO: Run Behavior\BuildLiteBehavior [ RunTime:0.000048s ]
INFO: [ app_init ] --END-- [ RunTime:0.001042s ]
INFO: [ app_begin ] --START--
INFO: Run Behavior\ReadHtmlCacheBehavior [ RunTime:0.002076s ]
INFO: [ app_begin ] --END-- [ RunTime:0.002285s ]
SQL: SHOW COLUMNS FROM `p39_goods` [ RunTime:0.0070s ]
SQL: SELECT * FROM `p39_goods` WHERE `id` = 31 LIMIT 1   [ RunTime:0.0006s ]
SQL: SHOW COLUMNS FROM `p39_category` [ RunTime:0.0088s ]
SQL: SELECT * FROM `p39_category`  [ RunTime:0.0005s ]
SQL: SHOW COLUMNS FROM `p39_goods_cat` [ RunTime:0.0083s ]
SQL: SELECT `cat_id` FROM `p39_goods_cat` WHERE `goods_id` = '31'  [ RunTime:0.0004s ]
SQL: SHOW COLUMNS FROM `p39_goods_attr` [ RunTime:0.0093s ]
SQL: SELECT a.*,b.attr_name,b.attr_type,b.attr_option_values FROM p39_goods_attr a LEFT JOIN p39_attribute b ON a.attr_id=b.id  WHERE a.goods_id = '31'  [ RunTime:0.0023s ]
INFO: [ view_parse ] --START--
INFO: [ template_filter ] --START--
INFO: Run Behavior\ContentReplaceBehavior [ RunTime:0.000269s ]
INFO: [ template_filter ] --END-- [ RunTime:0.000488s ]
SQL: SHOW COLUMNS FROM `p39_brand` [ RunTime:0.0077s ]
SQL: SELECT `id`,`brand_name` FROM `p39_brand`  [ RunTime:0.0003s ]
NOTIC: [8] Undefined variable: mlData F:\weblx\www\php39ds\Application\Runtime\Cache\Admin\608b0c961c661bd6d45820311b4b75a7.php 第 119 行.
NOTIC: [2] Invalid argument supplied for foreach() F:\weblx\www\php39ds\Application\Runtime\Cache\Admin\608b0c961c661bd6d45820311b4b75a7.php 第 119 行.
SQL: SHOW COLUMNS FROM `p39_type` [ RunTime:0.0070s ]
SQL: SELECT `id`,`type_name` FROM `p39_type`  [ RunTime:0.0004s ]
INFO: Run Behavior\ParseTemplateBehavior [ RunTime:0.047698s ]
INFO: [ view_parse ] --END-- [ RunTime:0.047894s ]
INFO: [ view_filter ] --START--
INFO: Run Behavior\WriteHtmlCacheBehavior [ RunTime:0.001001s ]
INFO: [ view_filter ] --END-- [ RunTime:0.001180s ]
INFO: [ app_end ] --START--
INFO: Run Behavior\ShowPageTraceBehavior [ RunTime:0.002591s ]
INFO: [ app_end ] --END-- [ RunTime:0.002817s ]

[ 2018-04-13T01:21:00+08:00 ] 127.0.0.1 /index.php/Admin/Index/index
INFO: [ app_init ] --START--
INFO: Run Behavior\BuildLiteBehavior [ RunTime:0.000041s ]
INFO: [ app_init ] --END-- [ RunTime:0.001036s ]
INFO: [ app_begin ] --START--
INFO: Run Behavior\ReadHtmlCacheBehavior [ RunTime:0.001533s ]
INFO: [ app_begin ] --END-- [ RunTime:0.001759s ]
INFO: [ view_parse ] --START--
INFO: [ template_filter ] --START--
INFO: Run Behavior\ContentReplaceBehavior [ RunTime:0.000126s ]
INFO: [ template_filter ] --END-- [ RunTime:0.000359s ]
INFO: Run Behavior\ParseTemplateBehavior [ RunTime:0.097878s ]
INFO: [ view_parse ] --END-- [ RunTime:0.098186s ]
INFO: [ view_filter ] --START--
INFO: Run Behavior\WriteHtmlCacheBehavior [ RunTime:0.001936s ]
INFO: [ view_filter ] --END-- [ RunTime:0.002126s ]
INFO: [ app_end ] --START--
INFO: Run Behavior\ShowPageTraceBehavior [ RunTime:0.001490s ]
INFO: [ app_end ] --END-- [ RunTime:0.001677s ]

[ 2018-04-13T01:21:03+08:00 ] 127.0.0.1 /index.php/Admin/Index/top.html
INFO: [ app_init ] --START--
INFO: Run Behavior\BuildLiteBehavior [ RunTime:0.000041s ]
INFO: [ app_init ] --END-- [ RunTime:0.000902s ]
INFO: [ app_begin ] --START--
INFO: Run Behavior\ReadHtmlCacheBehavior [ RunTime:0.001089s ]
INFO: [ app_begin ] --END-- [ RunTime:0.001280s ]
INFO: [ view_parse ] --START--
INFO: [ template_filter ] --START--
INFO: Run Behavior\ContentReplaceBehavior [ RunTime:0.000140s ]
INFO: [ template_filter ] --END-- [ RunTime:0.000353s ]
INFO: Run Behavior\ParseTemplateBehavior [ RunTime:0.067678s ]
INFO: [ view_parse ] --END-- [ RunTime:0.067885s ]
INFO: [ view_filter ] --START--
INFO: Run Behavior\WriteHtmlCacheBehavior [ RunTime:0.000756s ]
INFO: [ view_filter ] --END-- [ RunTime:0.000931s ]
INFO: [ app_end ] --START--
INFO: Run Behavior\ShowPageTraceBehavior [ RunTime:0.001093s ]
INFO: [ app_end ] --END-- [ RunTime:0.001275s ]

[ 2018-04-13T01:21:04+08:00 ] 127.0.0.1 /index.php/Admin/Index/main.html
INFO: [ app_init ] --START--
INFO: Run Behavior\BuildLiteBehavior [ RunTime:0.000040s ]
INFO: [ app_init ] --END-- [ RunTime:0.000986s ]
INFO: [ app_begin ] --START--
INFO: Run Behavior\ReadHtmlCacheBehavior [ RunTime:0.052988s ]
INFO: [ app_begin ] --END-- [ RunTime:0.053213s ]
INFO: [ view_parse ] --START--
INFO: [ template_filter ] --START--
INFO: Run Behavior\ContentReplaceBehavior [ RunTime:0.000145s ]
INFO: [ template_filter ] --END-- [ RunTime:0.000380s ]
INFO: Run Behavior\ParseTemplateBehavior [ RunTime:0.020715s ]
INFO: [ view_parse ] --END-- [ RunTime:0.020921s ]
INFO: [ view_filter ] --START--
INFO: Run Behavior\WriteHtmlCacheBehavior [ RunTime:0.000824s ]
INFO: [ view_filter ] --END-- [ RunTime:0.001002s ]
INFO: [ app_end ] --START--
INFO: Run Behavior\ShowPageTraceBehavior [ RunTime:0.001564s ]
INFO: [ app_end ] --END-- [ RunTime:0.001751s ]

[ 2018-04-13T01:21:05+08:00 ] 127.0.0.1 /index.php/Admin/Index/menu.html
INFO: [ app_init ] --START--
INFO: Run Behavior\BuildLiteBehavior [ RunTime:0.000043s ]
INFO: [ app_init ] --END-- [ RunTime:0.000983s ]
INFO: [ app_begin ] --START--
INFO: Run Behavior\ReadHtmlCacheBehavior [ RunTime:0.004420s ]
INFO: [ app_begin ] --END-- [ RunTime:0.004629s ]
INFO: [ view_parse ] --START--
INFO: [ template_filter ] --START--
INFO: Run Behavior\ContentReplaceBehavior [ RunTime:0.000207s ]
INFO: [ template_filter ] --END-- [ RunTime:0.000428s ]
INFO: Run Behavior\ParseTemplateBehavior [ RunTime:0.097811s ]
INFO: [ view_parse ] --END-- [ RunTime:0.098049s ]
INFO: [ view_filter ] --START--
INFO: Run Behavior\WriteHtmlCacheBehavior [ RunTime:0.001043s ]
INFO: [ view_filter ] --END-- [ RunTime:0.001920s ]
INFO: [ app_end ] --START--
INFO: Run Behavior\ShowPageTraceBehavior [ RunTime:0.001887s ]
INFO: [ app_end ] --END-- [ RunTime:0.002096s ]

[ 2018-04-13T01:21:14+08:00 ] 127.0.0.1 /index.php/Admin/Type/lst.html
INFO: [ app_init ] --START--
INFO: Run Behavior\BuildLiteBehavior [ RunTime:0.000041s ]
INFO: [ app_init ] --END-- [ RunTime:0.001043s ]
INFO: [ app_begin ] --START--
INFO: Run Behavior\ReadHtmlCacheBehavior [ RunTime:0.001699s ]
INFO: [ app_begin ] --END-- [ RunTime:0.001893s ]
SQL: SHOW COLUMNS FROM `p39_type` [ RunTime:0.2811s ]
SQL: SELECT COUNT(*) AS tp_count FROM p39_type a LIMIT 1   [ RunTime:0.0038s ]
SQL: SELECT * FROM p39_type a GROUP BY a.id LIMIT 0,20   [ RunTime:0.0015s ]
INFO: [ view_parse ] --START--
INFO: [ template_filter ] --START--
INFO: Run Behavior\ContentReplaceBehavior [ RunTime:0.000134s ]
INFO: [ template_filter ] --END-- [ RunTime:0.000350s ]
INFO: Run Behavior\ParseTemplateBehavior [ RunTime:0.093146s ]
INFO: [ view_parse ] --END-- [ RunTime:0.093347s ]
INFO: [ view_filter ] --START--
INFO: Run Behavior\WriteHtmlCacheBehavior [ RunTime:0.000807s ]
INFO: [ view_filter ] --END-- [ RunTime:0.000988s ]
INFO: [ app_end ] --START--
INFO: Run Behavior\ShowPageTraceBehavior [ RunTime:0.001088s ]
INFO: [ app_end ] --END-- [ RunTime:0.001266s ]

[ 2018-04-13T01:21:24+08:00 ] 127.0.0.1 /index.php/Admin/Attribute/lst/type_id/1.html
INFO: [ app_init ] --START--
INFO: Run Behavior\BuildLiteBehavior [ RunTime:0.000041s ]
INFO: [ app_init ] --END-- [ RunTime:0.000918s ]
INFO: [ app_begin ] --START--
INFO: Run Behavior\ReadHtmlCacheBehavior [ RunTime:0.001118s ]
INFO: [ app_begin ] --END-- [ RunTime:0.001312s ]
SQL: SHOW COLUMNS FROM `p39_attribute` [ RunTime:0.1180s ]
SQL: SELECT COUNT(*) AS tp_count FROM p39_attribute a WHERE `type_id` = '1' LIMIT 1   [ RunTime:0.0248s ]
SQL: SELECT * FROM p39_attribute a WHERE `type_id` = '1' GROUP BY a.id LIMIT 0,20   [ RunTime:0.0073s ]
INFO: [ view_parse ] --START--
INFO: [ template_filter ] --START--
INFO: Run Behavior\ContentReplaceBehavior [ RunTime:0.000162s ]
INFO: [ template_filter ] --END-- [ RunTime:0.000381s ]
SQL: SHOW COLUMNS FROM `p39_type` [ RunTime:0.0059s ]
SQL: SELECT `id`,`type_name` FROM `p39_type`  [ RunTime:0.0005s ]
INFO: Run Behavior\ParseTemplateBehavior [ RunTime:0.028117s ]
INFO: [ view_parse ] --END-- [ RunTime:0.028341s ]
INFO: [ view_filter ] --START--
INFO: Run Behavior\WriteHtmlCacheBehavior [ RunTime:0.000810s ]
INFO: [ view_filter ] --END-- [ RunTime:0.000987s ]
INFO: [ app_end ] --START--
INFO: Run Behavior\ShowPageTraceBehavior [ RunTime:0.001095s ]
INFO: [ app_end ] --END-- [ RunTime:0.001275s ]

[ 2018-04-13T01:21:55+08:00 ] 127.0.0.1 /index.php/Admin/Attribute/add/type_id/1.html
INFO: [ app_init ] --START--
INFO: Run Behavior\BuildLiteBehavior [ RunTime:0.000041s ]
INFO: [ app_init ] --END-- [ RunTime:0.001445s ]
INFO: [ app_begin ] --START--
INFO: Run Behavior\ReadHtmlCacheBehavior [ RunTime:0.002120s ]
INFO: [ app_begin ] --END-- [ RunTime:0.002466s ]
INFO: [ view_parse ] --START--
INFO: [ template_filter ] --START--
INFO: Run Behavior\ContentReplaceBehavior [ RunTime:0.000145s ]
INFO: [ template_filter ] --END-- [ RunTime:0.000363s ]
SQL: SHOW COLUMNS FROM `p39_type` [ RunTime:0.0072s ]
SQL: SELECT `id`,`type_name` FROM `p39_type`  [ RunTime:0.0005s ]
INFO: Run Behavior\ParseTemplateBehavior [ RunTime:0.073465s ]
INFO: [ view_parse ] --END-- [ RunTime:0.073709s ]
INFO: [ view_filter ] --START--
INFO: Run Behavior\WriteHtmlCacheBehavior [ RunTime:0.000873s ]
INFO: [ view_filter ] --END-- [ RunTime:0.001050s ]
INFO: [ app_end ] --START--
INFO: Run Behavior\ShowPageTraceBehavior [ RunTime:0.001113s ]
INFO: [ app_end ] --END-- [ RunTime:0.001293s ]

[ 2018-04-13T01:23:57+08:00 ] 127.0.0.1 /index.php/Admin/Attribute/add/type_id/1.html
INFO: [ app_init ] --START--
INFO: Run Behavior\BuildLiteBehavior [ RunTime:0.000051s ]
INFO: [ app_init ] --END-- [ RunTime:0.004176s ]
INFO: [ app_begin ] --START--
INFO: Run Behavior\ReadHtmlCacheBehavior [ RunTime:0.001710s ]
INFO: [ app_begin ] --END-- [ RunTime:0.001908s ]
SQL: SHOW COLUMNS FROM `p39_attribute` [ RunTime:0.0067s ]
NOTIC: [8] Undefined index: validate F:\weblx\www\php39ds\ThinkPHP\Library\Think\Model.class.php 第 1185 行.
NOTIC: [8] Undefined index: auto F:\weblx\www\php39ds\ThinkPHP\Library\Think\Model.class.php 第 1128 行.
SQL: INSERT INTO `p39_attribute` (`attr_name`,`attr_type`,`attr_option_values`,`type_id`) VALUES ('屏幕尺寸','唯一','','1') [ RunTime:0.1326s ]
INFO: [ view_parse ] --START--
INFO: [ template_filter ] --START--
INFO: Run Behavior\ContentReplaceBehavior [ RunTime:0.000125s ]
INFO: [ template_filter ] --END-- [ RunTime:0.000336s ]
INFO: Run Behavior\ParseTemplateBehavior [ RunTime:0.032821s ]
INFO: [ view_parse ] --END-- [ RunTime:0.033034s ]
INFO: [ view_filter ] --START--
INFO: Run Behavior\WriteHtmlCacheBehavior [ RunTime:0.000829s ]
INFO: [ view_filter ] --END-- [ RunTime:0.001009s ]

[ 2018-04-13T01:24:00+08:00 ] 127.0.0.1 /index.php/Admin/Attribute/lst/type_id/1.html
INFO: [ app_init ] --START--
INFO: Run Behavior\BuildLiteBehavior [ RunTime:0.000042s ]
INFO: [ app_init ] --END-- [ RunTime:0.000914s ]
INFO: [ app_begin ] --START--
INFO: Run Behavior\ReadHtmlCacheBehavior [ RunTime:0.001140s ]
INFO: [ app_begin ] --END-- [ RunTime:0.001338s ]
SQL: SHOW COLUMNS FROM `p39_attribute` [ RunTime:0.0065s ]
SQL: SELECT COUNT(*) AS tp_count FROM p39_attribute a WHERE `type_id` = '1' LIMIT 1   [ RunTime:0.0011s ]
SQL: SELECT * FROM p39_attribute a WHERE `type_id` = '1' GROUP BY a.id LIMIT 0,20   [ RunTime:0.0016s ]
INFO: [ view_parse ] --START--
INFO: [ template_filter ] --START--
INFO: Run Behavior\ContentReplaceBehavior [ RunTime:0.000179s ]
INFO: [ template_filter ] --END-- [ RunTime:0.000400s ]
SQL: SHOW COLUMNS FROM `p39_type` [ RunTime:0.0071s ]
SQL: SELECT `id`,`type_name` FROM `p39_type`  [ RunTime:0.0003s ]
INFO: Run Behavior\ParseTemplateBehavior [ RunTime:0.039604s ]
INFO: [ view_parse ] --END-- [ RunTime:0.039802s ]
INFO: [ view_filter ] --START--
INFO: Run Behavior\WriteHtmlCacheBehavior [ RunTime:0.001398s ]
INFO: [ view_filter ] --END-- [ RunTime:0.001585s ]
INFO: [ app_end ] --START--
INFO: Run Behavior\ShowPageTraceBehavior [ RunTime:0.001307s ]
INFO: [ app_end ] --END-- [ RunTime:0.001487s ]

[ 2018-04-13T01:24:47+08:00 ] 127.0.0.1 /index.php/Admin/Goods/lst.html
INFO: [ app_init ] --START--
INFO: Run Behavior\BuildLiteBehavior [ RunTime:0.000044s ]
INFO: [ app_init ] --END-- [ RunTime:0.000964s ]
INFO: [ app_begin ] --START--
INFO: Run Behavior\ReadHtmlCacheBehavior [ RunTime:0.001185s ]
INFO: [ app_begin ] --END-- [ RunTime:0.001386s ]
SQL: SHOW COLUMNS FROM `p39_goods` [ RunTime:0.0863s ]
SQL: SELECT COUNT(*) AS tp_count FROM p39_goods a LIMIT 1   [ RunTime:0.0006s ]
SQL: SELECT a.*,b.brand_name,c.cat_name,GROUP_CONCAT(e.cat_name SEPARATOR "<br />") ext_cat_name FROM p39_goods a LEFT JOIN p39_brand b ON a.brand_id=b.id         
                LEFT JOIN p39_category c ON a.cat_id=c.id
                LEFT JOIN p39_goods_cat d ON a.id=d.goods_id
                LEFT JOIN p39_category e ON d.cat_id=e.id  GROUP BY a.id ORDER BY a.id desc LIMIT 0,5   [ RunTime:0.0776s ]
SQL: SHOW COLUMNS FROM `p39_category` [ RunTime:0.0095s ]
SQL: SELECT * FROM `p39_category`  [ RunTime:0.0007s ]
INFO: [ view_parse ] --START--
INFO: [ template_filter ] --START--
INFO: Run Behavior\ContentReplaceBehavior [ RunTime:0.000204s ]
INFO: [ template_filter ] --END-- [ RunTime:0.000427s ]
SQL: SHOW COLUMNS FROM `p39_brand` [ RunTime:0.0067s ]
SQL: SELECT `id`,`brand_name` FROM `p39_brand`  [ RunTime:0.0006s ]
INFO: Run Behavior\ParseTemplateBehavior [ RunTime:0.060118s ]
INFO: [ view_parse ] --END-- [ RunTime:0.060317s ]
INFO: [ view_filter ] --START--
INFO: Run Behavior\WriteHtmlCacheBehavior [ RunTime:0.000830s ]
INFO: [ view_filter ] --END-- [ RunTime:0.001014s ]
INFO: [ app_end ] --START--
INFO: Run Behavior\ShowPageTraceBehavior [ RunTime:0.001342s ]
INFO: [ app_end ] --END-- [ RunTime:0.001586s ]

[ 2018-04-13T01:24:51+08:00 ] 127.0.0.1 /index.php/Admin/Goods/edit/id/31.html
INFO: [ app_init ] --START--
INFO: Run Behavior\BuildLiteBehavior [ RunTime:0.000042s ]
INFO: [ app_init ] --END-- [ RunTime:0.000906s ]
INFO: [ app_begin ] --START--
INFO: Run Behavior\ReadHtmlCacheBehavior [ RunTime:0.001112s ]
INFO: [ app_begin ] --END-- [ RunTime:0.001300s ]
SQL: SHOW COLUMNS FROM `p39_goods` [ RunTime:0.0067s ]
SQL: SELECT * FROM `p39_goods` WHERE `id` = 31 LIMIT 1   [ RunTime:0.0009s ]
SQL: SHOW COLUMNS FROM `p39_category` [ RunTime:0.0057s ]
SQL: SELECT * FROM `p39_category`  [ RunTime:0.0005s ]
SQL: SHOW COLUMNS FROM `p39_goods_cat` [ RunTime:0.0067s ]
SQL: SELECT `cat_id` FROM `p39_goods_cat` WHERE `goods_id` = '31'  [ RunTime:0.0006s ]
SQL: SHOW COLUMNS FROM `p39_goods_attr` [ RunTime:0.0058s ]
SQL: SELECT a.*,b.attr_name,b.attr_type,b.attr_option_values FROM p39_goods_attr a LEFT JOIN p39_attribute b ON a.attr_id=b.id  WHERE a.goods_id = '31'  [ RunTime:0.0008s ]
INFO: [ view_parse ] --START--
INFO: [ template_filter ] --START--
INFO: Run Behavior\ContentReplaceBehavior [ RunTime:0.000293s ]
INFO: [ template_filter ] --END-- [ RunTime:0.000508s ]
SQL: SHOW COLUMNS FROM `p39_brand` [ RunTime:0.0059s ]
SQL: SELECT `id`,`brand_name` FROM `p39_brand`  [ RunTime:0.0004s ]
NOTIC: [8] Undefined variable: mlData F:\weblx\www\php39ds\Application\Runtime\Cache\Admin\608b0c961c661bd6d45820311b4b75a7.php 第 119 行.
NOTIC: [2] Invalid argument supplied for foreach() F:\weblx\www\php39ds\Application\Runtime\Cache\Admin\608b0c961c661bd6d45820311b4b75a7.php 第 119 行.
SQL: SHOW COLUMNS FROM `p39_type` [ RunTime:0.0059s ]
SQL: SELECT `id`,`type_name` FROM `p39_type`  [ RunTime:0.0003s ]
INFO: Run Behavior\ParseTemplateBehavior [ RunTime:0.041881s ]
INFO: [ view_parse ] --END-- [ RunTime:0.042080s ]
INFO: [ view_filter ] --START--
INFO: Run Behavior\WriteHtmlCacheBehavior [ RunTime:0.000827s ]
INFO: [ view_filter ] --END-- [ RunTime:0.001005s ]
INFO: [ app_end ] --START--
INFO: Run Behavior\ShowPageTraceBehavior [ RunTime:0.001368s ]
INFO: [ app_end ] --END-- [ RunTime:0.001572s ]

[ 2018-04-13T01:25:26+08:00 ] 127.0.0.1 /index.php/Admin/Goods/add.html
INFO: [ app_init ] --START--
INFO: Run Behavior\BuildLiteBehavior [ RunTime:0.000043s ]
INFO: [ app_init ] --END-- [ RunTime:0.000934s ]
INFO: [ app_begin ] --START--
INFO: Run Behavior\ReadHtmlCacheBehavior [ RunTime:0.001114s ]
INFO: [ app_begin ] --END-- [ RunTime:0.001304s ]
SQL: SHOW COLUMNS FROM `p39_member_level` [ RunTime:0.0097s ]
SQL: SELECT * FROM `p39_member_level`  [ RunTime:0.0006s ]
SQL: SHOW COLUMNS FROM `p39_category` [ RunTime:0.0062s ]
SQL: SELECT * FROM `p39_category`  [ RunTime:0.0004s ]
INFO: [ view_parse ] --START--
INFO: [ template_filter ] --START--
INFO: Run Behavior\ContentReplaceBehavior [ RunTime:0.000244s ]
INFO: [ template_filter ] --END-- [ RunTime:0.000474s ]
SQL: SHOW COLUMNS FROM `p39_brand` [ RunTime:0.0065s ]
SQL: SELECT `id`,`brand_name` FROM `p39_brand`  [ RunTime:0.0013s ]
SQL: SHOW COLUMNS FROM `p39_type` [ RunTime:0.0072s ]
SQL: SELECT `id`,`type_name` FROM `p39_type`  [ RunTime:0.0003s ]
INFO: Run Behavior\ParseTemplateBehavior [ RunTime:0.110783s ]
INFO: [ view_parse ] --END-- [ RunTime:0.111011s ]
INFO: [ view_filter ] --START--
INFO: Run Behavior\WriteHtmlCacheBehavior [ RunTime:0.000790s ]
INFO: [ view_filter ] --END-- [ RunTime:0.000969s ]
INFO: [ app_end ] --START--
INFO: Run Behavior\ShowPageTraceBehavior [ RunTime:0.007345s ]
INFO: [ app_end ] --END-- [ RunTime:0.007596s ]

[ 2018-04-13T01:25:38+08:00 ] 127.0.0.1 /index.php/Admin/Goods/ajaxGetAttr/type_id/1
INFO: [ app_init ] --START--
INFO: Run Behavior\BuildLiteBehavior [ RunTime:0.000042s ]
INFO: [ app_init ] --END-- [ RunTime:0.001001s ]
INFO: [ app_begin ] --START--
INFO: Run Behavior\ReadHtmlCacheBehavior [ RunTime:0.002588s ]
INFO: [ app_begin ] --END-- [ RunTime:0.002771s ]
SQL: SHOW COLUMNS FROM `p39_attribute` [ RunTime:0.0062s ]
SQL: SELECT * FROM `p39_attribute` WHERE `type_id` = '1'  [ RunTime:0.0007s ]
INFO: [ app_end ] --START--
INFO: Run Behavior\ShowPageTraceBehavior [ RunTime:0.001512s ]
INFO: [ app_end ] --END-- [ RunTime:0.001709s ]

[ 2018-04-13T01:32:39+08:00 ] 127.0.0.1 /index.php/Admin/Goods/edit/id/31.html
INFO: [ app_init ] --START--
INFO: Run Behavior\BuildLiteBehavior [ RunTime:0.000042s ]
INFO: [ app_init ] --END-- [ RunTime:0.001004s ]
INFO: [ app_begin ] --START--
INFO: Run Behavior\ReadHtmlCacheBehavior [ RunTime:0.001861s ]
INFO: [ app_begin ] --END-- [ RunTime:0.002054s ]
SQL: SHOW COLUMNS FROM `p39_goods` [ RunTime:0.0068s ]
SQL: SELECT * FROM `p39_goods` WHERE `id` = 31 LIMIT 1   [ RunTime:0.0014s ]
SQL: SHOW COLUMNS FROM `p39_category` [ RunTime:0.0065s ]
SQL: SELECT * FROM `p39_category`  [ RunTime:0.0005s ]
SQL: SHOW COLUMNS FROM `p39_goods_cat` [ RunTime:0.0060s ]
SQL: SELECT `cat_id` FROM `p39_goods_cat` WHERE `goods_id` = '31'  [ RunTime:0.0007s ]
SQL: SHOW COLUMNS FROM `p39_goods_attr` [ RunTime:0.0067s ]
SQL: SELECT a.*,b.attr_name,b.attr_type,b.attr_option_values FROM p39_goods_attr a LEFT JOIN p39_attribute b ON a.attr_id=b.id  WHERE a.goods_id = '31'  [ RunTime:0.0005s ]
INFO: [ view_parse ] --START--
INFO: [ template_filter ] --START--
INFO: Run Behavior\ContentReplaceBehavior [ RunTime:0.000270s ]
INFO: [ template_filter ] --END-- [ RunTime:0.000507s ]
SQL: SHOW COLUMNS FROM `p39_brand` [ RunTime:0.0060s ]
SQL: SELECT `id`,`brand_name` FROM `p39_brand`  [ RunTime:0.0003s ]
NOTIC: [8] Undefined variable: mlData F:\weblx\www\php39ds\Application\Runtime\Cache\Admin\608b0c961c661bd6d45820311b4b75a7.php 第 119 行.
NOTIC: [2] Invalid argument supplied for foreach() F:\weblx\www\php39ds\Application\Runtime\Cache\Admin\608b0c961c661bd6d45820311b4b75a7.php 第 119 行.
SQL: SHOW COLUMNS FROM `p39_type` [ RunTime:0.0059s ]
SQL: SELECT `id`,`type_name` FROM `p39_type`  [ RunTime:0.0003s ]
INFO: Run Behavior\ParseTemplateBehavior [ RunTime:0.038721s ]
INFO: [ view_parse ] --END-- [ RunTime:0.038909s ]
INFO: [ view_filter ] --START--
INFO: Run Behavior\WriteHtmlCacheBehavior [ RunTime:0.000922s ]
INFO: [ view_filter ] --END-- [ RunTime:0.001099s ]
INFO: [ app_end ] --START--
INFO: Run Behavior\ShowPageTraceBehavior [ RunTime:0.001490s ]
INFO: [ app_end ] --END-- [ RunTime:0.001709s ]

[ 2018-04-13T01:37:14+08:00 ] 127.0.0.1 /index.php/Admin/Goods/edit/id/31.html
INFO: [ app_init ] --START--
INFO: Run Behavior\BuildLiteBehavior [ RunTime:0.000043s ]
INFO: [ app_init ] --END-- [ RunTime:0.000987s ]
INFO: [ app_begin ] --START--
INFO: Run Behavior\ReadHtmlCacheBehavior [ RunTime:0.002302s ]
INFO: [ app_begin ] --END-- [ RunTime:0.002505s ]
SQL: SHOW COLUMNS FROM `p39_goods` [ RunTime:0.0081s ]
SQL: SELECT * FROM `p39_goods` WHERE `id` = 31 LIMIT 1   [ RunTime:0.0005s ]
SQL: SHOW COLUMNS FROM `p39_category` [ RunTime:0.0057s ]
SQL: SELECT * FROM `p39_category`  [ RunTime:0.0004s ]
SQL: SHOW COLUMNS FROM `p39_goods_cat` [ RunTime:0.0056s ]
SQL: SELECT `cat_id` FROM `p39_goods_cat` WHERE `goods_id` = '31'  [ RunTime:0.0003s ]
SQL: SHOW COLUMNS FROM `p39_goods_attr` [ RunTime:0.0087s ]
SQL: SELECT a.*,b.attr_name,b.attr_type,b.attr_option_values FROM p39_goods_attr a LEFT JOIN p39_attribute b ON a.attr_id=b.id  WHERE a.goods_id = '31'  [ RunTime:0.0006s ]
INFO: [ view_parse ] --START--
INFO: [ template_filter ] --START--
INFO: Run Behavior\ContentReplaceBehavior [ RunTime:0.000273s ]
INFO: [ template_filter ] --END-- [ RunTime:0.000495s ]
SQL: SHOW COLUMNS FROM `p39_brand` [ RunTime:0.0088s ]
SQL: SELECT `id`,`brand_name` FROM `p39_brand`  [ RunTime:0.0004s ]
NOTIC: [8] Undefined variable: mlData F:\weblx\www\php39ds\Application\Runtime\Cache\Admin\608b0c961c661bd6d45820311b4b75a7.php 第 119 行.
NOTIC: [2] Invalid argument supplied for foreach() F:\weblx\www\php39ds\Application\Runtime\Cache\Admin\608b0c961c661bd6d45820311b4b75a7.php 第 119 行.
SQL: SHOW COLUMNS FROM `p39_type` [ RunTime:0.0060s ]
SQL: SELECT `id`,`type_name` FROM `p39_type`  [ RunTime:0.0003s ]
INFO: Run Behavior\ParseTemplateBehavior [ RunTime:0.043258s ]
INFO: [ view_parse ] --END-- [ RunTime:0.043446s ]
INFO: [ view_filter ] --START--
INFO: Run Behavior\WriteHtmlCacheBehavior [ RunTime:0.000953s ]
INFO: [ view_filter ] --END-- [ RunTime:0.001131s ]
INFO: [ app_end ] --START--
INFO: Run Behavior\ShowPageTraceBehavior [ RunTime:0.096369s ]
INFO: [ app_end ] --END-- [ RunTime:0.096608s ]

[ 2018-04-13T01:38:07+08:00 ] 127.0.0.1 /index.php/Admin/Goods/edit/id/31.html
INFO: [ app_init ] --START--
INFO: Run Behavior\BuildLiteBehavior [ RunTime:0.000044s ]
INFO: [ app_init ] --END-- [ RunTime:0.001328s ]
INFO: [ app_begin ] --START--
INFO: Run Behavior\ReadHtmlCacheBehavior [ RunTime:0.001447s ]
INFO: [ app_begin ] --END-- [ RunTime:0.001646s ]
SQL: SHOW COLUMNS FROM `p39_goods` [ RunTime:0.0066s ]
SQL: SELECT * FROM `p39_goods` WHERE `id` = 31 LIMIT 1   [ RunTime:0.0005s ]
SQL: SHOW COLUMNS FROM `p39_category` [ RunTime:0.0063s ]
SQL: SELECT * FROM `p39_category`  [ RunTime:0.0005s ]
SQL: SHOW COLUMNS FROM `p39_goods_cat` [ RunTime:0.0057s ]
SQL: SELECT `cat_id` FROM `p39_goods_cat` WHERE `goods_id` = '31'  [ RunTime:0.0003s ]
SQL: SHOW COLUMNS FROM `p39_goods_attr` [ RunTime:0.0085s ]
SQL: SELECT a.*,b.attr_name,b.attr_type,b.attr_option_values FROM p39_goods_attr a LEFT JOIN p39_attribute b ON a.attr_id=b.id  WHERE a.goods_id = '31'  [ RunTime:0.0005s ]
INFO: [ view_parse ] --START--
INFO: [ template_filter ] --START--
INFO: Run Behavior\ContentReplaceBehavior [ RunTime:0.000272s ]
INFO: [ template_filter ] --END-- [ RunTime:0.000491s ]
SQL: SHOW COLUMNS FROM `p39_brand` [ RunTime:0.0062s ]
SQL: SELECT `id`,`brand_name` FROM `p39_brand`  [ RunTime:0.0003s ]
NOTIC: [8] Undefined variable: mlData F:\weblx\www\php39ds\Application\Runtime\Cache\Admin\608b0c961c661bd6d45820311b4b75a7.php 第 119 行.
NOTIC: [2] Invalid argument supplied for foreach() F:\weblx\www\php39ds\Application\Runtime\Cache\Admin\608b0c961c661bd6d45820311b4b75a7.php 第 119 行.
SQL: SHOW COLUMNS FROM `p39_type` [ RunTime:0.0089s ]
SQL: SELECT `id`,`type_name` FROM `p39_type`  [ RunTime:0.0003s ]
INFO: Run Behavior\ParseTemplateBehavior [ RunTime:0.046698s ]
INFO: [ view_parse ] --END-- [ RunTime:0.046888s ]
INFO: [ view_filter ] --START--
INFO: Run Behavior\WriteHtmlCacheBehavior [ RunTime:0.000988s ]
INFO: [ view_filter ] --END-- [ RunTime:0.001166s ]
INFO: [ app_end ] --START--
INFO: Run Behavior\ShowPageTraceBehavior [ RunTime:0.089762s ]
INFO: [ app_end ] --END-- [ RunTime:0.089985s ]

[ 2018-04-13T01:38:43+08:00 ] 127.0.0.1 /index.php/Admin/Goods/lst.html
INFO: [ app_init ] --START--
INFO: Run Behavior\BuildLiteBehavior [ RunTime:0.000043s ]
INFO: [ app_init ] --END-- [ RunTime:0.000932s ]
INFO: [ app_begin ] --START--
INFO: Run Behavior\ReadHtmlCacheBehavior [ RunTime:0.001119s ]
INFO: [ app_begin ] --END-- [ RunTime:0.001308s ]
SQL: SHOW COLUMNS FROM `p39_goods` [ RunTime:0.0066s ]
SQL: SELECT COUNT(*) AS tp_count FROM p39_goods a LIMIT 1   [ RunTime:0.0004s ]
SQL: SELECT a.*,b.brand_name,c.cat_name,GROUP_CONCAT(e.cat_name SEPARATOR "<br />") ext_cat_name FROM p39_goods a LEFT JOIN p39_brand b ON a.brand_id=b.id         
                LEFT JOIN p39_category c ON a.cat_id=c.id
                LEFT JOIN p39_goods_cat d ON a.id=d.goods_id
                LEFT JOIN p39_category e ON d.cat_id=e.id  GROUP BY a.id ORDER BY a.id desc LIMIT 0,5   [ RunTime:0.0011s ]
SQL: SHOW COLUMNS FROM `p39_category` [ RunTime:0.0059s ]
SQL: SELECT * FROM `p39_category`  [ RunTime:0.0004s ]
INFO: [ view_parse ] --START--
INFO: [ template_filter ] --START--
INFO: Run Behavior\ContentReplaceBehavior [ RunTime:0.000218s ]
INFO: [ template_filter ] --END-- [ RunTime:0.000437s ]
SQL: SHOW COLUMNS FROM `p39_brand` [ RunTime:0.0062s ]
SQL: SELECT `id`,`brand_name` FROM `p39_brand`  [ RunTime:0.0004s ]
INFO: Run Behavior\ParseTemplateBehavior [ RunTime:0.036999s ]
INFO: [ view_parse ] --END-- [ RunTime:0.037190s ]
INFO: [ view_filter ] --START--
INFO: Run Behavior\WriteHtmlCacheBehavior [ RunTime:0.003538s ]
INFO: [ view_filter ] --END-- [ RunTime:0.003775s ]
INFO: [ app_end ] --START--
INFO: Run Behavior\ShowPageTraceBehavior [ RunTime:0.003986s ]
INFO: [ app_end ] --END-- [ RunTime:0.005861s ]

[ 2018-04-13T01:38:48+08:00 ] 127.0.0.1 /index.php/Admin/Goods/edit/id/31.html
INFO: [ app_init ] --START--
INFO: Run Behavior\BuildLiteBehavior [ RunTime:0.000043s ]
INFO: [ app_init ] --END-- [ RunTime:0.000914s ]
INFO: [ app_begin ] --START--
INFO: Run Behavior\ReadHtmlCacheBehavior [ RunTime:0.001071s ]
INFO: [ app_begin ] --END-- [ RunTime:0.001259s ]
SQL: SHOW COLUMNS FROM `p39_goods` [ RunTime:0.0068s ]
SQL: SELECT * FROM `p39_goods` WHERE `id` = 31 LIMIT 1   [ RunTime:0.0005s ]
SQL: SHOW COLUMNS FROM `p39_category` [ RunTime:0.0067s ]
SQL: SELECT * FROM `p39_category`  [ RunTime:0.0004s ]
SQL: SHOW COLUMNS FROM `p39_goods_cat` [ RunTime:0.0057s ]
SQL: SELECT `cat_id` FROM `p39_goods_cat` WHERE `goods_id` = '31'  [ RunTime:0.0003s ]
SQL: SHOW COLUMNS FROM `p39_goods_attr` [ RunTime:0.0057s ]
SQL: SELECT a.*,b.attr_name,b.attr_type,b.attr_option_values FROM p39_goods_attr a LEFT JOIN p39_attribute b ON a.attr_id=b.id  WHERE a.goods_id = '31'  [ RunTime:0.0004s ]
INFO: [ view_parse ] --START--
INFO: [ template_filter ] --START--
INFO: Run Behavior\ContentReplaceBehavior [ RunTime:0.000275s ]
INFO: [ template_filter ] --END-- [ RunTime:0.000493s ]
SQL: SHOW COLUMNS FROM `p39_brand` [ RunTime:0.0063s ]
SQL: SELECT `id`,`brand_name` FROM `p39_brand`  [ RunTime:0.0004s ]
NOTIC: [8] Undefined variable: mlData F:\weblx\www\php39ds\Application\Runtime\Cache\Admin\608b0c961c661bd6d45820311b4b75a7.php 第 119 行.
NOTIC: [2] Invalid argument supplied for foreach() F:\weblx\www\php39ds\Application\Runtime\Cache\Admin\608b0c961c661bd6d45820311b4b75a7.php 第 119 行.
SQL: SHOW COLUMNS FROM `p39_type` [ RunTime:0.0070s ]
SQL: SELECT `id`,`type_name` FROM `p39_type`  [ RunTime:0.0004s ]
INFO: Run Behavior\ParseTemplateBehavior [ RunTime:0.044112s ]
INFO: [ view_parse ] --END-- [ RunTime:0.044300s ]
INFO: [ view_filter ] --START--
INFO: Run Behavior\WriteHtmlCacheBehavior [ RunTime:0.000769s ]
INFO: [ view_filter ] --END-- [ RunTime:0.000985s ]
INFO: [ app_end ] --START--
INFO: Run Behavior\ShowPageTraceBehavior [ RunTime:0.168230s ]
INFO: [ app_end ] --END-- [ RunTime:0.170090s ]

[ 2018-04-13T01:39:43+08:00 ] 127.0.0.1 /index.php/Admin/Goods/edit/id/31.html
INFO: [ app_init ] --START--
INFO: Run Behavior\BuildLiteBehavior [ RunTime:0.000044s ]
INFO: [ app_init ] --END-- [ RunTime:0.001739s ]
INFO: [ app_begin ] --START--
INFO: Run Behavior\ReadHtmlCacheBehavior [ RunTime:0.001085s ]
INFO: [ app_begin ] --END-- [ RunTime:0.001272s ]
SQL: SHOW COLUMNS FROM `p39_goods` [ RunTime:0.0073s ]
SQL: SELECT * FROM `p39_goods` WHERE `id` = 31 LIMIT 1   [ RunTime:0.0007s ]
SQL: SHOW COLUMNS FROM `p39_category` [ RunTime:0.0061s ]
SQL: SELECT * FROM `p39_category`  [ RunTime:0.0005s ]
SQL: SHOW COLUMNS FROM `p39_goods_cat` [ RunTime:0.0065s ]
SQL: SELECT `cat_id` FROM `p39_goods_cat` WHERE `goods_id` = '31'  [ RunTime:0.0003s ]
SQL: SHOW COLUMNS FROM `p39_goods_attr` [ RunTime:0.0059s ]
SQL: SELECT a.*,b.attr_name,b.attr_type,b.attr_option_values FROM p39_goods_attr a LEFT JOIN p39_attribute b ON a.attr_id=b.id  WHERE a.goods_id = '31'  [ RunTime:0.0004s ]
INFO: [ view_parse ] --START--
INFO: [ template_filter ] --START--
INFO: Run Behavior\ContentReplaceBehavior [ RunTime:0.000316s ]
INFO: [ template_filter ] --END-- [ RunTime:0.000528s ]
SQL: SHOW COLUMNS FROM `p39_brand` [ RunTime:0.0091s ]
SQL: SELECT `id`,`brand_name` FROM `p39_brand`  [ RunTime:0.0005s ]
NOTIC: [8] Undefined variable: mlData F:\weblx\www\php39ds\Application\Runtime\Cache\Admin\608b0c961c661bd6d45820311b4b75a7.php 第 119 行.
NOTIC: [2] Invalid argument supplied for foreach() F:\weblx\www\php39ds\Application\Runtime\Cache\Admin\608b0c961c661bd6d45820311b4b75a7.php 第 119 行.
SQL: SHOW COLUMNS FROM `p39_type` [ RunTime:0.0072s ]
SQL: SELECT `id`,`type_name` FROM `p39_type`  [ RunTime:0.0005s ]
INFO: Run Behavior\ParseTemplateBehavior [ RunTime:0.040060s ]
INFO: [ view_parse ] --END-- [ RunTime:0.040261s ]
INFO: [ view_filter ] --START--
INFO: Run Behavior\WriteHtmlCacheBehavior [ RunTime:0.000768s ]
INFO: [ view_filter ] --END-- [ RunTime:0.000963s ]
INFO: [ app_end ] --START--
INFO: Run Behavior\ShowPageTraceBehavior [ RunTime:0.001141s ]
INFO: [ app_end ] --END-- [ RunTime:0.001328s ]

[ 2018-04-13T01:40:56+08:00 ] 127.0.0.1 /index.php/Admin/Goods/edit/id/31.html
INFO: [ app_init ] --START--
INFO: Run Behavior\BuildLiteBehavior [ RunTime:0.000042s ]
INFO: [ app_init ] --END-- [ RunTime:0.000984s ]
INFO: [ app_begin ] --START--
INFO: Run Behavior\ReadHtmlCacheBehavior [ RunTime:0.001354s ]
INFO: [ app_begin ] --END-- [ RunTime:0.002349s ]
SQL: SHOW COLUMNS FROM `p39_goods` [ RunTime:0.0065s ]
SQL: SELECT * FROM `p39_goods` WHERE `id` = 31 LIMIT 1   [ RunTime:0.0005s ]
SQL: SHOW COLUMNS FROM `p39_category` [ RunTime:0.0058s ]
SQL: SELECT * FROM `p39_category`  [ RunTime:0.0005s ]
SQL: SHOW COLUMNS FROM `p39_goods_cat` [ RunTime:0.0056s ]
SQL: SELECT `cat_id` FROM `p39_goods_cat` WHERE `goods_id` = '31'  [ RunTime:0.0003s ]
SQL: SHOW COLUMNS FROM `p39_goods_attr` [ RunTime:0.0058s ]
SQL: SELECT a.*,b.attr_name,b.attr_type,b.attr_option_values FROM p39_goods_attr a LEFT JOIN p39_attribute b ON a.attr_id=b.id  WHERE a.goods_id = '31'  [ RunTime:0.0004s ]
INFO: [ view_parse ] --START--
INFO: [ template_filter ] --START--
INFO: Run Behavior\ContentReplaceBehavior [ RunTime:0.000276s ]
INFO: [ template_filter ] --END-- [ RunTime:0.000546s ]
SQL: SHOW COLUMNS FROM `p39_brand` [ RunTime:0.0088s ]
SQL: SELECT `id`,`brand_name` FROM `p39_brand`  [ RunTime:0.0004s ]
NOTIC: [8] Undefined variable: mlData F:\weblx\www\php39ds\Application\Runtime\Cache\Admin\608b0c961c661bd6d45820311b4b75a7.php 第 119 行.
NOTIC: [2] Invalid argument supplied for foreach() F:\weblx\www\php39ds\Application\Runtime\Cache\Admin\608b0c961c661bd6d45820311b4b75a7.php 第 119 行.
SQL: SHOW COLUMNS FROM `p39_type` [ RunTime:0.0059s ]
SQL: SELECT `id`,`type_name` FROM `p39_type`  [ RunTime:0.0003s ]
INFO: Run Behavior\ParseTemplateBehavior [ RunTime:0.044337s ]
INFO: [ view_parse ] --END-- [ RunTime:0.044539s ]
INFO: [ view_filter ] --START--
INFO: Run Behavior\WriteHtmlCacheBehavior [ RunTime:0.001725s ]
INFO: [ view_filter ] --END-- [ RunTime:0.001917s ]
INFO: [ app_end ] --START--
INFO: Run Behavior\ShowPageTraceBehavior [ RunTime:0.137503s ]
INFO: [ app_end ] --END-- [ RunTime:0.137729s ]

[ 2018-04-13T01:49:12+08:00 ] 127.0.0.1 /index.php/Admin/Goods/edit/id/31.html
INFO: [ app_init ] --START--
INFO: Run Behavior\BuildLiteBehavior [ RunTime:0.000042s ]
INFO: [ app_init ] --END-- [ RunTime:0.001002s ]
INFO: [ app_begin ] --START--
INFO: Run Behavior\ReadHtmlCacheBehavior [ RunTime:0.002992s ]
INFO: [ app_begin ] --END-- [ RunTime:0.003212s ]
SQL: SHOW COLUMNS FROM `p39_goods` [ RunTime:0.0068s ]
SQL: SELECT * FROM `p39_goods` WHERE `id` = 31 LIMIT 1   [ RunTime:0.0005s ]
SQL: SHOW COLUMNS FROM `p39_category` [ RunTime:0.0058s ]
SQL: SELECT * FROM `p39_category`  [ RunTime:0.0004s ]
SQL: SHOW COLUMNS FROM `p39_goods_cat` [ RunTime:0.0057s ]
SQL: SELECT `cat_id` FROM `p39_goods_cat` WHERE `goods_id` = '31'  [ RunTime:0.0003s ]
SQL: SHOW COLUMNS FROM `p39_goods_attr` [ RunTime:0.0058s ]
SQL: SELECT a.*,b.attr_name,b.attr_type,b.attr_option_values FROM p39_goods_attr a LEFT JOIN p39_attribute b ON a.attr_id=b.id  WHERE a.goods_id = '31'  [ RunTime:0.0005s ]
INFO: [ view_parse ] --START--
INFO: [ template_filter ] --START--
INFO: Run Behavior\ContentReplaceBehavior [ RunTime:0.000256s ]
INFO: [ template_filter ] --END-- [ RunTime:0.000503s ]
SQL: SHOW COLUMNS FROM `p39_brand` [ RunTime:0.0091s ]
SQL: SELECT `id`,`brand_name` FROM `p39_brand`  [ RunTime:0.0004s ]
NOTIC: [8] Undefined variable: mlData F:\weblx\www\php39ds\Application\Runtime\Cache\Admin\608b0c961c661bd6d45820311b4b75a7.php 第 119 行.
NOTIC: [2] Invalid argument supplied for foreach() F:\weblx\www\php39ds\Application\Runtime\Cache\Admin\608b0c961c661bd6d45820311b4b75a7.php 第 119 行.
SQL: SHOW COLUMNS FROM `p39_type` [ RunTime:0.0059s ]
SQL: SELECT `id`,`type_name` FROM `p39_type`  [ RunTime:0.0004s ]
INFO: Run Behavior\ParseTemplateBehavior [ RunTime:0.044020s ]
INFO: [ view_parse ] --END-- [ RunTime:0.044762s ]
INFO: [ view_filter ] --START--
INFO: Run Behavior\WriteHtmlCacheBehavior [ RunTime:0.001047s ]
INFO: [ view_filter ] --END-- [ RunTime:0.001226s ]
INFO: [ app_end ] --START--
INFO: Run Behavior\ShowPageTraceBehavior [ RunTime:0.050390s ]
INFO: [ app_end ] --END-- [ RunTime:0.142535s ]

[ 2018-04-13T02:01:35+08:00 ] 127.0.0.1 /index.php/Admin/Goods/edit/id/31.html
INFO: [ app_init ] --START--
INFO: Run Behavior\BuildLiteBehavior [ RunTime:0.000046s ]
INFO: [ app_init ] --END-- [ RunTime:0.001015s ]
INFO: [ app_begin ] --START--
INFO: Run Behavior\ReadHtmlCacheBehavior [ RunTime:0.001970s ]
INFO: [ app_begin ] --END-- [ RunTime:0.002172s ]
SQL: SHOW COLUMNS FROM `p39_goods` [ RunTime:0.0071s ]
SQL: SELECT * FROM `p39_goods` WHERE `id` = 31 LIMIT 1   [ RunTime:0.0005s ]
SQL: SHOW COLUMNS FROM `p39_category` [ RunTime:0.0060s ]
SQL: SELECT * FROM `p39_category`  [ RunTime:0.0006s ]
SQL: SHOW COLUMNS FROM `p39_goods_cat` [ RunTime:0.0062s ]
SQL: SELECT `cat_id` FROM `p39_goods_cat` WHERE `goods_id` = '31'  [ RunTime:0.0003s ]
SQL: SHOW COLUMNS FROM `p39_attribute` [ RunTime:0.0068s ]
SQL: SELECT a.* FROM p39_attribute a WHERE a.type_id = '1'  [ RunTime:0.0013s ]
INFO: [ view_parse ] --START--
INFO: [ template_filter ] --START--
INFO: Run Behavior\ContentReplaceBehavior [ RunTime:0.000245s ]
INFO: [ template_filter ] --END-- [ RunTime:0.000475s ]
SQL: SHOW COLUMNS FROM `p39_brand` [ RunTime:0.0064s ]
SQL: SELECT `id`,`brand_name` FROM `p39_brand`  [ RunTime:0.0004s ]
NOTIC: [8] Undefined variable: mlData F:\weblx\www\php39ds\Application\Runtime\Cache\Admin\608b0c961c661bd6d45820311b4b75a7.php 第 119 行.
NOTIC: [2] Invalid argument supplied for foreach() F:\weblx\www\php39ds\Application\Runtime\Cache\Admin\608b0c961c661bd6d45820311b4b75a7.php 第 119 行.
SQL: SHOW COLUMNS FROM `p39_type` [ RunTime:0.0091s ]
SQL: SELECT `id`,`type_name` FROM `p39_type`  [ RunTime:0.0004s ]
NOTIC: [8] Undefined variable: gaData F:\weblx\www\php39ds\Application\Runtime\Cache\Admin\608b0c961c661bd6d45820311b4b75a7.php 第 139 行.
NOTIC: [2] Invalid argument supplied for foreach() F:\weblx\www\php39ds\Application\Runtime\Cache\Admin\608b0c961c661bd6d45820311b4b75a7.php 第 139 行.
INFO: Run Behavior\ParseTemplateBehavior [ RunTime:0.047408s ]
INFO: [ view_parse ] --END-- [ RunTime:0.047609s ]
INFO: [ view_filter ] --START--
INFO: Run Behavior\WriteHtmlCacheBehavior [ RunTime:0.001982s ]
INFO: [ view_filter ] --END-- [ RunTime:0.002174s ]
INFO: [ app_end ] --START--
INFO: Run Behavior\ShowPageTraceBehavior [ RunTime:0.095830s ]
INFO: [ app_end ] --END-- [ RunTime:0.097100s ]

[ 2018-04-13T02:02:15+08:00 ] 127.0.0.1 /index.php/Admin/Goods/edit/id/31.html
INFO: [ app_init ] --START--
INFO: Run Behavior\BuildLiteBehavior [ RunTime:0.000045s ]
INFO: [ app_init ] --END-- [ RunTime:0.001135s ]
INFO: [ app_begin ] --START--
INFO: Run Behavior\ReadHtmlCacheBehavior [ RunTime:0.001071s ]
INFO: [ app_begin ] --END-- [ RunTime:0.001519s ]
SQL: SHOW COLUMNS FROM `p39_goods` [ RunTime:0.0069s ]
SQL: SELECT * FROM `p39_goods` WHERE `id` = 31 LIMIT 1   [ RunTime:0.0005s ]
SQL: SHOW COLUMNS FROM `p39_category` [ RunTime:0.0060s ]
SQL: SELECT * FROM `p39_category`  [ RunTime:0.0005s ]
SQL: SHOW COLUMNS FROM `p39_goods_cat` [ RunTime:0.0054s ]
SQL: SELECT `cat_id` FROM `p39_goods_cat` WHERE `goods_id` = '31'  [ RunTime:0.0003s ]
SQL: SHOW COLUMNS FROM `p39_attribute` [ RunTime:0.0073s ]
SQL: SELECT a.* FROM p39_attribute a WHERE a.type_id = '1'  [ RunTime:0.0004s ]
INFO: [ view_parse ] --START--
INFO: [ template_filter ] --START--
INFO: Run Behavior\ContentReplaceBehavior [ RunTime:0.000237s ]
INFO: [ template_filter ] --END-- [ RunTime:0.000448s ]
SQL: SHOW COLUMNS FROM `p39_brand` [ RunTime:0.0070s ]
SQL: SELECT `id`,`brand_name` FROM `p39_brand`  [ RunTime:0.0003s ]
NOTIC: [8] Undefined variable: mlData F:\weblx\www\php39ds\Application\Runtime\Cache\Admin\608b0c961c661bd6d45820311b4b75a7.php 第 119 行.
NOTIC: [2] Invalid argument supplied for foreach() F:\weblx\www\php39ds\Application\Runtime\Cache\Admin\608b0c961c661bd6d45820311b4b75a7.php 第 119 行.
SQL: SHOW COLUMNS FROM `p39_type` [ RunTime:0.0058s ]
SQL: SELECT `id`,`type_name` FROM `p39_type`  [ RunTime:0.0003s ]
NOTIC: [8] Undefined index: attr_id F:\weblx\www\php39ds\Application\Runtime\Cache\Admin\608b0c961c661bd6d45820311b4b75a7.php 第 139 行.
NOTIC: [8] Undefined index: attr_id F:\weblx\www\php39ds\Application\Runtime\Cache\Admin\608b0c961c661bd6d45820311b4b75a7.php 第 139 行.
NOTIC: [8] Undefined index: attr_value F:\weblx\www\php39ds\Application\Runtime\Cache\Admin\608b0c961c661bd6d45820311b4b75a7.php 第 148 行.
NOTIC: [8] Undefined index: attr_value F:\weblx\www\php39ds\Application\Runtime\Cache\Admin\608b0c961c661bd6d45820311b4b75a7.php 第 148 行.
NOTIC: [8] Undefined index: attr_value F:\weblx\www\php39ds\Application\Runtime\Cache\Admin\608b0c961c661bd6d45820311b4b75a7.php 第 148 行.
NOTIC: [8] Undefined index: attr_value F:\weblx\www\php39ds\Application\Runtime\Cache\Admin\608b0c961c661bd6d45820311b4b75a7.php 第 148 行.
NOTIC: [8] Undefined index: attr_value F:\weblx\www\php39ds\Application\Runtime\Cache\Admin\608b0c961c661bd6d45820311b4b75a7.php 第 148 行.
NOTIC: [8] Undefined index: attr_value F:\weblx\www\php39ds\Application\Runtime\Cache\Admin\608b0c961c661bd6d45820311b4b75a7.php 第 148 行.
NOTIC: [8] Undefined index: attr_value F:\weblx\www\php39ds\Application\Runtime\Cache\Admin\608b0c961c661bd6d45820311b4b75a7.php 第 148 行.
NOTIC: [8] Undefined index: attr_value F:\weblx\www\php39ds\Application\Runtime\Cache\Admin\608b0c961c661bd6d45820311b4b75a7.php 第 148 行.
NOTIC: [8] Undefined index: attr_value F:\weblx\www\php39ds\Application\Runtime\Cache\Admin\608b0c961c661bd6d45820311b4b75a7.php 第 148 行.
NOTIC: [8] Undefined index: attr_id F:\weblx\www\php39ds\Application\Runtime\Cache\Admin\608b0c961c661bd6d45820311b4b75a7.php 第 139 行.
NOTIC: [8] Undefined index: attr_value F:\weblx\www\php39ds\Application\Runtime\Cache\Admin\608b0c961c661bd6d45820311b4b75a7.php 第 153 行.
NOTIC: [8] Undefined index: attr_id F:\weblx\www\php39ds\Application\Runtime\Cache\Admin\608b0c961c661bd6d45820311b4b75a7.php 第 139 行.
NOTIC: [8] Undefined index: attr_value F:\weblx\www\php39ds\Application\Runtime\Cache\Admin\608b0c961c661bd6d45820311b4b75a7.php 第 148 行.
NOTIC: [8] Undefined index: attr_value F:\weblx\www\php39ds\Application\Runtime\Cache\Admin\608b0c961c661bd6d45820311b4b75a7.php 第 148 行.
NOTIC: [8] Undefined index: attr_value F:\weblx\www\php39ds\Application\Runtime\Cache\Admin\608b0c961c661bd6d45820311b4b75a7.php 第 148 行.
NOTIC: [8] Undefined index: attr_id F:\weblx\www\php39ds\Application\Runtime\Cache\Admin\608b0c961c661bd6d45820311b4b75a7.php 第 139 行.
NOTIC: [8] Undefined index: attr_value F:\weblx\www\php39ds\Application\Runtime\Cache\Admin\608b0c961c661bd6d45820311b4b75a7.php 第 153 行.
INFO: Run Behavior\ParseTemplateBehavior [ RunTime:0.040579s ]
INFO: [ view_parse ] --END-- [ RunTime:0.040765s ]
INFO: [ view_filter ] --START--
INFO: Run Behavior\WriteHtmlCacheBehavior [ RunTime:0.000880s ]
INFO: [ view_filter ] --END-- [ RunTime:0.001058s ]
INFO: [ app_end ] --START--
INFO: Run Behavior\ShowPageTraceBehavior [ RunTime:0.001335s ]
INFO: [ app_end ] --END-- [ RunTime:0.001529s ]

[ 2018-04-13T02:09:00+08:00 ] 127.0.0.1 /index.php/Admin/Goods/edit/id/31.html
INFO: [ app_init ] --START--
INFO: Run Behavior\BuildLiteBehavior [ RunTime:0.000043s ]
INFO: [ app_init ] --END-- [ RunTime:0.000995s ]
INFO: [ app_begin ] --START--
INFO: Run Behavior\ReadHtmlCacheBehavior [ RunTime:0.002053s ]
INFO: [ app_begin ] --END-- [ RunTime:0.002287s ]
SQL: SHOW COLUMNS FROM `p39_goods` [ RunTime:0.0081s ]
SQL: SELECT * FROM `p39_goods` WHERE `id` = 31 LIMIT 1   [ RunTime:0.0005s ]
SQL: SHOW COLUMNS FROM `p39_category` [ RunTime:0.0068s ]
SQL: SELECT * FROM `p39_category`  [ RunTime:0.0005s ]
SQL: SHOW COLUMNS FROM `p39_goods_cat` [ RunTime:0.0066s ]
SQL: SELECT `cat_id` FROM `p39_goods_cat` WHERE `goods_id` = '31'  [ RunTime:0.0007s ]
SQL: SHOW COLUMNS FROM `p39_attribute` [ RunTime:0.0064s ]
SQL: SELECT a.*,b.attr_value,b.id goods_attr_id FROM p39_attribute a LEFT JOIN p39_goods_attr b ON a.id=b.attr_id  WHERE a.type_id = '1'  [ RunTime:0.0010s ]
INFO: [ view_parse ] --START--
INFO: [ template_filter ] --START--
INFO: Run Behavior\ContentReplaceBehavior [ RunTime:0.001359s ]
INFO: [ template_filter ] --END-- [ RunTime:0.001600s ]
SQL: SHOW COLUMNS FROM `p39_brand` [ RunTime:0.0061s ]
SQL: SELECT `id`,`brand_name` FROM `p39_brand`  [ RunTime:0.0004s ]
NOTIC: [8] Undefined variable: mlData F:\weblx\www\php39ds\Application\Runtime\Cache\Admin\608b0c961c661bd6d45820311b4b75a7.php 第 119 行.
NOTIC: [2] Invalid argument supplied for foreach() F:\weblx\www\php39ds\Application\Runtime\Cache\Admin\608b0c961c661bd6d45820311b4b75a7.php 第 119 行.
SQL: SHOW COLUMNS FROM `p39_type` [ RunTime:0.0068s ]
SQL: SELECT `id`,`type_name` FROM `p39_type`  [ RunTime:0.0010s ]
NOTIC: [8] Undefined index: attr_id F:\weblx\www\php39ds\Application\Runtime\Cache\Admin\608b0c961c661bd6d45820311b4b75a7.php 第 139 行.
NOTIC: [8] Undefined index: attr_id F:\weblx\www\php39ds\Application\Runtime\Cache\Admin\608b0c961c661bd6d45820311b4b75a7.php 第 139 行.
NOTIC: [8] Undefined index: attr_id F:\weblx\www\php39ds\Application\Runtime\Cache\Admin\608b0c961c661bd6d45820311b4b75a7.php 第 139 行.
NOTIC: [8] Undefined index: attr_id F:\weblx\www\php39ds\Application\Runtime\Cache\Admin\608b0c961c661bd6d45820311b4b75a7.php 第 139 行.
NOTIC: [8] Undefined index: attr_id F:\weblx\www\php39ds\Application\Runtime\Cache\Admin\608b0c961c661bd6d45820311b4b75a7.php 第 139 行.
NOTIC: [8] Undefined index: attr_id F:\weblx\www\php39ds\Application\Runtime\Cache\Admin\608b0c961c661bd6d45820311b4b75a7.php 第 139 行.
NOTIC: [8] Undefined index: attr_id F:\weblx\www\php39ds\Application\Runtime\Cache\Admin\608b0c961c661bd6d45820311b4b75a7.php 第 139 行.
NOTIC: [8] Undefined index: attr_id F:\weblx\www\php39ds\Application\Runtime\Cache\Admin\608b0c961c661bd6d45820311b4b75a7.php 第 139 行.
NOTIC: [8] Undefined index: attr_id F:\weblx\www\php39ds\Application\Runtime\Cache\Admin\608b0c961c661bd6d45820311b4b75a7.php 第 139 行.
NOTIC: [8] Undefined index: attr_id F:\weblx\www\php39ds\Application\Runtime\Cache\Admin\608b0c961c661bd6d45820311b4b75a7.php 第 139 行.
NOTIC: [8] Undefined index: attr_id F:\weblx\www\php39ds\Application\Runtime\Cache\Admin\608b0c961c661bd6d45820311b4b75a7.php 第 139 行.
NOTIC: [8] Undefined index: attr_id F:\weblx\www\php39ds\Application\Runtime\Cache\Admin\608b0c961c661bd6d45820311b4b75a7.php 第 139 行.
NOTIC: [8] Undefined index: attr_id F:\weblx\www\php39ds\Application\Runtime\Cache\Admin\608b0c961c661bd6d45820311b4b75a7.php 第 139 行.
NOTIC: [8] Undefined index: attr_id F:\weblx\www\php39ds\Application\Runtime\Cache\Admin\608b0c961c661bd6d45820311b4b75a7.php 第 139 行.
NOTIC: [8] Undefined index: attr_id F:\weblx\www\php39ds\Application\Runtime\Cache\Admin\608b0c961c661bd6d45820311b4b75a7.php 第 139 行.
INFO: Run Behavior\ParseTemplateBehavior [ RunTime:0.050049s ]
INFO: [ view_parse ] --END-- [ RunTime:0.050243s ]
INFO: [ view_filter ] --START--
INFO: Run Behavior\WriteHtmlCacheBehavior [ RunTime:0.001037s ]
INFO: [ view_filter ] --END-- [ RunTime:0.001216s ]
INFO: [ app_end ] --START--
INFO: Run Behavior\ShowPageTraceBehavior [ RunTime:0.004417s ]
INFO: [ app_end ] --END-- [ RunTime:0.004783s ]

[ 2018-04-13T02:15:16+08:00 ] 127.0.0.1 /index.php/Admin/Goods/edit/id/31.html
INFO: [ app_init ] --START--
INFO: Run Behavior\BuildLiteBehavior [ RunTime:0.000043s ]
INFO: [ app_init ] --END-- [ RunTime:0.001111s ]
INFO: [ app_begin ] --START--
INFO: Run Behavior\ReadHtmlCacheBehavior [ RunTime:0.002509s ]
INFO: [ app_begin ] --END-- [ RunTime:0.002718s ]
SQL: SHOW COLUMNS FROM `p39_goods` [ RunTime:0.0066s ]
SQL: SELECT * FROM `p39_goods` WHERE `id` = 31 LIMIT 1   [ RunTime:0.0004s ]
SQL: SHOW COLUMNS FROM `p39_category` [ RunTime:0.0060s ]
SQL: SELECT * FROM `p39_category`  [ RunTime:0.0004s ]
SQL: SHOW COLUMNS FROM `p39_goods_cat` [ RunTime:0.0058s ]
SQL: SELECT `cat_id` FROM `p39_goods_cat` WHERE `goods_id` = '31'  [ RunTime:0.0005s ]
SQL: SHOW COLUMNS FROM `p39_attribute` [ RunTime:0.0062s ]
SQL: SELECT a.*,b.attr_value,b.id goods_attr_id FROM p39_attribute a LEFT JOIN p39_goods_attr b ON (a.id=b.attr_id AND b.goods_id=31)  WHERE a.type_id = '1'  [ RunTime:0.0011s ]
INFO: [ view_parse ] --START--
INFO: [ template_filter ] --START--
INFO: Run Behavior\ContentReplaceBehavior [ RunTime:0.000239s ]
INFO: [ template_filter ] --END-- [ RunTime:0.000461s ]
SQL: SHOW COLUMNS FROM `p39_brand` [ RunTime:0.0060s ]
SQL: SELECT `id`,`brand_name` FROM `p39_brand`  [ RunTime:0.0003s ]
NOTIC: [8] Undefined variable: mlData F:\weblx\www\php39ds\Application\Runtime\Cache\Admin\608b0c961c661bd6d45820311b4b75a7.php 第 119 行.
NOTIC: [2] Invalid argument supplied for foreach() F:\weblx\www\php39ds\Application\Runtime\Cache\Admin\608b0c961c661bd6d45820311b4b75a7.php 第 119 行.
SQL: SHOW COLUMNS FROM `p39_type` [ RunTime:0.0070s ]
SQL: SELECT `id`,`type_name` FROM `p39_type`  [ RunTime:0.0004s ]
NOTIC: [8] Undefined index: attr_id F:\weblx\www\php39ds\Application\Runtime\Cache\Admin\608b0c961c661bd6d45820311b4b75a7.php 第 139 行.
NOTIC: [8] Undefined index: attr_id F:\weblx\www\php39ds\Application\Runtime\Cache\Admin\608b0c961c661bd6d45820311b4b75a7.php 第 139 行.
NOTIC: [8] Undefined index: attr_id F:\weblx\www\php39ds\Application\Runtime\Cache\Admin\608b0c961c661bd6d45820311b4b75a7.php 第 139 行.
NOTIC: [8] Undefined index: attr_id F:\weblx\www\php39ds\Application\Runtime\Cache\Admin\608b0c961c661bd6d45820311b4b75a7.php 第 139 行.
NOTIC: [8] Undefined index: attr_id F:\weblx\www\php39ds\Application\Runtime\Cache\Admin\608b0c961c661bd6d45820311b4b75a7.php 第 139 行.
NOTIC: [8] Undefined index: attr_id F:\weblx\www\php39ds\Application\Runtime\Cache\Admin\608b0c961c661bd6d45820311b4b75a7.php 第 139 行.
NOTIC: [8] Undefined index: attr_id F:\weblx\www\php39ds\Application\Runtime\Cache\Admin\608b0c961c661bd6d45820311b4b75a7.php 第 139 行.
NOTIC: [8] Undefined index: attr_id F:\weblx\www\php39ds\Application\Runtime\Cache\Admin\608b0c961c661bd6d45820311b4b75a7.php 第 139 行.
NOTIC: [8] Undefined index: attr_id F:\weblx\www\php39ds\Application\Runtime\Cache\Admin\608b0c961c661bd6d45820311b4b75a7.php 第 139 行.
INFO: Run Behavior\ParseTemplateBehavior [ RunTime:0.061710s ]
INFO: [ view_parse ] --END-- [ RunTime:0.061906s ]
INFO: [ view_filter ] --START--
INFO: Run Behavior\WriteHtmlCacheBehavior [ RunTime:0.001012s ]
INFO: [ view_filter ] --END-- [ RunTime:0.001189s ]
INFO: [ app_end ] --START--
INFO: Run Behavior\ShowPageTraceBehavior [ RunTime:0.002352s ]
INFO: [ app_end ] --END-- [ RunTime:0.002622s ]

[ 2018-04-13T02:39:50+08:00 ] 127.0.0.1 /index.php/Admin/Goods/edit/id/31.html
INFO: [ app_init ] --START--
INFO: Run Behavior\BuildLiteBehavior [ RunTime:0.000045s ]
INFO: [ app_init ] --END-- [ RunTime:0.001045s ]
INFO: [ app_begin ] --START--
INFO: Run Behavior\ReadHtmlCacheBehavior [ RunTime:0.002095s ]
INFO: [ app_begin ] --END-- [ RunTime:0.002314s ]
SQL: SHOW COLUMNS FROM `p39_goods` [ RunTime:0.0080s ]
SQL: SELECT * FROM `p39_goods` WHERE `id` = 31 LIMIT 1   [ RunTime:0.0004s ]
SQL: SHOW COLUMNS FROM `p39_category` [ RunTime:0.0091s ]
SQL: SELECT * FROM `p39_category`  [ RunTime:0.0122s ]
SQL: SHOW COLUMNS FROM `p39_goods_cat` [ RunTime:0.0074s ]
SQL: SELECT `cat_id` FROM `p39_goods_cat` WHERE `goods_id` = '31'  [ RunTime:0.0003s ]
SQL: SHOW COLUMNS FROM `p39_attribute` [ RunTime:0.0079s ]
ERR: 1054:Unknown column 'b.attr_values' in 'field list'
 [ SQL语句 ] : SELECT a.id attr_id,a.attr_name,a.attr_type,a.attr_option_values,b.attr_values,b.id FROM p39_attribute a LEFT JOIN p39_goods_attr b ON (a.id=b.attr_id AND b.goods_id=31)  WHERE a.type_id = '1' 
ERR: 1054:Unknown column 'b.attr_values' in 'field list'
 [ SQL语句 ] : SELECT a.id attr_id,a.attr_name,a.attr_type,a.attr_option_values,b.attr_values,b.id FROM p39_attribute a LEFT JOIN p39_goods_attr b ON (a.id=b.attr_id AND b.goods_id=31)  WHERE a.type_id = '1' 

[ 2018-04-13T02:40:17+08:00 ] 127.0.0.1 /index.php/Admin/Goods/edit/id/31.html
INFO: [ app_init ] --START--
INFO: Run Behavior\BuildLiteBehavior [ RunTime:0.000043s ]
INFO: [ app_init ] --END-- [ RunTime:0.001173s ]
INFO: [ app_begin ] --START--
INFO: Run Behavior\ReadHtmlCacheBehavior [ RunTime:0.002236s ]
INFO: [ app_begin ] --END-- [ RunTime:0.002457s ]
SQL: SHOW COLUMNS FROM `p39_goods` [ RunTime:0.0065s ]
SQL: SELECT * FROM `p39_goods` WHERE `id` = 31 LIMIT 1   [ RunTime:0.0004s ]
SQL: SHOW COLUMNS FROM `p39_category` [ RunTime:0.0062s ]
SQL: SELECT * FROM `p39_category`  [ RunTime:0.0005s ]
SQL: SHOW COLUMNS FROM `p39_goods_cat` [ RunTime:0.0063s ]
SQL: SELECT `cat_id` FROM `p39_goods_cat` WHERE `goods_id` = '31'  [ RunTime:0.0008s ]
SQL: SHOW COLUMNS FROM `p39_attribute` [ RunTime:0.0060s ]
SQL: SELECT a.id attr_id,a.attr_name,a.attr_type,a.attr_option_values,b.attr_value,b.id FROM p39_attribute a LEFT JOIN p39_goods_attr b ON (a.id=b.attr_id AND b.goods_id=31)  WHERE a.type_id = '1'  [ RunTime:0.0010s ]
INFO: [ view_parse ] --START--
INFO: [ template_filter ] --START--
INFO: Run Behavior\ContentReplaceBehavior [ RunTime:0.000235s ]
INFO: [ template_filter ] --END-- [ RunTime:0.000444s ]
SQL: SHOW COLUMNS FROM `p39_brand` [ RunTime:0.0067s ]
SQL: SELECT `id`,`brand_name` FROM `p39_brand`  [ RunTime:0.0003s ]
NOTIC: [8] Undefined variable: mlData F:\weblx\www\php39ds\Application\Runtime\Cache\Admin\608b0c961c661bd6d45820311b4b75a7.php 第 119 行.
NOTIC: [2] Invalid argument supplied for foreach() F:\weblx\www\php39ds\Application\Runtime\Cache\Admin\608b0c961c661bd6d45820311b4b75a7.php 第 119 行.
SQL: SHOW COLUMNS FROM `p39_type` [ RunTime:0.0084s ]
SQL: SELECT `id`,`type_name` FROM `p39_type`  [ RunTime:0.0003s ]
INFO: Run Behavior\ParseTemplateBehavior [ RunTime:0.042923s ]
INFO: [ view_parse ] --END-- [ RunTime:0.043113s ]
INFO: [ view_filter ] --START--
INFO: Run Behavior\WriteHtmlCacheBehavior [ RunTime:0.002567s ]
INFO: [ view_filter ] --END-- [ RunTime:0.002774s ]
INFO: [ app_end ] --START--
INFO: Run Behavior\ShowPageTraceBehavior [ RunTime:0.001614s ]
INFO: [ app_end ] --END-- [ RunTime:0.001805s ]

[ 2018-04-13T03:12:01+08:00 ] 127.0.0.1 /index.php/Admin/Goods/edit/id/31.html
INFO: [ app_init ] --START--
INFO: Run Behavior\BuildLiteBehavior [ RunTime:0.000041s ]
INFO: [ app_init ] --END-- [ RunTime:0.001191s ]
INFO: [ app_begin ] --START--
INFO: Run Behavior\ReadHtmlCacheBehavior [ RunTime:0.001742s ]
INFO: [ app_begin ] --END-- [ RunTime:0.001955s ]
SQL: SHOW COLUMNS FROM `p39_goods` [ RunTime:0.0073s ]
SQL: SELECT * FROM `p39_goods` WHERE `id` = 31 LIMIT 1   [ RunTime:0.0004s ]
SQL: SHOW COLUMNS FROM `p39_category` [ RunTime:0.0082s ]
SQL: SELECT * FROM `p39_category`  [ RunTime:0.0008s ]
SQL: SHOW COLUMNS FROM `p39_goods_cat` [ RunTime:0.0058s ]
SQL: SELECT `cat_id` FROM `p39_goods_cat` WHERE `goods_id` = '31'  [ RunTime:0.0004s ]
SQL: SHOW COLUMNS FROM `p39_attribute` [ RunTime:0.0062s ]
SQL: SELECT a.id attr_id,a.attr_name,a.attr_type,a.attr_option_values,b.attr_value,b.id FROM p39_attribute a LEFT JOIN p39_goods_attr b ON (a.id=b.attr_id AND b.goods_id=31)  WHERE a.type_id = '1'  [ RunTime:0.0003s ]
INFO: [ view_parse ] --START--
INFO: [ template_filter ] --START--
INFO: Run Behavior\ContentReplaceBehavior [ RunTime:0.000237s ]
INFO: [ template_filter ] --END-- [ RunTime:0.000594s ]
SQL: SHOW COLUMNS FROM `p39_brand` [ RunTime:0.0073s ]
SQL: SELECT `id`,`brand_name` FROM `p39_brand`  [ RunTime:0.0004s ]
NOTIC: [8] Undefined variable: mlData F:\weblx\www\php39ds\Application\Runtime\Cache\Admin\608b0c961c661bd6d45820311b4b75a7.php 第 119 行.
NOTIC: [2] Invalid argument supplied for foreach() F:\weblx\www\php39ds\Application\Runtime\Cache\Admin\608b0c961c661bd6d45820311b4b75a7.php 第 119 行.
SQL: SHOW COLUMNS FROM `p39_type` [ RunTime:0.0077s ]
SQL: SELECT `id`,`type_name` FROM `p39_type`  [ RunTime:0.0003s ]
INFO: Run Behavior\ParseTemplateBehavior [ RunTime:0.044998s ]
INFO: [ view_parse ] --END-- [ RunTime:0.045738s ]
INFO: [ view_filter ] --START--
INFO: Run Behavior\WriteHtmlCacheBehavior [ RunTime:0.001411s ]
INFO: [ view_filter ] --END-- [ RunTime:0.001590s ]
INFO: [ app_end ] --START--
INFO: Run Behavior\ShowPageTraceBehavior [ RunTime:0.001649s ]
INFO: [ app_end ] --END-- [ RunTime:0.001835s ]

