[ 2018-04-05T01:05:16+08:00 ] 127.0.0.1 /index.php/Admin/Goods/lst
INFO: [ app_init ] --START--
INFO: Run Behavior\BuildLiteBehavior [ RunTime:0.000045s ]
INFO: [ app_init ] --END-- [ RunTime:0.000972s ]
INFO: [ app_begin ] --START--
INFO: Run Behavior\ReadHtmlCacheBehavior [ RunTime:0.001099s ]
INFO: [ app_begin ] --END-- [ RunTime:0.001292s ]
SQL: SHOW COLUMNS FROM `p39_goods` [ RunTime:0.0072s ]
SQL: SELECT COUNT(*) AS tp_count FROM p39_goods a LIMIT 1   [ RunTime:0.0003s ]
SQL: SELECT a.*,b.brand_name,c.cat_name,GROUP_CONCAT(e.cat_name SEPARATOR "<br />") ext_cat_name FROM p39_goods a LEFT JOIN p39_brand b ON a.brand_id=b.id         
                LEFT JOIN p39_category c ON a.cat_id=c.id
                LEFT JOIN p39_goods_cat d ON a.id=d.goods_id
                LEFT JOIN p39_category e ON d.cat_id=e.id  GROUP BY a.id ORDER BY a.id desc LIMIT 0,5   [ RunTime:0.0007s ]
SQL: SHOW COLUMNS FROM `p39_category` [ RunTime:0.0062s ]
SQL: SELECT * FROM `p39_category`  [ RunTime:0.0006s ]
INFO: [ view_parse ] --START--
INFO: [ template_filter ] --START--
INFO: Run Behavior\ContentReplaceBehavior [ RunTime:0.000199s ]
INFO: [ template_filter ] --END-- [ RunTime:0.000449s ]
SQL: SHOW COLUMNS FROM `p39_brand` [ RunTime:0.0074s ]
SQL: SELECT `id`,`brand_name` FROM `p39_brand`  [ RunTime:0.0042s ]
INFO: Run Behavior\ParseTemplateBehavior [ RunTime:0.040401s ]
INFO: [ view_parse ] --END-- [ RunTime:0.040743s ]
INFO: [ view_filter ] --START--
INFO: Run Behavior\WriteHtmlCacheBehavior [ RunTime:0.000896s ]
INFO: [ view_filter ] --END-- [ RunTime:0.001076s ]
INFO: [ app_end ] --START--
INFO: Run Behavior\ShowPageTraceBehavior [ RunTime:0.001291s ]
INFO: [ app_end ] --END-- [ RunTime:0.001498s ]

[ 2018-04-05T01:05:53+08:00 ] 127.0.0.1 /index.php/Admin/Goods/delete/id/20.html
INFO: [ app_init ] --START--
INFO: Run Behavior\BuildLiteBehavior [ RunTime:0.000041s ]
INFO: [ app_init ] --END-- [ RunTime:0.001091s ]
INFO: [ app_begin ] --START--
INFO: Run Behavior\ReadHtmlCacheBehavior [ RunTime:0.001345s ]
INFO: [ app_begin ] --END-- [ RunTime:0.003143s ]
SQL: SHOW COLUMNS FROM `p39_goods` [ RunTime:0.0079s ]
SQL: SHOW COLUMNS FROM `p39_goods_cat` [ RunTime:0.0060s ]
SQL: DELETE FROM `p39_goods_cat` WHERE `goods_id` = 20 [ RunTime:0.0816s ]
SQL: SELECT `logo`,`mbig_logo`,`big_logo`,`mid_logo`,`sm_logo` FROM `p39_goods` WHERE `id` = 20 LIMIT 1   [ RunTime:0.0006s ]
NOTIC: [2] unlink(./Public/Uploads/) [<a href='function.unlink'>function.unlink</a>]: Permission denied F:\weblx\www\php39ds\Application\Common\Common\function.php 第 29 行.
NOTIC: [2] unlink(./Public/Uploads/) [<a href='function.unlink'>function.unlink</a>]: Permission denied F:\weblx\www\php39ds\Application\Common\Common\function.php 第 29 行.
NOTIC: [2] unlink(./Public/Uploads/) [<a href='function.unlink'>function.unlink</a>]: Permission denied F:\weblx\www\php39ds\Application\Common\Common\function.php 第 29 行.
NOTIC: [2] unlink(./Public/Uploads/) [<a href='function.unlink'>function.unlink</a>]: Permission denied F:\weblx\www\php39ds\Application\Common\Common\function.php 第 29 行.
NOTIC: [2] unlink(./Public/Uploads/) [<a href='function.unlink'>function.unlink</a>]: Permission denied F:\weblx\www\php39ds\Application\Common\Common\function.php 第 29 行.
SQL: DELETE FROM `p39_goods` WHERE `id` = 20 [ RunTime:0.0684s ]
INFO: [ view_parse ] --START--
INFO: [ template_filter ] --START--
INFO: Run Behavior\ContentReplaceBehavior [ RunTime:0.000130s ]
INFO: [ template_filter ] --END-- [ RunTime:0.000358s ]
INFO: Run Behavior\ParseTemplateBehavior [ RunTime:0.015000s ]
INFO: [ view_parse ] --END-- [ RunTime:0.015257s ]
INFO: [ view_filter ] --START--
INFO: Run Behavior\WriteHtmlCacheBehavior [ RunTime:0.000818s ]
INFO: [ view_filter ] --END-- [ RunTime:0.001015s ]
INFO: [ app_end ] --START--
INFO: Run Behavior\ShowPageTraceBehavior [ RunTime:0.001306s ]
INFO: [ app_end ] --END-- [ RunTime:0.001486s ]

[ 2018-04-05T01:05:57+08:00 ] 127.0.0.1 /index.php/Admin/Goods/lst.html
INFO: [ app_init ] --START--
INFO: Run Behavior\BuildLiteBehavior [ RunTime:0.000174s ]
INFO: [ app_init ] --END-- [ RunTime:0.001176s ]
INFO: [ app_begin ] --START--
INFO: Run Behavior\ReadHtmlCacheBehavior [ RunTime:0.001192s ]
INFO: [ app_begin ] --END-- [ RunTime:0.001383s ]
SQL: SHOW COLUMNS FROM `p39_goods` [ RunTime:0.0070s ]
SQL: SELECT COUNT(*) AS tp_count FROM p39_goods a LIMIT 1   [ RunTime:0.0006s ]
SQL: SELECT a.*,b.brand_name,c.cat_name,GROUP_CONCAT(e.cat_name SEPARATOR "<br />") ext_cat_name FROM p39_goods a LEFT JOIN p39_brand b ON a.brand_id=b.id         
                LEFT JOIN p39_category c ON a.cat_id=c.id
                LEFT JOIN p39_goods_cat d ON a.id=d.goods_id
                LEFT JOIN p39_category e ON d.cat_id=e.id  GROUP BY a.id ORDER BY a.id desc LIMIT 0,5   [ RunTime:0.0632s ]
SQL: SHOW COLUMNS FROM `p39_category` [ RunTime:0.0066s ]
SQL: SELECT * FROM `p39_category`  [ RunTime:0.0008s ]
INFO: [ view_parse ] --START--
INFO: [ template_filter ] --START--
INFO: Run Behavior\ContentReplaceBehavior [ RunTime:0.000205s ]
INFO: [ template_filter ] --END-- [ RunTime:0.000429s ]
SQL: SHOW COLUMNS FROM `p39_brand` [ RunTime:0.0103s ]
SQL: SELECT `id`,`brand_name` FROM `p39_brand`  [ RunTime:0.0003s ]
INFO: Run Behavior\ParseTemplateBehavior [ RunTime:0.035313s ]
INFO: [ view_parse ] --END-- [ RunTime:0.035522s ]
INFO: [ view_filter ] --START--
INFO: Run Behavior\WriteHtmlCacheBehavior [ RunTime:0.001201s ]
INFO: [ view_filter ] --END-- [ RunTime:0.001390s ]
INFO: [ app_end ] --START--
INFO: Run Behavior\ShowPageTraceBehavior [ RunTime:0.001274s ]
INFO: [ app_end ] --END-- [ RunTime:0.001503s ]

[ 2018-04-05T01:06:59+08:00 ] 127.0.0.1 /index.php/Admin/Goods/edit/id/23.html
INFO: [ app_init ] --START--
INFO: Run Behavior\BuildLiteBehavior [ RunTime:0.000042s ]
INFO: [ app_init ] --END-- [ RunTime:0.001043s ]
INFO: [ app_begin ] --START--
INFO: Run Behavior\ReadHtmlCacheBehavior [ RunTime:0.001102s ]
INFO: [ app_begin ] --END-- [ RunTime:0.001291s ]
SQL: SHOW COLUMNS FROM `p39_goods` [ RunTime:0.0090s ]
SQL: SELECT * FROM `p39_goods` WHERE `id` = 23 LIMIT 1   [ RunTime:0.0012s ]
SQL: SHOW COLUMNS FROM `p39_category` [ RunTime:0.0092s ]
SQL: SELECT * FROM `p39_category`  [ RunTime:0.0005s ]
INFO: [ view_parse ] --START--
INFO: [ template_filter ] --START--
INFO: Run Behavior\ContentReplaceBehavior [ RunTime:0.000188s ]
INFO: [ template_filter ] --END-- [ RunTime:0.000413s ]
SQL: SHOW COLUMNS FROM `p39_brand` [ RunTime:0.0101s ]
SQL: SELECT `id`,`brand_name` FROM `p39_brand`  [ RunTime:0.0004s ]
INFO: Run Behavior\ParseTemplateBehavior [ RunTime:0.035862s ]
INFO: [ view_parse ] --END-- [ RunTime:0.036053s ]
INFO: [ view_filter ] --START--
INFO: Run Behavior\WriteHtmlCacheBehavior [ RunTime:0.000826s ]
INFO: [ view_filter ] --END-- [ RunTime:0.001007s ]
INFO: [ app_end ] --START--
INFO: Run Behavior\ShowPageTraceBehavior [ RunTime:0.001104s ]
INFO: [ app_end ] --END-- [ RunTime:0.001307s ]

[ 2018-04-05T10:59:04+08:00 ] 127.0.0.1 /index.php/Admin/Goods/lst
INFO: [ app_init ] --START--
INFO: Run Behavior\BuildLiteBehavior [ RunTime:0.000044s ]
INFO: [ app_init ] --END-- [ RunTime:0.001036s ]
INFO: [ app_begin ] --START--
INFO: Run Behavior\ReadHtmlCacheBehavior [ RunTime:0.001455s ]
INFO: [ app_begin ] --END-- [ RunTime:0.001838s ]
SQL: SHOW COLUMNS FROM `p39_goods` [ RunTime:0.1555s ]
SQL: SELECT COUNT(*) AS tp_count FROM p39_goods a LIMIT 1   [ RunTime:0.0220s ]
SQL: SELECT a.*,b.brand_name,c.cat_name,GROUP_CONCAT(e.cat_name SEPARATOR "<br />") ext_cat_name FROM p39_goods a LEFT JOIN p39_brand b ON a.brand_id=b.id         
                LEFT JOIN p39_category c ON a.cat_id=c.id
                LEFT JOIN p39_goods_cat d ON a.id=d.goods_id
                LEFT JOIN p39_category e ON d.cat_id=e.id  GROUP BY a.id ORDER BY a.id desc LIMIT 0,5   [ RunTime:0.1188s ]
SQL: SHOW COLUMNS FROM `p39_category` [ RunTime:0.0083s ]
SQL: SELECT * FROM `p39_category`  [ RunTime:0.0008s ]
INFO: [ view_parse ] --START--
INFO: [ template_filter ] --START--
INFO: Run Behavior\ContentReplaceBehavior [ RunTime:0.000506s ]
INFO: [ template_filter ] --END-- [ RunTime:0.000914s ]
SQL: SHOW COLUMNS FROM `p39_brand` [ RunTime:0.0116s ]
SQL: SELECT `id`,`brand_name` FROM `p39_brand`  [ RunTime:0.0008s ]
INFO: Run Behavior\ParseTemplateBehavior [ RunTime:0.152461s ]
INFO: [ view_parse ] --END-- [ RunTime:0.152774s ]
INFO: [ view_filter ] --START--
INFO: Run Behavior\WriteHtmlCacheBehavior [ RunTime:0.002013s ]
INFO: [ view_filter ] --END-- [ RunTime:0.002349s ]
INFO: [ app_end ] --START--
INFO: Run Behavior\ShowPageTraceBehavior [ RunTime:0.002835s ]
INFO: [ app_end ] --END-- [ RunTime:0.003235s ]

[ 2018-04-05T10:59:50+08:00 ] 127.0.0.1 /index.php/Admin/Goods/edit/id/23.html
INFO: [ app_init ] --START--
INFO: Run Behavior\BuildLiteBehavior [ RunTime:0.000053s ]
INFO: [ app_init ] --END-- [ RunTime:0.001392s ]
INFO: [ app_begin ] --START--
INFO: Run Behavior\ReadHtmlCacheBehavior [ RunTime:0.001960s ]
INFO: [ app_begin ] --END-- [ RunTime:0.002355s ]
SQL: SHOW COLUMNS FROM `p39_goods` [ RunTime:0.0071s ]
SQL: SELECT * FROM `p39_goods` WHERE `id` = 23 LIMIT 1   [ RunTime:0.0009s ]
SQL: SHOW COLUMNS FROM `p39_category` [ RunTime:0.0075s ]
SQL: SELECT * FROM `p39_category`  [ RunTime:0.0005s ]
INFO: [ view_parse ] --START--
INFO: [ template_filter ] --START--
INFO: Run Behavior\ContentReplaceBehavior [ RunTime:0.000213s ]
INFO: [ template_filter ] --END-- [ RunTime:0.000438s ]
SQL: SHOW COLUMNS FROM `p39_brand` [ RunTime:0.0094s ]
SQL: SELECT `id`,`brand_name` FROM `p39_brand`  [ RunTime:0.0004s ]
INFO: Run Behavior\ParseTemplateBehavior [ RunTime:0.034074s ]
INFO: [ view_parse ] --END-- [ RunTime:0.034296s ]
INFO: [ view_filter ] --START--
INFO: Run Behavior\WriteHtmlCacheBehavior [ RunTime:0.001072s ]
INFO: [ view_filter ] --END-- [ RunTime:0.001251s ]
INFO: [ app_end ] --START--
INFO: Run Behavior\ShowPageTraceBehavior [ RunTime:0.001520s ]
INFO: [ app_end ] --END-- [ RunTime:0.001720s ]

[ 2018-04-05T11:01:26+08:00 ] 127.0.0.1 /index.php/Admin/Goods/edit/id/23.html
INFO: [ app_init ] --START--
INFO: Run Behavior\BuildLiteBehavior [ RunTime:0.000051s ]
INFO: [ app_init ] --END-- [ RunTime:0.001561s ]
INFO: [ app_begin ] --START--
INFO: Run Behavior\ReadHtmlCacheBehavior [ RunTime:0.001547s ]
INFO: [ app_begin ] --END-- [ RunTime:0.001763s ]
SQL: SHOW COLUMNS FROM `p39_goods` [ RunTime:0.0082s ]
SQL: SELECT * FROM `p39_goods` WHERE `id` = 23 LIMIT 1   [ RunTime:0.0005s ]
SQL: SHOW COLUMNS FROM `p39_category` [ RunTime:0.0062s ]
SQL: SELECT * FROM `p39_category`  [ RunTime:0.0005s ]
INFO: [ view_parse ] --START--
INFO: [ template_filter ] --START--
INFO: Run Behavior\ContentReplaceBehavior [ RunTime:0.000220s ]
INFO: [ template_filter ] --END-- [ RunTime:0.000454s ]
SQL: SHOW COLUMNS FROM `p39_brand` [ RunTime:0.0115s ]
SQL: SELECT `id`,`brand_name` FROM `p39_brand`  [ RunTime:0.0006s ]
INFO: Run Behavior\ParseTemplateBehavior [ RunTime:0.037120s ]
INFO: [ view_parse ] --END-- [ RunTime:0.037320s ]
INFO: [ view_filter ] --START--
INFO: Run Behavior\WriteHtmlCacheBehavior [ RunTime:0.001051s ]
INFO: [ view_filter ] --END-- [ RunTime:0.001230s ]
INFO: [ app_end ] --START--
INFO: Run Behavior\ShowPageTraceBehavior [ RunTime:0.001741s ]
INFO: [ app_end ] --END-- [ RunTime:0.001950s ]

[ 2018-04-05T11:01:34+08:00 ] 127.0.0.1 /index.php/Admin/Goods/edit/id/22.html
INFO: [ app_init ] --START--
INFO: Run Behavior\BuildLiteBehavior [ RunTime:0.000051s ]
INFO: [ app_init ] --END-- [ RunTime:0.001322s ]
INFO: [ app_begin ] --START--
INFO: Run Behavior\ReadHtmlCacheBehavior [ RunTime:0.001209s ]
INFO: [ app_begin ] --END-- [ RunTime:0.001469s ]
SQL: SHOW COLUMNS FROM `p39_goods` [ RunTime:0.0081s ]
SQL: SELECT * FROM `p39_goods` WHERE `id` = 22 LIMIT 1   [ RunTime:0.0008s ]
SQL: SHOW COLUMNS FROM `p39_category` [ RunTime:0.0084s ]
SQL: SELECT * FROM `p39_category`  [ RunTime:0.0005s ]
INFO: [ view_parse ] --START--
INFO: [ template_filter ] --START--
INFO: Run Behavior\ContentReplaceBehavior [ RunTime:0.000214s ]
INFO: [ template_filter ] --END-- [ RunTime:0.000459s ]
SQL: SHOW COLUMNS FROM `p39_brand` [ RunTime:0.0077s ]
SQL: SELECT `id`,`brand_name` FROM `p39_brand`  [ RunTime:0.0006s ]
INFO: Run Behavior\ParseTemplateBehavior [ RunTime:0.030913s ]
INFO: [ view_parse ] --END-- [ RunTime:0.031159s ]
INFO: [ view_filter ] --START--
INFO: Run Behavior\WriteHtmlCacheBehavior [ RunTime:0.000854s ]
INFO: [ view_filter ] --END-- [ RunTime:0.001040s ]
INFO: [ app_end ] --START--
INFO: Run Behavior\ShowPageTraceBehavior [ RunTime:0.001648s ]
INFO: [ app_end ] --END-- [ RunTime:0.001855s ]

[ 2018-04-05T11:14:57+08:00 ] 127.0.0.1 /index.php/Admin/Goods/edit/id/22.html
INFO: [ app_init ] --START--
INFO: Run Behavior\BuildLiteBehavior [ RunTime:0.000050s ]
INFO: [ app_init ] --END-- [ RunTime:0.001221s ]
INFO: [ app_begin ] --START--
INFO: Run Behavior\ReadHtmlCacheBehavior [ RunTime:0.025880s ]
INFO: [ app_begin ] --END-- [ RunTime:0.026117s ]
SQL: SHOW COLUMNS FROM `p39_goods` [ RunTime:0.0084s ]
SQL: SELECT * FROM `p39_goods` WHERE `id` = 22 LIMIT 1   [ RunTime:0.0007s ]
SQL: SHOW COLUMNS FROM `p39_category` [ RunTime:0.0075s ]
SQL: SELECT * FROM `p39_category`  [ RunTime:0.0006s ]
SQL: SHOW COLUMNS FROM `p39_goods_cat` [ RunTime:0.0068s ]
SQL: SELECT `cat_id` FROM `p39_goods_cat` WHERE `goods_id` = '22'  [ RunTime:0.0567s ]
INFO: [ view_parse ] --START--
INFO: [ template_filter ] --START--
INFO: Run Behavior\ContentReplaceBehavior [ RunTime:0.000195s ]
INFO: [ template_filter ] --END-- [ RunTime:0.000410s ]
SQL: SHOW COLUMNS FROM `p39_brand` [ RunTime:0.0073s ]
SQL: SELECT `id`,`brand_name` FROM `p39_brand`  [ RunTime:0.0004s ]
INFO: Run Behavior\ParseTemplateBehavior [ RunTime:0.031340s ]
INFO: [ view_parse ] --END-- [ RunTime:0.031534s ]
INFO: [ view_filter ] --START--
INFO: Run Behavior\WriteHtmlCacheBehavior [ RunTime:0.000997s ]
INFO: [ view_filter ] --END-- [ RunTime:0.001175s ]
INFO: [ app_end ] --START--
INFO: Run Behavior\ShowPageTraceBehavior [ RunTime:0.001573s ]
INFO: [ app_end ] --END-- [ RunTime:0.001780s ]

[ 2018-04-05T11:23:28+08:00 ] 127.0.0.1 /index.php/Admin/Goods/edit/id/22.html
INFO: [ app_init ] --START--
INFO: Run Behavior\BuildLiteBehavior [ RunTime:0.000045s ]
INFO: [ app_init ] --END-- [ RunTime:0.001100s ]
INFO: [ app_begin ] --START--
INFO: Run Behavior\ReadHtmlCacheBehavior [ RunTime:0.001446s ]
INFO: [ app_begin ] --END-- [ RunTime:0.001636s ]
SQL: SHOW COLUMNS FROM `p39_goods` [ RunTime:0.0074s ]
SQL: SELECT * FROM `p39_goods` WHERE `id` = 22 LIMIT 1   [ RunTime:0.0005s ]
SQL: SHOW COLUMNS FROM `p39_category` [ RunTime:0.0224s ]
SQL: SELECT * FROM `p39_category`  [ RunTime:0.0005s ]
SQL: SHOW COLUMNS FROM `p39_goods_cat` [ RunTime:0.0063s ]
SQL: SELECT `cat_id` FROM `p39_goods_cat` WHERE `goods_id` = '22'  [ RunTime:0.0004s ]
INFO: [ view_parse ] --START--
INFO: [ template_filter ] --START--
INFO: Run Behavior\ContentReplaceBehavior [ RunTime:0.000247s ]
INFO: [ template_filter ] --END-- [ RunTime:0.000470s ]
NOTIC: [8] Undefined variable: gcData F:\weblx\www\php39ds\Application\Runtime\Cache\Admin\608b0c961c661bd6d45820311b4b75a7.php 第 54 行.
NOTIC: [2] Invalid argument supplied for foreach() F:\weblx\www\php39ds\Application\Runtime\Cache\Admin\608b0c961c661bd6d45820311b4b75a7.php 第 54 行.
SQL: SHOW COLUMNS FROM `p39_brand` [ RunTime:0.0079s ]
SQL: SELECT `id`,`brand_name` FROM `p39_brand`  [ RunTime:0.0003s ]
INFO: Run Behavior\ParseTemplateBehavior [ RunTime:0.031490s ]
INFO: [ view_parse ] --END-- [ RunTime:0.031692s ]
INFO: [ view_filter ] --START--
INFO: Run Behavior\WriteHtmlCacheBehavior [ RunTime:0.001015s ]
INFO: [ view_filter ] --END-- [ RunTime:0.001194s ]
INFO: [ app_end ] --START--
INFO: Run Behavior\ShowPageTraceBehavior [ RunTime:0.001311s ]
INFO: [ app_end ] --END-- [ RunTime:0.001516s ]

[ 2018-04-05T11:23:44+08:00 ] 127.0.0.1 /index.php/Admin/Goods/edit/id/22.html
INFO: [ app_init ] --START--
INFO: Run Behavior\BuildLiteBehavior [ RunTime:0.000044s ]
INFO: [ app_init ] --END-- [ RunTime:0.001003s ]
INFO: [ app_begin ] --START--
INFO: Run Behavior\ReadHtmlCacheBehavior [ RunTime:0.001091s ]
INFO: [ app_begin ] --END-- [ RunTime:0.001278s ]
SQL: SHOW COLUMNS FROM `p39_goods` [ RunTime:0.0071s ]
SQL: SELECT * FROM `p39_goods` WHERE `id` = 22 LIMIT 1   [ RunTime:0.0005s ]
SQL: SHOW COLUMNS FROM `p39_category` [ RunTime:0.0066s ]
SQL: SELECT * FROM `p39_category`  [ RunTime:0.0006s ]
SQL: SHOW COLUMNS FROM `p39_goods_cat` [ RunTime:0.0062s ]
SQL: SELECT `cat_id` FROM `p39_goods_cat` WHERE `goods_id` = '22'  [ RunTime:0.0007s ]
INFO: [ view_parse ] --START--
INFO: [ template_filter ] --START--
INFO: Run Behavior\ContentReplaceBehavior [ RunTime:0.000197s ]
INFO: [ template_filter ] --END-- [ RunTime:0.000408s ]
NOTIC: [8] Undefined variable: gcData F:\weblx\www\php39ds\Application\Runtime\Cache\Admin\608b0c961c661bd6d45820311b4b75a7.php 第 54 行.
NOTIC: [2] Invalid argument supplied for foreach() F:\weblx\www\php39ds\Application\Runtime\Cache\Admin\608b0c961c661bd6d45820311b4b75a7.php 第 54 行.
SQL: SHOW COLUMNS FROM `p39_brand` [ RunTime:0.0066s ]
SQL: SELECT `id`,`brand_name` FROM `p39_brand`  [ RunTime:0.0003s ]
INFO: Run Behavior\ParseTemplateBehavior [ RunTime:0.027192s ]
INFO: [ view_parse ] --END-- [ RunTime:0.027382s ]
INFO: [ view_filter ] --START--
INFO: Run Behavior\WriteHtmlCacheBehavior [ RunTime:0.000818s ]
INFO: [ view_filter ] --END-- [ RunTime:0.000996s ]
INFO: [ app_end ] --START--
INFO: Run Behavior\ShowPageTraceBehavior [ RunTime:0.001278s ]
INFO: [ app_end ] --END-- [ RunTime:0.001485s ]

[ 2018-04-05T11:24:26+08:00 ] 127.0.0.1 /index.php/Admin/Goods/edit/id/22.html
INFO: [ app_init ] --START--
INFO: Run Behavior\BuildLiteBehavior [ RunTime:0.000046s ]
INFO: [ app_init ] --END-- [ RunTime:0.000949s ]
INFO: [ app_begin ] --START--
INFO: Run Behavior\ReadHtmlCacheBehavior [ RunTime:0.001243s ]
INFO: [ app_begin ] --END-- [ RunTime:0.001435s ]
SQL: SHOW COLUMNS FROM `p39_goods` [ RunTime:0.0074s ]
SQL: SELECT * FROM `p39_goods` WHERE `id` = 22 LIMIT 1   [ RunTime:0.0004s ]
SQL: SHOW COLUMNS FROM `p39_category` [ RunTime:0.0067s ]
SQL: SELECT * FROM `p39_category`  [ RunTime:0.0004s ]
SQL: SHOW COLUMNS FROM `p39_goods_cat` [ RunTime:0.0062s ]
SQL: SELECT `cat_id` FROM `p39_goods_cat` WHERE `goods_id` = '22'  [ RunTime:0.0003s ]
INFO: [ view_parse ] --START--
INFO: [ template_filter ] --START--
INFO: Run Behavior\ContentReplaceBehavior [ RunTime:0.000200s ]
INFO: [ template_filter ] --END-- [ RunTime:0.000473s ]
NOTIC: [8] Undefined variable: gcData F:\weblx\www\php39ds\Application\Runtime\Cache\Admin\608b0c961c661bd6d45820311b4b75a7.php 第 54 行.
NOTIC: [2] Invalid argument supplied for foreach() F:\weblx\www\php39ds\Application\Runtime\Cache\Admin\608b0c961c661bd6d45820311b4b75a7.php 第 54 行.
SQL: SHOW COLUMNS FROM `p39_brand` [ RunTime:0.0079s ]
SQL: SELECT `id`,`brand_name` FROM `p39_brand`  [ RunTime:0.0021s ]
INFO: Run Behavior\ParseTemplateBehavior [ RunTime:0.030594s ]
INFO: [ view_parse ] --END-- [ RunTime:0.030778s ]
INFO: [ view_filter ] --START--
INFO: Run Behavior\WriteHtmlCacheBehavior [ RunTime:0.000862s ]
INFO: [ view_filter ] --END-- [ RunTime:0.001039s ]
INFO: [ app_end ] --START--
INFO: Run Behavior\ShowPageTraceBehavior [ RunTime:0.001396s ]
INFO: [ app_end ] --END-- [ RunTime:0.002553s ]

[ 2018-04-05T11:24:33+08:00 ] 127.0.0.1 /index.php/Admin/Goods/edit/id/22.html
INFO: [ app_init ] --START--
INFO: Run Behavior\BuildLiteBehavior [ RunTime:0.000049s ]
INFO: [ app_init ] --END-- [ RunTime:0.001031s ]
INFO: [ app_begin ] --START--
INFO: Run Behavior\ReadHtmlCacheBehavior [ RunTime:0.001258s ]
INFO: [ app_begin ] --END-- [ RunTime:0.001461s ]
SQL: SHOW COLUMNS FROM `p39_goods` [ RunTime:0.0080s ]
SQL: SELECT * FROM `p39_goods` WHERE `id` = 22 LIMIT 1   [ RunTime:0.0006s ]
SQL: SHOW COLUMNS FROM `p39_category` [ RunTime:0.0067s ]
SQL: SELECT * FROM `p39_category`  [ RunTime:0.0005s ]
SQL: SHOW COLUMNS FROM `p39_goods_cat` [ RunTime:0.0069s ]
SQL: SELECT `cat_id` FROM `p39_goods_cat` WHERE `goods_id` = '22'  [ RunTime:0.0006s ]
INFO: [ view_parse ] --START--
INFO: [ template_filter ] --START--
INFO: Run Behavior\ContentReplaceBehavior [ RunTime:0.000197s ]
INFO: [ template_filter ] --END-- [ RunTime:0.000411s ]
NOTIC: [8] Undefined variable: gcData F:\weblx\www\php39ds\Application\Runtime\Cache\Admin\608b0c961c661bd6d45820311b4b75a7.php 第 54 行.
NOTIC: [2] Invalid argument supplied for foreach() F:\weblx\www\php39ds\Application\Runtime\Cache\Admin\608b0c961c661bd6d45820311b4b75a7.php 第 54 行.
SQL: SHOW COLUMNS FROM `p39_brand` [ RunTime:0.0088s ]
SQL: SELECT `id`,`brand_name` FROM `p39_brand`  [ RunTime:0.0004s ]
INFO: Run Behavior\ParseTemplateBehavior [ RunTime:0.031519s ]
INFO: [ view_parse ] --END-- [ RunTime:0.031711s ]
INFO: [ view_filter ] --START--
INFO: Run Behavior\WriteHtmlCacheBehavior [ RunTime:0.000816s ]
INFO: [ view_filter ] --END-- [ RunTime:0.001042s ]
INFO: [ app_end ] --START--
INFO: Run Behavior\ShowPageTraceBehavior [ RunTime:0.001303s ]
INFO: [ app_end ] --END-- [ RunTime:0.001513s ]

[ 2018-04-05T11:24:50+08:00 ] 127.0.0.1 /index.php/Admin/Goods/edit/id/22.html
INFO: [ app_init ] --START--
INFO: Run Behavior\BuildLiteBehavior [ RunTime:0.000042s ]
INFO: [ app_init ] --END-- [ RunTime:0.000926s ]
INFO: [ app_begin ] --START--
INFO: Run Behavior\ReadHtmlCacheBehavior [ RunTime:0.001089s ]
INFO: [ app_begin ] --END-- [ RunTime:0.001276s ]
SQL: SHOW COLUMNS FROM `p39_goods` [ RunTime:0.0069s ]
SQL: SELECT * FROM `p39_goods` WHERE `id` = 22 LIMIT 1   [ RunTime:0.0004s ]
SQL: SHOW COLUMNS FROM `p39_category` [ RunTime:0.0063s ]
SQL: SELECT * FROM `p39_category`  [ RunTime:0.0004s ]
SQL: SHOW COLUMNS FROM `p39_goods_cat` [ RunTime:0.0073s ]
SQL: SELECT `cat_id` FROM `p39_goods_cat` WHERE `goods_id` = '22'  [ RunTime:0.0005s ]
INFO: [ view_parse ] --START--
INFO: [ template_filter ] --START--
INFO: Run Behavior\ContentReplaceBehavior [ RunTime:0.000201s ]
INFO: [ template_filter ] --END-- [ RunTime:0.000424s ]
NOTIC: [8] Undefined variable: gcData F:\weblx\www\php39ds\Application\Runtime\Cache\Admin\608b0c961c661bd6d45820311b4b75a7.php 第 54 行.
NOTIC: [2] Invalid argument supplied for foreach() F:\weblx\www\php39ds\Application\Runtime\Cache\Admin\608b0c961c661bd6d45820311b4b75a7.php 第 54 行.
SQL: SHOW COLUMNS FROM `p39_brand` [ RunTime:0.0065s ]
SQL: SELECT `id`,`brand_name` FROM `p39_brand`  [ RunTime:0.0003s ]
INFO: Run Behavior\ParseTemplateBehavior [ RunTime:0.027712s ]
INFO: [ view_parse ] --END-- [ RunTime:0.027931s ]
INFO: [ view_filter ] --START--
INFO: Run Behavior\WriteHtmlCacheBehavior [ RunTime:0.000790s ]
INFO: [ view_filter ] --END-- [ RunTime:0.000965s ]
INFO: [ app_end ] --START--
INFO: Run Behavior\ShowPageTraceBehavior [ RunTime:0.001196s ]
INFO: [ app_end ] --END-- [ RunTime:0.001404s ]

[ 2018-04-05T11:25:05+08:00 ] 127.0.0.1 /index.php/Admin/Goods/lst
INFO: [ app_init ] --START--
INFO: Run Behavior\BuildLiteBehavior [ RunTime:0.000047s ]
INFO: [ app_init ] --END-- [ RunTime:0.001056s ]
INFO: [ app_begin ] --START--
INFO: Run Behavior\ReadHtmlCacheBehavior [ RunTime:0.001763s ]
INFO: [ app_begin ] --END-- [ RunTime:0.001983s ]
SQL: SHOW COLUMNS FROM `p39_goods` [ RunTime:0.0076s ]
SQL: SELECT COUNT(*) AS tp_count FROM p39_goods a LIMIT 1   [ RunTime:0.0007s ]
SQL: SELECT a.*,b.brand_name,c.cat_name,GROUP_CONCAT(e.cat_name SEPARATOR "<br />") ext_cat_name FROM p39_goods a LEFT JOIN p39_brand b ON a.brand_id=b.id         
                LEFT JOIN p39_category c ON a.cat_id=c.id
                LEFT JOIN p39_goods_cat d ON a.id=d.goods_id
                LEFT JOIN p39_category e ON d.cat_id=e.id  GROUP BY a.id ORDER BY a.id desc LIMIT 0,5   [ RunTime:0.0007s ]
SQL: SHOW COLUMNS FROM `p39_category` [ RunTime:0.0076s ]
SQL: SELECT * FROM `p39_category`  [ RunTime:0.0004s ]
INFO: [ view_parse ] --START--
INFO: [ template_filter ] --START--
INFO: Run Behavior\ContentReplaceBehavior [ RunTime:0.000292s ]
INFO: [ template_filter ] --END-- [ RunTime:0.000546s ]
SQL: SHOW COLUMNS FROM `p39_brand` [ RunTime:0.0070s ]
SQL: SELECT `id`,`brand_name` FROM `p39_brand`  [ RunTime:0.0003s ]
INFO: Run Behavior\ParseTemplateBehavior [ RunTime:0.032151s ]
INFO: [ view_parse ] --END-- [ RunTime:0.032357s ]
INFO: [ view_filter ] --START--
INFO: Run Behavior\WriteHtmlCacheBehavior [ RunTime:0.000860s ]
INFO: [ view_filter ] --END-- [ RunTime:0.001038s ]
INFO: [ app_end ] --START--
INFO: Run Behavior\ShowPageTraceBehavior [ RunTime:0.001234s ]
INFO: [ app_end ] --END-- [ RunTime:0.001440s ]

[ 2018-04-05T11:25:11+08:00 ] 127.0.0.1 /index.php/Admin/Goods/edit/id/22.html
INFO: [ app_init ] --START--
INFO: Run Behavior\BuildLiteBehavior [ RunTime:0.000046s ]
INFO: [ app_init ] --END-- [ RunTime:0.001024s ]
INFO: [ app_begin ] --START--
INFO: Run Behavior\ReadHtmlCacheBehavior [ RunTime:0.001435s ]
INFO: [ app_begin ] --END-- [ RunTime:0.001639s ]
SQL: SHOW COLUMNS FROM `p39_goods` [ RunTime:0.0110s ]
SQL: SELECT * FROM `p39_goods` WHERE `id` = 22 LIMIT 1   [ RunTime:0.0006s ]
SQL: SHOW COLUMNS FROM `p39_category` [ RunTime:0.0079s ]
SQL: SELECT * FROM `p39_category`  [ RunTime:0.0006s ]
SQL: SHOW COLUMNS FROM `p39_goods_cat` [ RunTime:0.0065s ]
SQL: SELECT `cat_id` FROM `p39_goods_cat` WHERE `goods_id` = '22'  [ RunTime:0.0008s ]
INFO: [ view_parse ] --START--
INFO: [ template_filter ] --START--
INFO: Run Behavior\ContentReplaceBehavior [ RunTime:0.000204s ]
INFO: [ template_filter ] --END-- [ RunTime:0.000433s ]
NOTIC: [8] Undefined variable: gcData F:\weblx\www\php39ds\Application\Runtime\Cache\Admin\608b0c961c661bd6d45820311b4b75a7.php 第 54 行.
NOTIC: [2] Invalid argument supplied for foreach() F:\weblx\www\php39ds\Application\Runtime\Cache\Admin\608b0c961c661bd6d45820311b4b75a7.php 第 54 行.
SQL: SHOW COLUMNS FROM `p39_brand` [ RunTime:0.0086s ]
SQL: SELECT `id`,`brand_name` FROM `p39_brand`  [ RunTime:0.0003s ]
INFO: Run Behavior\ParseTemplateBehavior [ RunTime:0.044775s ]
INFO: [ view_parse ] --END-- [ RunTime:0.044968s ]
INFO: [ view_filter ] --START--
INFO: Run Behavior\WriteHtmlCacheBehavior [ RunTime:0.000877s ]
INFO: [ view_filter ] --END-- [ RunTime:0.001059s ]
INFO: [ app_end ] --START--
INFO: Run Behavior\ShowPageTraceBehavior [ RunTime:0.001440s ]
INFO: [ app_end ] --END-- [ RunTime:0.001652s ]

[ 2018-04-05T11:26:02+08:00 ] 127.0.0.1 /index.php/Admin/Goods/edit/id/22.html
INFO: [ app_init ] --START--
INFO: Run Behavior\BuildLiteBehavior [ RunTime:0.000068s ]
INFO: [ app_init ] --END-- [ RunTime:0.001011s ]
INFO: [ app_begin ] --START--
INFO: Run Behavior\ReadHtmlCacheBehavior [ RunTime:0.001395s ]
INFO: [ app_begin ] --END-- [ RunTime:0.001590s ]
SQL: SHOW COLUMNS FROM `p39_goods` [ RunTime:0.0078s ]
SQL: SELECT * FROM `p39_goods` WHERE `id` = 22 LIMIT 1   [ RunTime:0.0005s ]
SQL: SHOW COLUMNS FROM `p39_category` [ RunTime:0.0064s ]
SQL: SELECT * FROM `p39_category`  [ RunTime:0.0005s ]
SQL: SHOW COLUMNS FROM `p39_goods_cat` [ RunTime:0.0063s ]
SQL: SELECT `cat_id` FROM `p39_goods_cat` WHERE `goods_id` = '22'  [ RunTime:0.0004s ]
INFO: [ view_parse ] --START--
INFO: [ template_filter ] --START--
INFO: Run Behavior\ContentReplaceBehavior [ RunTime:0.000373s ]
INFO: [ template_filter ] --END-- [ RunTime:0.000595s ]
SQL: SHOW COLUMNS FROM `p39_brand` [ RunTime:0.0069s ]
SQL: SELECT `id`,`brand_name` FROM `p39_brand`  [ RunTime:0.0004s ]
INFO: Run Behavior\ParseTemplateBehavior [ RunTime:0.029788s ]
INFO: [ view_parse ] --END-- [ RunTime:0.029995s ]
INFO: [ view_filter ] --START--
INFO: Run Behavior\WriteHtmlCacheBehavior [ RunTime:0.001115s ]
INFO: [ view_filter ] --END-- [ RunTime:0.001299s ]
INFO: [ app_end ] --START--
INFO: Run Behavior\ShowPageTraceBehavior [ RunTime:0.001392s ]
INFO: [ app_end ] --END-- [ RunTime:0.001592s ]

[ 2018-04-05T13:11:56+08:00 ] 127.0.0.1 /index.php/Admin/Goods/lst
INFO: [ app_init ] --START--
INFO: Run Behavior\BuildLiteBehavior [ RunTime:0.000041s ]
INFO: [ app_init ] --END-- [ RunTime:0.000906s ]
INFO: [ app_begin ] --START--
INFO: Run Behavior\ReadHtmlCacheBehavior [ RunTime:0.001369s ]
INFO: [ app_begin ] --END-- [ RunTime:0.001571s ]
SQL: SHOW COLUMNS FROM `p39_goods` [ RunTime:0.0076s ]
SQL: SELECT COUNT(*) AS tp_count FROM p39_goods a LIMIT 1   [ RunTime:0.0003s ]
SQL: SELECT a.*,b.brand_name,c.cat_name,GROUP_CONCAT(e.cat_name SEPARATOR "<br />") ext_cat_name FROM p39_goods a LEFT JOIN p39_brand b ON a.brand_id=b.id         
                LEFT JOIN p39_category c ON a.cat_id=c.id
                LEFT JOIN p39_goods_cat d ON a.id=d.goods_id
                LEFT JOIN p39_category e ON d.cat_id=e.id  GROUP BY a.id ORDER BY a.id desc LIMIT 0,5   [ RunTime:0.0006s ]
SQL: SHOW COLUMNS FROM `p39_category` [ RunTime:0.0062s ]
SQL: SELECT * FROM `p39_category`  [ RunTime:0.0004s ]
INFO: [ view_parse ] --START--
INFO: [ template_filter ] --START--
INFO: Run Behavior\ContentReplaceBehavior [ RunTime:0.000207s ]
INFO: [ template_filter ] --END-- [ RunTime:0.000488s ]
SQL: SHOW COLUMNS FROM `p39_brand` [ RunTime:0.0064s ]
SQL: SELECT `id`,`brand_name` FROM `p39_brand`  [ RunTime:0.0003s ]
INFO: Run Behavior\ParseTemplateBehavior [ RunTime:0.037258s ]
INFO: [ view_parse ] --END-- [ RunTime:0.037501s ]
INFO: [ view_filter ] --START--
INFO: Run Behavior\WriteHtmlCacheBehavior [ RunTime:0.001102s ]
INFO: [ view_filter ] --END-- [ RunTime:0.001293s ]
INFO: [ app_end ] --START--
INFO: Run Behavior\ShowPageTraceBehavior [ RunTime:0.001636s ]
INFO: [ app_end ] --END-- [ RunTime:0.001860s ]

[ 2018-04-05T13:12:04+08:00 ] 127.0.0.1 /index.php/Admin/Goods/edit/id/19.html
INFO: [ app_init ] --START--
INFO: Run Behavior\BuildLiteBehavior [ RunTime:0.000053s ]
INFO: [ app_init ] --END-- [ RunTime:0.003888s ]
INFO: [ app_begin ] --START--
INFO: Run Behavior\ReadHtmlCacheBehavior [ RunTime:0.001432s ]
INFO: [ app_begin ] --END-- [ RunTime:0.001640s ]
SQL: SHOW COLUMNS FROM `p39_goods` [ RunTime:0.0073s ]
SQL: SELECT * FROM `p39_goods` WHERE `id` = 19 LIMIT 1   [ RunTime:0.0148s ]
SQL: SHOW COLUMNS FROM `p39_category` [ RunTime:0.0063s ]
SQL: SELECT * FROM `p39_category`  [ RunTime:0.0004s ]
SQL: SHOW COLUMNS FROM `p39_goods_cat` [ RunTime:0.0070s ]
SQL: SELECT `cat_id` FROM `p39_goods_cat` WHERE `goods_id` = '19'  [ RunTime:0.0005s ]
INFO: [ view_parse ] --START--
INFO: [ template_filter ] --START--
INFO: Run Behavior\ContentReplaceBehavior [ RunTime:0.000220s ]
INFO: [ template_filter ] --END-- [ RunTime:0.000461s ]
SQL: SHOW COLUMNS FROM `p39_brand` [ RunTime:0.0068s ]
SQL: SELECT `id`,`brand_name` FROM `p39_brand`  [ RunTime:0.0004s ]
INFO: Run Behavior\ParseTemplateBehavior [ RunTime:0.032294s ]
INFO: [ view_parse ] --END-- [ RunTime:0.032485s ]
INFO: [ view_filter ] --START--
INFO: Run Behavior\WriteHtmlCacheBehavior [ RunTime:0.001071s ]
INFO: [ view_filter ] --END-- [ RunTime:0.001258s ]
INFO: [ app_end ] --START--
INFO: Run Behavior\ShowPageTraceBehavior [ RunTime:0.001699s ]
INFO: [ app_end ] --END-- [ RunTime:0.001947s ]

[ 2018-04-05T14:01:04+08:00 ] 127.0.0.1 /index.php/Admin/Goods/edit/id/19.html
INFO: [ app_init ] --START--
INFO: Run Behavior\BuildLiteBehavior [ RunTime:0.000044s ]
INFO: [ app_init ] --END-- [ RunTime:0.001115s ]
INFO: [ app_begin ] --START--
INFO: Run Behavior\ReadHtmlCacheBehavior [ RunTime:0.001776s ]
INFO: [ app_begin ] --END-- [ RunTime:0.002013s ]
SQL: SHOW COLUMNS FROM `p39_goods` [ RunTime:0.0083s ]
SQL: SELECT * FROM `p39_goods` WHERE `id` = 19 LIMIT 1   [ RunTime:0.0005s ]
SQL: SHOW COLUMNS FROM `p39_category` [ RunTime:0.0061s ]
SQL: SELECT * FROM `p39_category`  [ RunTime:0.0007s ]
SQL: SHOW COLUMNS FROM `p39_goods_cat` [ RunTime:0.0061s ]
SQL: SELECT `cat_id` FROM `p39_goods_cat` WHERE `goods_id` = '19'  [ RunTime:0.0003s ]
INFO: [ view_parse ] --START--
INFO: [ template_filter ] --START--
INFO: Run Behavior\ContentReplaceBehavior [ RunTime:0.000212s ]
INFO: [ template_filter ] --END-- [ RunTime:0.000428s ]
SQL: SHOW COLUMNS FROM `p39_brand` [ RunTime:0.0065s ]
SQL: SELECT `id`,`brand_name` FROM `p39_brand`  [ RunTime:0.0003s ]
INFO: Run Behavior\ParseTemplateBehavior [ RunTime:0.032238s ]
INFO: [ view_parse ] --END-- [ RunTime:0.032453s ]
INFO: [ view_filter ] --START--
INFO: Run Behavior\WriteHtmlCacheBehavior [ RunTime:0.000976s ]
INFO: [ view_filter ] --END-- [ RunTime:0.001157s ]
INFO: [ app_end ] --START--
INFO: Run Behavior\ShowPageTraceBehavior [ RunTime:0.001851s ]
INFO: [ app_end ] --END-- [ RunTime:0.002067s ]

[ 2018-04-05T14:01:23+08:00 ] 127.0.0.1 /index.php/Admin/Goods/lst
INFO: [ app_init ] --START--
INFO: Run Behavior\BuildLiteBehavior [ RunTime:0.000051s ]
INFO: [ app_init ] --END-- [ RunTime:0.003795s ]
INFO: [ app_begin ] --START--
INFO: Run Behavior\ReadHtmlCacheBehavior [ RunTime:0.001843s ]
INFO: [ app_begin ] --END-- [ RunTime:0.002071s ]
SQL: SHOW COLUMNS FROM `p39_goods` [ RunTime:0.0078s ]
SQL: SELECT COUNT(*) AS tp_count FROM p39_goods a LIMIT 1   [ RunTime:0.0004s ]
SQL: SELECT a.*,b.brand_name,c.cat_name,GROUP_CONCAT(e.cat_name SEPARATOR "<br />") ext_cat_name FROM p39_goods a LEFT JOIN p39_brand b ON a.brand_id=b.id         
                LEFT JOIN p39_category c ON a.cat_id=c.id
                LEFT JOIN p39_goods_cat d ON a.id=d.goods_id
                LEFT JOIN p39_category e ON d.cat_id=e.id  GROUP BY a.id ORDER BY a.id desc LIMIT 0,5   [ RunTime:0.0011s ]
SQL: SHOW COLUMNS FROM `p39_category` [ RunTime:0.0070s ]
SQL: SELECT * FROM `p39_category`  [ RunTime:0.0003s ]
INFO: [ view_parse ] --START--
INFO: [ template_filter ] --START--
INFO: Run Behavior\ContentReplaceBehavior [ RunTime:0.000200s ]
INFO: [ template_filter ] --END-- [ RunTime:0.000429s ]
SQL: SHOW COLUMNS FROM `p39_brand` [ RunTime:0.0069s ]
SQL: SELECT `id`,`brand_name` FROM `p39_brand`  [ RunTime:0.0003s ]
INFO: Run Behavior\ParseTemplateBehavior [ RunTime:0.032848s ]
INFO: [ view_parse ] --END-- [ RunTime:0.033040s ]
INFO: [ view_filter ] --START--
INFO: Run Behavior\WriteHtmlCacheBehavior [ RunTime:0.000879s ]
INFO: [ view_filter ] --END-- [ RunTime:0.001076s ]
INFO: [ app_end ] --START--
INFO: Run Behavior\ShowPageTraceBehavior [ RunTime:0.001243s ]
INFO: [ app_end ] --END-- [ RunTime:0.001454s ]

[ 2018-04-05T14:01:29+08:00 ] 127.0.0.1 /index.php/Admin/Goods/edit/id/22.html
INFO: [ app_init ] --START--
INFO: Run Behavior\BuildLiteBehavior [ RunTime:0.000044s ]
INFO: [ app_init ] --END-- [ RunTime:0.000817s ]
INFO: [ app_begin ] --START--
INFO: Run Behavior\ReadHtmlCacheBehavior [ RunTime:0.001069s ]
INFO: [ app_begin ] --END-- [ RunTime:0.001272s ]
SQL: SHOW COLUMNS FROM `p39_goods` [ RunTime:0.0104s ]
SQL: SELECT * FROM `p39_goods` WHERE `id` = 22 LIMIT 1   [ RunTime:0.0008s ]
SQL: SHOW COLUMNS FROM `p39_category` [ RunTime:0.0073s ]
SQL: SELECT * FROM `p39_category`  [ RunTime:0.0008s ]
SQL: SHOW COLUMNS FROM `p39_goods_cat` [ RunTime:0.0080s ]
SQL: SELECT `cat_id` FROM `p39_goods_cat` WHERE `goods_id` = '22'  [ RunTime:0.0010s ]
INFO: [ view_parse ] --START--
INFO: [ template_filter ] --START--
INFO: Run Behavior\ContentReplaceBehavior [ RunTime:0.000225s ]
INFO: [ template_filter ] --END-- [ RunTime:0.000475s ]
SQL: SHOW COLUMNS FROM `p39_brand` [ RunTime:0.0067s ]
SQL: SELECT `id`,`brand_name` FROM `p39_brand`  [ RunTime:0.0006s ]
INFO: Run Behavior\ParseTemplateBehavior [ RunTime:0.030876s ]
INFO: [ view_parse ] --END-- [ RunTime:0.031074s ]
INFO: [ view_filter ] --START--
INFO: Run Behavior\WriteHtmlCacheBehavior [ RunTime:0.000720s ]
INFO: [ view_filter ] --END-- [ RunTime:0.000905s ]
INFO: [ app_end ] --START--
INFO: Run Behavior\ShowPageTraceBehavior [ RunTime:0.001028s ]
INFO: [ app_end ] --END-- [ RunTime:0.001225s ]

[ 2018-04-05T14:10:05+08:00 ] 127.0.0.1 /index.php/Admin/Goods/edit/id/22.html
INFO: [ app_init ] --START--
INFO: Run Behavior\BuildLiteBehavior [ RunTime:0.000126s ]
INFO: [ app_init ] --END-- [ RunTime:0.001062s ]
INFO: [ app_begin ] --START--
INFO: Run Behavior\ReadHtmlCacheBehavior [ RunTime:0.002725s ]
INFO: [ app_begin ] --END-- [ RunTime:0.002968s ]
SQL: SHOW COLUMNS FROM `p39_goods` [ RunTime:0.0111s ]
SQL: SELECT * FROM `p39_goods` WHERE `id` = 22 LIMIT 1   [ RunTime:0.0007s ]
SQL: SHOW COLUMNS FROM `p39_category` [ RunTime:0.0071s ]
SQL: SELECT * FROM `p39_category`  [ RunTime:0.0006s ]
SQL: SHOW COLUMNS FROM `p39_goods_cat` [ RunTime:0.0071s ]
SQL: SELECT `cat_id` FROM `p39_goods_cat` WHERE `goods_id` = '22'  [ RunTime:0.0003s ]
INFO: [ view_parse ] --START--
INFO: [ template_filter ] --START--
INFO: Run Behavior\ContentReplaceBehavior [ RunTime:0.000223s ]
INFO: [ template_filter ] --END-- [ RunTime:0.000454s ]
SQL: SHOW COLUMNS FROM `p39_brand` [ RunTime:0.0063s ]
SQL: SELECT `id`,`brand_name` FROM `p39_brand`  [ RunTime:0.0005s ]
INFO: Run Behavior\ParseTemplateBehavior [ RunTime:0.033145s ]
INFO: [ view_parse ] --END-- [ RunTime:0.033356s ]
INFO: [ view_filter ] --START--
INFO: Run Behavior\WriteHtmlCacheBehavior [ RunTime:0.001635s ]
INFO: [ view_filter ] --END-- [ RunTime:0.001972s ]
INFO: [ app_end ] --START--
INFO: Run Behavior\ShowPageTraceBehavior [ RunTime:0.001943s ]
INFO: [ app_end ] --END-- [ RunTime:0.002166s ]

[ 2018-04-05T14:10:28+08:00 ] 127.0.0.1 /index.php/Admin/Goods/edit/id/22.html
INFO: [ app_init ] --START--
INFO: Run Behavior\BuildLiteBehavior [ RunTime:0.000059s ]
INFO: [ app_init ] --END-- [ RunTime:0.002058s ]
INFO: [ app_begin ] --START--
INFO: Run Behavior\ReadHtmlCacheBehavior [ RunTime:0.002057s ]
INFO: [ app_begin ] --END-- [ RunTime:0.002328s ]
SQL: SHOW COLUMNS FROM `p39_goods` [ RunTime:0.0068s ]
NOTIC: [8] Undefined index: validate F:\weblx\www\php39ds\ThinkPHP\Library\Think\Model.class.php 第 1185 行.
NOTIC: [8] Undefined index: auto F:\weblx\www\php39ds\ThinkPHP\Library\Think\Model.class.php 第 1128 行.
SQL: SHOW COLUMNS FROM `p39_goods_cat` [ RunTime:0.0071s ]
SQL: DELETE FROM `p39_goods_cat` WHERE `goods_id` = 22 [ RunTime:0.2489s ]
NOTIC: [8] Use of undefined constant ecid - assumed 'ecid' F:\weblx\www\php39ds\Application\Admin\Model\GoodsModel.class.php 第 62 行.
SQL: INSERT INTO `p39_goods_cat` (`cat_id`,`goods_id`) VALUES ('4','22') [ RunTime:0.1268s ]
SQL: INSERT INTO `p39_goods_cat` (`cat_id`,`goods_id`) VALUES ('19','22') [ RunTime:0.0538s ]
SQL: INSERT INTO `p39_goods_cat` (`cat_id`,`goods_id`) VALUES ('6','22') [ RunTime:0.0326s ]
SQL: UPDATE `p39_goods` SET `cat_id`='16',`brand_id`='0',`goods_name`='555555555555',`market_price`='0.00',`shop_price`='0.00',`is_on_sale`='是',`goods_desc`='' WHERE `id` = 22 [ RunTime:0.0730s ]
INFO: [ view_parse ] --START--
INFO: [ template_filter ] --START--
INFO: Run Behavior\ContentReplaceBehavior [ RunTime:0.000230s ]
INFO: [ template_filter ] --END-- [ RunTime:0.000621s ]
INFO: Run Behavior\ParseTemplateBehavior [ RunTime:0.056747s ]
INFO: [ view_parse ] --END-- [ RunTime:0.057074s ]
INFO: [ view_filter ] --START--
INFO: Run Behavior\WriteHtmlCacheBehavior [ RunTime:0.001259s ]
INFO: [ view_filter ] --END-- [ RunTime:0.001473s ]

[ 2018-04-05T14:10:32+08:00 ] 127.0.0.1 /index.php/Admin/Goods/lst.html
INFO: [ app_init ] --START--
INFO: Run Behavior\BuildLiteBehavior [ RunTime:0.000048s ]
INFO: [ app_init ] --END-- [ RunTime:0.001447s ]
INFO: [ app_begin ] --START--
INFO: Run Behavior\ReadHtmlCacheBehavior [ RunTime:0.001370s ]
INFO: [ app_begin ] --END-- [ RunTime:0.001559s ]
SQL: SHOW COLUMNS FROM `p39_goods` [ RunTime:0.0070s ]
SQL: SELECT COUNT(*) AS tp_count FROM p39_goods a LIMIT 1   [ RunTime:0.0003s ]
SQL: SELECT a.*,b.brand_name,c.cat_name,GROUP_CONCAT(e.cat_name SEPARATOR "<br />") ext_cat_name FROM p39_goods a LEFT JOIN p39_brand b ON a.brand_id=b.id         
                LEFT JOIN p39_category c ON a.cat_id=c.id
                LEFT JOIN p39_goods_cat d ON a.id=d.goods_id
                LEFT JOIN p39_category e ON d.cat_id=e.id  GROUP BY a.id ORDER BY a.id desc LIMIT 0,5   [ RunTime:0.0017s ]
SQL: SHOW COLUMNS FROM `p39_category` [ RunTime:0.0062s ]
SQL: SELECT * FROM `p39_category`  [ RunTime:0.0003s ]
INFO: [ view_parse ] --START--
INFO: [ template_filter ] --START--
INFO: Run Behavior\ContentReplaceBehavior [ RunTime:0.000204s ]
INFO: [ template_filter ] --END-- [ RunTime:0.000465s ]
SQL: SHOW COLUMNS FROM `p39_brand` [ RunTime:0.0070s ]
SQL: SELECT `id`,`brand_name` FROM `p39_brand`  [ RunTime:0.0003s ]
INFO: Run Behavior\ParseTemplateBehavior [ RunTime:0.033589s ]
INFO: [ view_parse ] --END-- [ RunTime:0.033785s ]
INFO: [ view_filter ] --START--
INFO: Run Behavior\WriteHtmlCacheBehavior [ RunTime:0.001081s ]
INFO: [ view_filter ] --END-- [ RunTime:0.001261s ]
INFO: [ app_end ] --START--
INFO: Run Behavior\ShowPageTraceBehavior [ RunTime:0.001666s ]
INFO: [ app_end ] --END-- [ RunTime:0.001874s ]

[ 2018-04-05T14:10:57+08:00 ] 127.0.0.1 /index.php/Admin/Goods/edit/id/19.html
INFO: [ app_init ] --START--
INFO: Run Behavior\BuildLiteBehavior [ RunTime:0.000045s ]
INFO: [ app_init ] --END-- [ RunTime:0.000921s ]
INFO: [ app_begin ] --START--
INFO: Run Behavior\ReadHtmlCacheBehavior [ RunTime:0.001408s ]
INFO: [ app_begin ] --END-- [ RunTime:0.001596s ]
SQL: SHOW COLUMNS FROM `p39_goods` [ RunTime:0.0070s ]
SQL: SELECT * FROM `p39_goods` WHERE `id` = 19 LIMIT 1   [ RunTime:0.0005s ]
SQL: SHOW COLUMNS FROM `p39_category` [ RunTime:0.0065s ]
SQL: SELECT * FROM `p39_category`  [ RunTime:0.0004s ]
SQL: SHOW COLUMNS FROM `p39_goods_cat` [ RunTime:0.0066s ]
SQL: SELECT `cat_id` FROM `p39_goods_cat` WHERE `goods_id` = '19'  [ RunTime:0.0010s ]
INFO: [ view_parse ] --START--
INFO: [ template_filter ] --START--
INFO: Run Behavior\ContentReplaceBehavior [ RunTime:0.000226s ]
INFO: [ template_filter ] --END-- [ RunTime:0.000468s ]
SQL: SHOW COLUMNS FROM `p39_brand` [ RunTime:0.0064s ]
SQL: SELECT `id`,`brand_name` FROM `p39_brand`  [ RunTime:0.0004s ]
INFO: Run Behavior\ParseTemplateBehavior [ RunTime:0.031008s ]
INFO: [ view_parse ] --END-- [ RunTime:0.031206s ]
INFO: [ view_filter ] --START--
INFO: Run Behavior\WriteHtmlCacheBehavior [ RunTime:0.001268s ]
INFO: [ view_filter ] --END-- [ RunTime:0.001504s ]
INFO: [ app_end ] --START--
INFO: Run Behavior\ShowPageTraceBehavior [ RunTime:0.001716s ]
INFO: [ app_end ] --END-- [ RunTime:0.001915s ]

[ 2018-04-05T14:11:33+08:00 ] 127.0.0.1 /index.php/Admin/Goods/edit/id/19.html
INFO: [ app_init ] --START--
INFO: Run Behavior\BuildLiteBehavior [ RunTime:0.000044s ]
INFO: [ app_init ] --END-- [ RunTime:0.000954s ]
INFO: [ app_begin ] --START--
INFO: Run Behavior\ReadHtmlCacheBehavior [ RunTime:0.001461s ]
INFO: [ app_begin ] --END-- [ RunTime:0.001666s ]
SQL: SHOW COLUMNS FROM `p39_goods` [ RunTime:0.0074s ]
NOTIC: [8] Undefined index: validate F:\weblx\www\php39ds\ThinkPHP\Library\Think\Model.class.php 第 1185 行.
NOTIC: [8] Undefined index: auto F:\weblx\www\php39ds\ThinkPHP\Library\Think\Model.class.php 第 1128 行.
SQL: SHOW COLUMNS FROM `p39_goods_cat` [ RunTime:0.0063s ]
SQL: DELETE FROM `p39_goods_cat` WHERE `goods_id` = 19 [ RunTime:0.0005s ]
NOTIC: [8] Use of undefined constant ecid - assumed 'ecid' F:\weblx\www\php39ds\Application\Admin\Model\GoodsModel.class.php 第 62 行.
SQL: INSERT INTO `p39_goods_cat` (`cat_id`,`goods_id`) VALUES ('16','19') [ RunTime:0.0611s ]
SQL: INSERT INTO `p39_goods_cat` (`cat_id`,`goods_id`) VALUES ('17','19') [ RunTime:0.1049s ]
SQL: INSERT INTO `p39_goods_cat` (`cat_id`,`goods_id`) VALUES ('20','19') [ RunTime:0.0820s ]
SQL: UPDATE `p39_goods` SET `cat_id`='16',`brand_id`='0',`goods_name`='新的联想商品',`market_price`='0.00',`shop_price`='0.00',`is_on_sale`='是',`goods_desc`='' WHERE `id` = 19 [ RunTime:0.0940s ]
INFO: [ view_parse ] --START--
INFO: [ template_filter ] --START--
INFO: Run Behavior\ContentReplaceBehavior [ RunTime:0.000133s ]
INFO: [ template_filter ] --END-- [ RunTime:0.000536s ]
INFO: Run Behavior\ParseTemplateBehavior [ RunTime:0.016598s ]
INFO: [ view_parse ] --END-- [ RunTime:0.016833s ]
INFO: [ view_filter ] --START--
INFO: Run Behavior\WriteHtmlCacheBehavior [ RunTime:0.001008s ]
INFO: [ view_filter ] --END-- [ RunTime:0.001203s ]

[ 2018-04-05T14:11:36+08:00 ] 127.0.0.1 /index.php/Admin/Goods/lst.html
INFO: [ app_init ] --START--
INFO: Run Behavior\BuildLiteBehavior [ RunTime:0.000043s ]
INFO: [ app_init ] --END-- [ RunTime:0.000910s ]
INFO: [ app_begin ] --START--
INFO: Run Behavior\ReadHtmlCacheBehavior [ RunTime:0.001802s ]
INFO: [ app_begin ] --END-- [ RunTime:0.002014s ]
SQL: SHOW COLUMNS FROM `p39_goods` [ RunTime:0.0082s ]
SQL: SELECT COUNT(*) AS tp_count FROM p39_goods a LIMIT 1   [ RunTime:0.0009s ]
SQL: SELECT a.*,b.brand_name,c.cat_name,GROUP_CONCAT(e.cat_name SEPARATOR "<br />") ext_cat_name FROM p39_goods a LEFT JOIN p39_brand b ON a.brand_id=b.id         
                LEFT JOIN p39_category c ON a.cat_id=c.id
                LEFT JOIN p39_goods_cat d ON a.id=d.goods_id
                LEFT JOIN p39_category e ON d.cat_id=e.id  GROUP BY a.id ORDER BY a.id desc LIMIT 0,5   [ RunTime:0.0019s ]
SQL: SHOW COLUMNS FROM `p39_category` [ RunTime:0.0059s ]
SQL: SELECT * FROM `p39_category`  [ RunTime:0.0004s ]
INFO: [ view_parse ] --START--
INFO: [ template_filter ] --START--
INFO: Run Behavior\ContentReplaceBehavior [ RunTime:0.000209s ]
INFO: [ template_filter ] --END-- [ RunTime:0.000443s ]
SQL: SHOW COLUMNS FROM `p39_brand` [ RunTime:0.0070s ]
SQL: SELECT `id`,`brand_name` FROM `p39_brand`  [ RunTime:0.0003s ]
INFO: Run Behavior\ParseTemplateBehavior [ RunTime:0.034275s ]
INFO: [ view_parse ] --END-- [ RunTime:0.034488s ]
INFO: [ view_filter ] --START--
INFO: Run Behavior\WriteHtmlCacheBehavior [ RunTime:0.001125s ]
INFO: [ view_filter ] --END-- [ RunTime:0.001309s ]
INFO: [ app_end ] --START--
INFO: Run Behavior\ShowPageTraceBehavior [ RunTime:0.003170s ]
INFO: [ app_end ] --END-- [ RunTime:0.003401s ]

